{"contracts\\Banks\\BalancerLiquidityGaugeBank.sol":{"l":{},"path":"C:\\Users\\alok2\\Downloads\\work3\\uniswapv3_attempt2\\defi_orders\\contracts\\Banks\\BalancerLiquidityGaugeBank.sol","s":{},"b":{},"f":{},"fnMap":{},"statementMap":{},"branchMap":{}},"contracts\\Banks\\BankBase.sol":{"l":{"24":27,"28":596,"32":596,"59":37,"60":37,"61":37,"62":37,"71":37,"82":9,"113":24,"136":9,"140":51},"path":"C:\\Users\\alok2\\Downloads\\work3\\uniswapv3_attempt2\\defi_orders\\contracts\\Banks\\BankBase.sol","s":{"1":596,"2":37,"3":9,"4":24,"5":9,"6":51},"b":{"1":[596,0],"2":[596,0],"3":[9,0]},"f":{"1":27,"2":596,"3":37,"4":37,"5":9,"6":21,"7":24,"8":9,"9":51},"fnMap":{"1":{"name":"constructor","line":23,"loc":{"start":{"line":23,"column":4},"end":{"line":25,"column":4}}},"2":{"name":"onlyAuthorized","line":27,"loc":{"start":{"line":27,"column":4},"end":{"line":33,"column":4}}},"3":{"name":"getUnderlyingForFirstDeposit","line":53,"loc":{"start":{"line":53,"column":4},"end":{"line":63,"column":4}}},"4":{"name":"getUnderlyingForRecurringDeposit","line":65,"loc":{"start":{"line":65,"column":4},"end":{"line":72,"column":4}}},"5":{"name":"getRewards","line":76,"loc":{"start":{"line":76,"column":4},"end":{"line":83,"column":4}}},"6":{"name":"getPendingRewardsForUser","line":87,"loc":{"start":{"line":87,"column":4},"end":{"line":92,"column":5}}},"7":{"name":"mintRecurring","line":107,"loc":{"start":{"line":107,"column":4},"end":{"line":114,"column":4}}},"8":{"name":"harvest","line":130,"loc":{"start":{"line":123,"column":4},"end":{"line":137,"column":4}}},"9":{"name":"isUnderlyingERC721","line":139,"loc":{"start":{"line":139,"column":4},"end":{"line":141,"column":4}}}},"statementMap":{"1":{"start":{"line":28,"column":8},"end":{"line":28,"column":848}},"2":{"start":{"line":71,"column":8},"end":{"line":71,"column":52}},"3":{"start":{"line":82,"column":8},"end":{"line":82,"column":27}},"4":{"start":{"line":113,"column":8},"end":{"line":113,"column":74}},"5":{"start":{"line":136,"column":8},"end":{"line":136,"column":47}},"6":{"start":{"line":140,"column":8},"end":{"line":140,"column":20}}},"branchMap":{"1":{"line":28,"type":"if","locations":[{"start":{"line":28,"column":8},"end":{"line":28,"column":8}},{"start":{"line":28,"column":8},"end":{"line":28,"column":8}}]},"2":{"line":29,"type":"cond-expr","locations":[{"start":{"line":29,"column":12},"end":{"line":29,"column":41}},{"start":{"line":29,"column":46},"end":{"line":29,"column":66}}]},"3":{"line":130,"type":"if","locations":[{"start":{"line":130,"column":8},"end":{"line":130,"column":8}},{"start":{"line":130,"column":8},"end":{"line":130,"column":8}}]}}},"contracts\\Banks\\ERC20Bank.sol":{"l":{"24":51,"37":75,"46":18,"55":51,"59":51,"60":0,"62":51,"63":0,"65":51,"66":0,"68":51,"69":0,"71":51,"75":0,"84":21,"85":21,"86":21,"87":21,"88":21,"89":21,"98":12,"99":12,"100":12,"103":12,"104":12,"110":0,"116":12,"117":12,"131":15,"132":15,"133":15,"134":15,"135":15,"137":0,"138":0,"140":15,"141":15,"142":15,"143":15,"144":15,"147":15,"148":15,"154":0,"161":15,"166":15},"path":"C:\\Users\\alok2\\Downloads\\work3\\uniswapv3_attempt2\\defi_orders\\contracts\\Banks\\ERC20Bank.sol","s":{"1":51,"2":75,"3":51,"4":0,"5":51,"6":0,"7":51,"8":0,"9":51,"10":0,"11":51,"12":0,"13":51,"14":0,"15":21,"16":21,"17":12,"18":12,"19":12,"20":12,"21":0,"22":12,"23":15,"24":15,"25":15,"26":15,"27":0,"28":0,"29":15,"30":15,"31":15,"32":0,"33":15},"b":{"1":[0,51],"2":[0,0],"3":[12,0],"4":[12,0],"5":[12,0],"6":[0,0],"7":[15,0],"8":[15,0],"9":[15,0],"10":[15,0],"11":[0,0],"12":[15,0]},"f":{"1":9,"2":51,"3":75,"4":18,"5":51,"6":0,"7":21,"8":12,"9":15},"fnMap":{"1":{"name":"constructor","line":21,"loc":{"start":{"line":21,"column":4},"end":{"line":21,"column":72}}},"2":{"name":"encodeId","line":23,"loc":{"start":{"line":23,"column":4},"end":{"line":25,"column":4}}},"3":{"name":"decodeId","line":27,"loc":{"start":{"line":27,"column":4},"end":{"line":38,"column":4}}},"4":{"name":"getLPToken","line":40,"loc":{"start":{"line":40,"column":4},"end":{"line":47,"column":4}}},"5":{"name":"getIdFromLpToken","line":49,"loc":{"start":{"line":49,"column":4},"end":{"line":72,"column":4}}},"6":{"name":"name","line":74,"loc":{"start":{"line":74,"column":4},"end":{"line":76,"column":4}}},"7":{"name":"getPositionTokens","line":78,"loc":{"start":{"line":78,"column":4},"end":{"line":90,"column":4}}},"8":{"name":"mint","line":97,"loc":{"start":{"line":92,"column":4},"end":{"line":118,"column":4}}},"9":{"name":"burn","line":128,"loc":{"start":{"line":120,"column":4},"end":{"line":167,"column":4}}}},"statementMap":{"1":{"start":{"line":24,"column":8},"end":{"line":24,"column":45}},"2":{"start":{"line":37,"column":8},"end":{"line":37,"column":52}},"3":{"start":{"line":55,"column":8},"end":{"line":55,"column":1444}},"4":{"start":{"line":58,"column":10},"end":{"line":58,"column":42}},"5":{"start":{"line":59,"column":8},"end":{"line":59,"column":1582}},"6":{"start":{"line":60,"column":12},"end":{"line":60,"column":29}},"7":{"start":{"line":62,"column":8},"end":{"line":62,"column":1671}},"8":{"start":{"line":63,"column":12},"end":{"line":63,"column":29}},"9":{"start":{"line":65,"column":8},"end":{"line":65,"column":1767}},"10":{"start":{"line":66,"column":12},"end":{"line":66,"column":29}},"11":{"start":{"line":68,"column":8},"end":{"line":68,"column":1871}},"12":{"start":{"line":69,"column":12},"end":{"line":69,"column":29}},"13":{"start":{"line":71,"column":8},"end":{"line":71,"column":40}},"14":{"start":{"line":75,"column":8},"end":{"line":75,"column":27}},"15":{"start":{"line":84,"column":8},"end":{"line":84,"column":49}},"16":{"start":{"line":85,"column":8},"end":{"line":85,"column":56}},"17":{"start":{"line":98,"column":8},"end":{"line":98,"column":49}},"18":{"start":{"line":100,"column":8},"end":{"line":100,"column":58}},"19":{"start":{"line":103,"column":8},"end":{"line":103,"column":3016}},"20":{"start":{"line":104,"column":12},"end":{"line":104,"column":3072}},"21":{"start":{"line":110,"column":12},"end":{"line":110,"column":3291}},"22":{"start":{"line":117,"column":8},"end":{"line":117,"column":33}},"23":{"start":{"line":131,"column":8},"end":{"line":131,"column":49}},"24":{"start":{"line":132,"column":8},"end":{"line":132,"column":49}},"25":{"start":{"line":134,"column":8},"end":{"line":134,"column":4002}},"26":{"start":{"line":135,"column":12},"end":{"line":135,"column":57}},"27":{"start":{"line":137,"column":12},"end":{"line":137,"column":53}},"28":{"start":{"line":138,"column":12},"end":{"line":138,"column":45}},"29":{"start":{"line":140,"column":8},"end":{"line":140,"column":42}},"30":{"start":{"line":147,"column":8},"end":{"line":147,"column":4458}},"31":{"start":{"line":148,"column":12},"end":{"line":148,"column":4504}},"32":{"start":{"line":154,"column":12},"end":{"line":154,"column":4691}},"33":{"start":{"line":161,"column":8},"end":{"line":161,"column":4869}}},"branchMap":{"1":{"line":55,"type":"if","locations":[{"start":{"line":55,"column":8},"end":{"line":55,"column":8}},{"start":{"line":55,"column":8},"end":{"line":55,"column":8}}]},"2":{"line":56,"type":"cond-expr","locations":[{"start":{"line":56,"column":12},"end":{"line":56,"column":32}},{"start":{"line":57,"column":12},"end":{"line":57,"column":72}}]},"3":{"line":97,"type":"if","locations":[{"start":{"line":97,"column":22},"end":{"line":97,"column":22}},{"start":{"line":97,"column":22},"end":{"line":97,"column":22}}]},"4":{"line":103,"type":"if","locations":[{"start":{"line":103,"column":8},"end":{"line":103,"column":8}},{"start":{"line":103,"column":8},"end":{"line":103,"column":8}}]},"5":{"line":104,"type":"if","locations":[{"start":{"line":104,"column":12},"end":{"line":104,"column":12}},{"start":{"line":104,"column":12},"end":{"line":104,"column":12}}]},"6":{"line":110,"type":"if","locations":[{"start":{"line":110,"column":12},"end":{"line":110,"column":12}},{"start":{"line":110,"column":12},"end":{"line":110,"column":12}}]},"7":{"line":128,"type":"if","locations":[{"start":{"line":128,"column":8},"end":{"line":128,"column":8}},{"start":{"line":128,"column":8},"end":{"line":128,"column":8}}]},"8":{"line":134,"type":"if","locations":[{"start":{"line":134,"column":8},"end":{"line":134,"column":8}},{"start":{"line":134,"column":8},"end":{"line":134,"column":8}}]},"9":{"line":147,"type":"if","locations":[{"start":{"line":147,"column":8},"end":{"line":147,"column":8}},{"start":{"line":147,"column":8},"end":{"line":147,"column":8}}]},"10":{"line":148,"type":"if","locations":[{"start":{"line":148,"column":12},"end":{"line":148,"column":12}},{"start":{"line":148,"column":12},"end":{"line":148,"column":12}}]},"11":{"line":154,"type":"if","locations":[{"start":{"line":154,"column":12},"end":{"line":154,"column":12}},{"start":{"line":154,"column":12},"end":{"line":154,"column":12}}]},"12":{"line":161,"type":"if","locations":[{"start":{"line":161,"column":8},"end":{"line":161,"column":8}},{"start":{"line":161,"column":8},"end":{"line":161,"column":8}}]}}},"contracts\\Banks\\ERC721Bank.sol":{"l":{"27":0,"34":0,"42":0,"43":0,"44":0,"47":0,"60":0,"61":0,"62":0,"74":0,"83":51,"84":0,"85":0,"88":51,"92":0,"101":0,"104":0,"105":0,"114":0,"118":0,"119":0,"121":0,"130":0,"131":0,"132":0,"146":0,"150":0,"151":0,"152":0,"161":0,"166":0,"169":0,"185":0,"189":0,"190":0,"191":0,"199":0,"202":0,"203":0,"207":0,"216":0,"217":0,"218":0,"219":0,"220":0,"229":0,"230":0,"231":0,"241":0,"250":0,"251":0,"252":0,"261":0,"262":0,"263":0,"267":0},"path":"C:\\Users\\alok2\\Downloads\\work3\\uniswapv3_attempt2\\defi_orders\\contracts\\Banks\\ERC721Bank.sol","s":{"1":0,"2":0,"3":0,"4":0,"5":0,"6":51,"7":0,"8":0,"9":51,"10":0,"11":0,"12":0,"13":0,"14":0,"15":0,"16":0,"17":0,"18":0,"19":0,"20":0,"21":0,"22":0,"23":0,"24":0,"25":0,"26":0,"27":0,"28":0,"29":0,"30":0,"31":0,"32":0,"33":0,"34":0,"35":0,"36":0,"37":0,"38":0,"39":0,"40":0},"b":{"1":[0,0],"2":[0,0],"3":[0,0],"4":[0,0],"5":[0,0],"6":[0,0],"7":[0,0],"8":[0,0],"9":[0,0],"10":[0,0],"11":[0,0]},"f":{"1":9,"2":0,"3":0,"4":0,"5":0,"6":0,"7":51,"8":0,"9":0,"10":0,"11":0,"12":0,"13":0,"14":0,"15":0,"16":0,"17":0,"18":0},"fnMap":{"1":{"name":"constructor","line":24,"loc":{"start":{"line":24,"column":4},"end":{"line":24,"column":72}}},"2":{"name":"addManager","line":26,"loc":{"start":{"line":26,"column":4},"end":{"line":28,"column":4}}},"3":{"name":"setWrapper","line":32,"loc":{"start":{"line":30,"column":4},"end":{"line":35,"column":4}}},"4":{"name":"encodeId","line":37,"loc":{"start":{"line":37,"column":4},"end":{"line":48,"column":4}}},"5":{"name":"decodeId","line":50,"loc":{"start":{"line":50,"column":4},"end":{"line":66,"column":4}}},"6":{"name":"getLPToken","line":68,"loc":{"start":{"line":68,"column":4},"end":{"line":75,"column":4}}},"7":{"name":"getIdFromLpToken","line":77,"loc":{"start":{"line":77,"column":4},"end":{"line":89,"column":4}}},"8":{"name":"name","line":91,"loc":{"start":{"line":91,"column":4},"end":{"line":93,"column":4}}},"9":{"name":"mint","line":100,"loc":{"start":{"line":95,"column":4},"end":{"line":106,"column":4}}},"10":{"name":"mintRecurring","line":113,"loc":{"start":{"line":108,"column":4},"end":{"line":133,"column":4}}},"11":{"name":"burn","line":143,"loc":{"start":{"line":135,"column":4},"end":{"line":170,"column":4}}},"12":{"name":"harvest","line":179,"loc":{"start":{"line":172,"column":4},"end":{"line":208,"column":4}}},"13":{"name":"getUnderlyingForFirstDeposit","line":210,"loc":{"start":{"line":210,"column":4},"end":{"line":221,"column":4}}},"14":{"name":"getUnderlyingForRecurringDeposit","line":223,"loc":{"start":{"line":223,"column":4},"end":{"line":233,"column":4}}},"15":{"name":"getRewards","line":235,"loc":{"start":{"line":235,"column":4},"end":{"line":242,"column":4}}},"16":{"name":"getPendingRewardsForUser","line":244,"loc":{"start":{"line":244,"column":4},"end":{"line":253,"column":4}}},"17":{"name":"getPositionTokens","line":255,"loc":{"start":{"line":255,"column":4},"end":{"line":264,"column":4}}},"18":{"name":"isUnderlyingERC721","line":266,"loc":{"start":{"line":266,"column":4},"end":{"line":268,"column":4}}}},"statementMap":{"1":{"start":{"line":27,"column":8},"end":{"line":27,"column":35}},"2":{"start":{"line":42,"column":8},"end":{"line":42,"column":1131}},"3":{"start":{"line":43,"column":12},"end":{"line":43,"column":1199}},"4":{"start":{"line":44,"column":16},"end":{"line":44,"column":47}},"5":{"start":{"line":47,"column":8},"end":{"line":47,"column":42}},"6":{"start":{"line":83,"column":8},"end":{"line":83,"column":2167}},"7":{"start":{"line":84,"column":12},"end":{"line":84,"column":2235}},"8":{"start":{"line":85,"column":16},"end":{"line":85,"column":54}},"9":{"start":{"line":88,"column":8},"end":{"line":88,"column":25}},"10":{"start":{"line":92,"column":8},"end":{"line":92,"column":28}},"11":{"start":{"line":101,"column":8},"end":{"line":101,"column":2750}},"12":{"start":{"line":105,"column":8},"end":{"line":105,"column":21}},"13":{"start":{"line":114,"column":8},"end":{"line":114,"column":3193}},"14":{"start":{"line":118,"column":8},"end":{"line":118,"column":59}},"15":{"start":{"line":119,"column":8},"end":{"line":119,"column":49}},"16":{"start":{"line":121,"column":8},"end":{"line":121,"column":3409}},"17":{"start":{"line":130,"column":8},"end":{"line":130,"column":58}},"18":{"start":{"line":132,"column":8},"end":{"line":132,"column":21}},"19":{"start":{"line":146,"column":8},"end":{"line":146,"column":4120}},"20":{"start":{"line":150,"column":8},"end":{"line":150,"column":59}},"21":{"start":{"line":151,"column":8},"end":{"line":151,"column":49}},"22":{"start":{"line":152,"column":8},"end":{"line":152,"column":4334}},"23":{"start":{"line":166,"column":8},"end":{"line":166,"column":4829}},"24":{"start":{"line":185,"column":8},"end":{"line":185,"column":5302}},"25":{"start":{"line":189,"column":8},"end":{"line":189,"column":59}},"26":{"start":{"line":190,"column":8},"end":{"line":190,"column":49}},"27":{"start":{"line":191,"column":8},"end":{"line":191,"column":5516}},"28":{"start":{"line":199,"column":8},"end":{"line":199,"column":5782}},"29":{"start":{"line":207,"column":8},"end":{"line":207,"column":47}},"30":{"start":{"line":216,"column":8},"end":{"line":216,"column":49}},"31":{"start":{"line":229,"column":8},"end":{"line":229,"column":63}},"32":{"start":{"line":230,"column":8},"end":{"line":230,"column":72}},"33":{"start":{"line":231,"column":8},"end":{"line":231,"column":48}},"34":{"start":{"line":250,"column":8},"end":{"line":250,"column":63}},"35":{"start":{"line":251,"column":8},"end":{"line":251,"column":72}},"36":{"start":{"line":252,"column":8},"end":{"line":252,"column":61}},"37":{"start":{"line":261,"column":8},"end":{"line":261,"column":63}},"38":{"start":{"line":262,"column":8},"end":{"line":262,"column":72}},"39":{"start":{"line":263,"column":8},"end":{"line":263,"column":61}},"40":{"start":{"line":267,"column":8},"end":{"line":267,"column":19}}},"branchMap":{"1":{"line":26,"type":"if","locations":[{"start":{"line":26,"column":53},"end":{"line":26,"column":53}},{"start":{"line":26,"column":53},"end":{"line":26,"column":53}}]},"2":{"line":32,"type":"if","locations":[{"start":{"line":32,"column":8},"end":{"line":32,"column":8}},{"start":{"line":32,"column":8},"end":{"line":32,"column":8}}]},"3":{"line":43,"type":"if","locations":[{"start":{"line":43,"column":12},"end":{"line":43,"column":12}},{"start":{"line":43,"column":12},"end":{"line":43,"column":12}}]},"4":{"line":84,"type":"if","locations":[{"start":{"line":84,"column":12},"end":{"line":84,"column":12}},{"start":{"line":84,"column":12},"end":{"line":84,"column":12}}]},"5":{"line":100,"type":"if","locations":[{"start":{"line":100,"column":22},"end":{"line":100,"column":22}},{"start":{"line":100,"column":22},"end":{"line":100,"column":22}}]},"6":{"line":113,"type":"if","locations":[{"start":{"line":113,"column":24},"end":{"line":113,"column":24}},{"start":{"line":113,"column":24},"end":{"line":113,"column":24}}]},"7":{"line":114,"type":"if","locations":[{"start":{"line":114,"column":8},"end":{"line":114,"column":8}},{"start":{"line":114,"column":8},"end":{"line":114,"column":8}}]},"8":{"line":143,"type":"if","locations":[{"start":{"line":143,"column":8},"end":{"line":143,"column":8}},{"start":{"line":143,"column":8},"end":{"line":143,"column":8}}]},"9":{"line":146,"type":"if","locations":[{"start":{"line":146,"column":8},"end":{"line":146,"column":8}},{"start":{"line":146,"column":8},"end":{"line":146,"column":8}}]},"10":{"line":179,"type":"if","locations":[{"start":{"line":179,"column":8},"end":{"line":179,"column":8}},{"start":{"line":179,"column":8},"end":{"line":179,"column":8}}]},"11":{"line":185,"type":"if","locations":[{"start":{"line":185,"column":8},"end":{"line":185,"column":8}},{"start":{"line":185,"column":8},"end":{"line":185,"column":8}}]}}},"contracts\\Banks\\ERC721Wrappers.sol":{"l":{"86":0,"87":0,"88":0,"89":0,"90":0,"93":0,"94":0,"95":0,"96":0,"98":0,"107":0,"121":0,"122":0,"127":0,"136":0,"137":0,"141":0,"142":0,"147":0,"161":0,"162":0,"163":0,"164":0,"165":0,"167":0,"168":0,"170":0,"179":0,"182":0,"184":0,"185":0,"186":0,"188":0,"189":0,"191":0,"204":0,"218":0,"227":0,"233":0,"240":0,"241":0,"242":0,"243":0,"244":0,"245":0,"246":0,"247":0,"248":0,"260":0,"274":0,"281":0,"284":0,"285":0,"286":0,"287":0,"288":0,"289":0,"298":0,"312":0,"315":0,"318":0,"319":0,"320":0,"321":0,"322":0,"323":0,"324":0,"331":0,"338":0,"339":0,"340":0,"341":0,"346":0,"350":0,"351":0,"361":0,"362":0,"376":0,"377":0,"378":0,"379":0,"380":0,"381":0,"390":0,"404":0,"408":0,"409":0,"416":0,"417":0,"418":0,"419":0,"420":0,"421":0,"430":0,"431":0,"432":0,"433":0,"434":0,"435":0,"443":0,"444":0,"445":0,"446":0,"447":0,"448":0,"449":0,"450":0,"451":0,"452":0,"466":0,"472":0,"474":0,"477":0,"488":0,"506":0,"519":0,"520":0,"521":0,"522":0,"523":0,"524":0,"525":0,"527":0,"528":0,"529":0,"532":0,"534":0,"535":0,"536":0,"538":0,"542":0,"543":0,"544":0,"546":0,"549":0,"552":0},"path":"C:\\Users\\alok2\\Downloads\\work3\\uniswapv3_attempt2\\defi_orders\\contracts\\Banks\\ERC721Wrappers.sol","s":{"1":0,"2":0,"3":0,"4":0,"5":0,"6":0,"7":0,"8":0,"9":0,"10":0,"11":0,"12":0,"13":0,"14":0,"15":0,"16":0,"17":0,"18":0,"19":0,"20":0,"21":0,"22":0,"23":0,"24":0,"25":0,"26":0,"27":0,"28":0,"29":0,"30":0,"31":0,"32":0,"33":0,"34":0,"35":0,"36":0,"37":0,"38":0,"39":0,"40":0,"41":0,"42":0,"43":0,"44":0,"45":0,"46":0,"47":0,"48":0,"49":0,"50":0,"51":0,"52":0,"53":0,"54":0,"55":0,"56":0,"57":0,"58":0,"59":0,"60":0,"61":0,"62":0,"63":0,"64":0,"65":0,"66":0,"67":0,"68":0,"69":0,"70":0,"71":0,"72":0,"73":0,"74":0,"75":0,"76":0,"77":0,"78":0,"79":0},"b":{"1":[0,0],"2":[0,0],"3":[0,0],"4":[0,0],"5":[0,0],"6":[0,0],"7":[0,0]},"f":{"1":0,"2":0,"3":0,"4":0,"5":0,"6":0,"7":0,"8":0,"9":0,"10":0,"11":0,"12":0},"fnMap":{"1":{"name":"isSupported","line":80,"loc":{"start":{"line":80,"column":4},"end":{"line":99,"column":4}}},"2":{"name":"getPoolAddress","line":101,"loc":{"start":{"line":101,"column":4},"end":{"line":128,"column":4}}},"3":{"name":"deposit","line":130,"loc":{"start":{"line":130,"column":4},"end":{"line":192,"column":4}}},"4":{"name":"withdraw","line":194,"loc":{"start":{"line":194,"column":4},"end":{"line":249,"column":4}}},"5":{"name":"harvest","line":251,"loc":{"start":{"line":251,"column":4},"end":{"line":290,"column":4}}},"6":{"name":"getRatio","line":292,"loc":{"start":{"line":292,"column":4},"end":{"line":353,"column":4}}},"7":{"name":"getRewardsForPosition","line":355,"loc":{"start":{"line":355,"column":4},"end":{"line":382,"column":4}}},"8":{"name":"getPositionUnderlying","line":384,"loc":{"start":{"line":384,"column":4},"end":{"line":422,"column":4}}},"9":{"name":"getERC20Base","line":424,"loc":{"start":{"line":424,"column":4},"end":{"line":436,"column":4}}},"10":{"name":"getPendingFees","line":438,"loc":{"start":{"line":438,"column":4},"end":{"line":499,"column":4}}},"11":{"name":"_getPositionID","line":501,"loc":{"start":{"line":501,"column":4},"end":{"line":507,"column":4}}},"12":{"name":"_computeFeesEarned","line":510,"loc":{"start":{"line":510,"column":4},"end":{"line":556,"column":4}}}},"statementMap":{"1":{"start":{"line":86,"column":8},"end":{"line":86,"column":57}},"2":{"start":{"line":87,"column":8},"end":{"line":87,"column":38}},"3":{"start":{"line":88,"column":8},"end":{"line":88,"column":38}},"4":{"start":{"line":89,"column":8},"end":{"line":89,"column":31}},"5":{"start":{"line":90,"column":8},"end":{"line":90,"column":2551}},"6":{"start":{"line":93,"column":8},"end":{"line":93,"column":72}},"7":{"start":{"line":94,"column":8},"end":{"line":94,"column":74}},"8":{"start":{"line":95,"column":8},"end":{"line":95,"column":2818}},"9":{"start":{"line":96,"column":12},"end":{"line":96,"column":23}},"10":{"start":{"line":98,"column":8},"end":{"line":98,"column":20}},"11":{"start":{"line":107,"column":8},"end":{"line":107,"column":3134}},"12":{"start":{"line":121,"column":8},"end":{"line":121,"column":72}},"13":{"start":{"line":122,"column":8},"end":{"line":122,"column":3437}},"14":{"start":{"line":127,"column":8},"end":{"line":127,"column":26}},"15":{"start":{"line":136,"column":8},"end":{"line":136,"column":3811}},"16":{"start":{"line":137,"column":12},"end":{"line":137,"column":3883}},"17":{"start":{"line":141,"column":12},"end":{"line":141,"column":78}},"18":{"start":{"line":142,"column":12},"end":{"line":142,"column":4107}},"19":{"start":{"line":147,"column":8},"end":{"line":147,"column":4304}},"20":{"start":{"line":161,"column":8},"end":{"line":161,"column":23}},"21":{"start":{"line":162,"column":8},"end":{"line":162,"column":23}},"22":{"start":{"line":163,"column":8},"end":{"line":163,"column":4573}},"23":{"start":{"line":170,"column":8},"end":{"line":170,"column":4854}},"24":{"start":{"line":179,"column":8},"end":{"line":179,"column":5181}},"25":{"start":{"line":182,"column":8},"end":{"line":182,"column":72}},"26":{"start":{"line":184,"column":8},"end":{"line":184,"column":5399}},"27":{"start":{"line":185,"column":12},"end":{"line":185,"column":70}},"28":{"start":{"line":186,"column":12},"end":{"line":186,"column":70}},"29":{"start":{"line":188,"column":12},"end":{"line":188,"column":70}},"30":{"start":{"line":189,"column":12},"end":{"line":189,"column":70}},"31":{"start":{"line":191,"column":8},"end":{"line":191,"column":21}},"32":{"start":{"line":204,"column":8},"end":{"line":204,"column":6135}},"33":{"start":{"line":218,"column":8},"end":{"line":218,"column":6361}},"34":{"start":{"line":227,"column":8},"end":{"line":227,"column":6694}},"35":{"start":{"line":233,"column":8},"end":{"line":233,"column":6891}},"36":{"start":{"line":240,"column":8},"end":{"line":240,"column":59}},"37":{"start":{"line":241,"column":8},"end":{"line":241,"column":58}},"38":{"start":{"line":242,"column":8},"end":{"line":242,"column":58}},"39":{"start":{"line":260,"column":8},"end":{"line":260,"column":7835}},"40":{"start":{"line":274,"column":8},"end":{"line":274,"column":8057}},"41":{"start":{"line":281,"column":8},"end":{"line":281,"column":8313}},"42":{"start":{"line":298,"column":8},"end":{"line":298,"column":8887}},"43":{"start":{"line":312,"column":8},"end":{"line":312,"column":9137}},"44":{"start":{"line":315,"column":8},"end":{"line":315,"column":9265}},"45":{"start":{"line":318,"column":8},"end":{"line":318,"column":57}},"46":{"start":{"line":324,"column":12},"end":{"line":324,"column":9583}},"47":{"start":{"line":331,"column":12},"end":{"line":331,"column":9859}},"48":{"start":{"line":338,"column":12},"end":{"line":338,"column":25}},"49":{"start":{"line":339,"column":12},"end":{"line":339,"column":36}},"50":{"start":{"line":340,"column":12},"end":{"line":340,"column":10230}},"51":{"start":{"line":361,"column":8},"end":{"line":361,"column":71}},"52":{"start":{"line":362,"column":8},"end":{"line":362,"column":11070}},"53":{"start":{"line":390,"column":8},"end":{"line":390,"column":11741}},"54":{"start":{"line":404,"column":8},"end":{"line":404,"column":12016}},"55":{"start":{"line":408,"column":8},"end":{"line":408,"column":57}},"56":{"start":{"line":409,"column":8},"end":{"line":409,"column":12265}},"57":{"start":{"line":430,"column":8},"end":{"line":430,"column":57}},"58":{"start":{"line":431,"column":8},"end":{"line":431,"column":38}},"59":{"start":{"line":432,"column":8},"end":{"line":432,"column":38}},"60":{"start":{"line":443,"column":8},"end":{"line":443,"column":23}},"61":{"start":{"line":444,"column":8},"end":{"line":444,"column":23}},"62":{"start":{"line":445,"column":8},"end":{"line":445,"column":40}},"63":{"start":{"line":446,"column":8},"end":{"line":446,"column":40}},"64":{"start":{"line":447,"column":8},"end":{"line":447,"column":27}},"65":{"start":{"line":449,"column":12},"end":{"line":449,"column":26}},"66":{"start":{"line":450,"column":12},"end":{"line":450,"column":26}},"67":{"start":{"line":451,"column":12},"end":{"line":451,"column":22}},"68":{"start":{"line":472,"column":8},"end":{"line":472,"column":50}},"69":{"start":{"line":474,"column":8},"end":{"line":474,"column":14320}},"70":{"start":{"line":506,"column":8},"end":{"line":506,"column":74}},"71":{"start":{"line":519,"column":8},"end":{"line":519,"column":37}},"72":{"start":{"line":520,"column":8},"end":{"line":520,"column":37}},"73":{"start":{"line":521,"column":8},"end":{"line":521,"column":31}},"74":{"start":{"line":522,"column":8},"end":{"line":522,"column":15769}},"75":{"start":{"line":534,"column":12},"end":{"line":534,"column":34}},"76":{"start":{"line":535,"column":12},"end":{"line":535,"column":16367}},"77":{"start":{"line":542,"column":12},"end":{"line":542,"column":34}},"78":{"start":{"line":543,"column":12},"end":{"line":543,"column":16658}},"79":{"start":{"line":549,"column":12},"end":{"line":549,"column":16886}}},"branchMap":{"1":{"line":95,"type":"if","locations":[{"start":{"line":95,"column":8},"end":{"line":95,"column":8}},{"start":{"line":95,"column":8},"end":{"line":95,"column":8}}]},"2":{"line":163,"type":"if","locations":[{"start":{"line":163,"column":8},"end":{"line":163,"column":8}},{"start":{"line":163,"column":8},"end":{"line":163,"column":8}}]},"3":{"line":184,"type":"if","locations":[{"start":{"line":184,"column":8},"end":{"line":184,"column":8}},{"start":{"line":184,"column":8},"end":{"line":184,"column":8}}]},"4":{"line":340,"type":"if","locations":[{"start":{"line":340,"column":12},"end":{"line":340,"column":12}},{"start":{"line":340,"column":12},"end":{"line":340,"column":12}}]},"5":{"line":522,"type":"if","locations":[{"start":{"line":522,"column":8},"end":{"line":522,"column":8}},{"start":{"line":522,"column":8},"end":{"line":522,"column":8}}]},"6":{"line":535,"type":"if","locations":[{"start":{"line":535,"column":12},"end":{"line":535,"column":12}},{"start":{"line":535,"column":12},"end":{"line":535,"column":12}}]},"7":{"line":543,"type":"if","locations":[{"start":{"line":543,"column":12},"end":{"line":543,"column":12}},{"start":{"line":543,"column":12},"end":{"line":543,"column":12}}]}}},"contracts\\Banks\\MasterChefBank.sol":{"l":{"38":42,"45":6,"46":6,"47":3,"48":0,"51":6,"52":6,"65":889,"66":889,"67":889,"78":70,"82":0,"91":51,"92":78,"95":78,"96":78,"97":42,"100":9,"109":42,"110":42,"113":42,"122":133,"123":133,"124":133,"125":133,"126":133,"129":133,"130":133,"131":119,"132":119,"133":119,"136":119,"139":119,"142":119,"153":49,"154":49,"155":49,"156":49,"157":49,"158":49,"166":266,"167":266,"168":266,"171":266,"177":280,"178":280,"179":280,"180":280,"181":266,"184":266,"185":266,"186":266,"188":266,"189":266,"190":266,"193":266,"205":63,"206":63,"221":21,"222":21,"238":63,"239":63,"240":63,"241":63,"242":63,"243":63,"244":63,"245":63,"246":63,"249":63,"250":63,"251":63,"256":63,"257":63,"258":63,"272":21,"273":21,"274":21,"275":21,"278":21,"279":21,"280":21,"284":21,"285":21,"286":21,"287":21,"288":21,"289":21,"290":21,"291":21,"292":21,"293":21,"309":196,"310":196,"311":196,"312":196,"315":196,"316":196,"317":196,"318":196,"319":196,"323":196,"326":196,"327":196,"328":196,"330":196,"331":196,"333":196},"path":"C:\\Users\\alok2\\Downloads\\work3\\uniswapv3_attempt2\\defi_orders\\contracts\\Banks\\MasterChefBank.sol","s":{"1":42,"2":6,"3":3,"4":0,"5":6,"6":6,"7":0,"8":51,"9":78,"10":78,"11":78,"12":42,"13":9,"14":42,"15":42,"16":42,"17":133,"18":133,"19":133,"20":133,"21":133,"22":119,"23":119,"24":119,"25":119,"26":119,"27":49,"28":49,"29":266,"30":266,"31":266,"32":266,"33":280,"34":280,"35":280,"36":280,"37":266,"38":266,"39":266,"40":266,"41":266,"42":63,"43":63,"44":21,"45":21,"46":63,"47":63,"48":63,"49":63,"50":63,"51":63,"52":63,"53":63,"54":63,"55":63,"56":63,"57":63,"58":21,"59":21,"60":21,"61":21,"62":21,"63":21,"64":21,"65":21,"66":21,"67":21,"68":196,"69":196,"70":196,"71":196,"72":196,"73":196,"74":196,"75":196,"76":196,"77":196,"78":196},"b":{"1":[6,0],"2":[0,3],"3":[42,36],"4":[119,14],"5":[280,0],"6":[266,14],"7":[63,0],"8":[63,0],"9":[21,0],"10":[196,0],"11":[196,0]},"f":{"1":9,"2":42,"3":6,"4":889,"5":70,"6":0,"7":51,"8":42,"9":133,"10":49,"11":266,"12":280,"13":63,"14":21,"15":63,"16":21,"17":196},"fnMap":{"1":{"name":"constructor","line":31,"loc":{"start":{"line":31,"column":4},"end":{"line":31,"column":72}}},"2":{"name":"encodeId","line":33,"loc":{"start":{"line":33,"column":4},"end":{"line":39,"column":4}}},"3":{"name":"setMasterChefWrapper","line":43,"loc":{"start":{"line":41,"column":4},"end":{"line":53,"column":4}}},"4":{"name":"decodeId","line":55,"loc":{"start":{"line":55,"column":4},"end":{"line":70,"column":4}}},"5":{"name":"getLPToken","line":72,"loc":{"start":{"line":72,"column":4},"end":{"line":79,"column":4}}},"6":{"name":"name","line":81,"loc":{"start":{"line":81,"column":4},"end":{"line":83,"column":4}}},"7":{"name":"getIdFromLpToken","line":85,"loc":{"start":{"line":85,"column":4},"end":{"line":101,"column":4}}},"8":{"name":"getRewards","line":103,"loc":{"start":{"line":103,"column":4},"end":{"line":114,"column":4}}},"9":{"name":"getPendingRewardsForUser","line":116,"loc":{"start":{"line":116,"column":4},"end":{"line":145,"column":4}}},"10":{"name":"getPositionTokens","line":147,"loc":{"start":{"line":147,"column":4},"end":{"line":159,"column":4}}},"11":{"name":"_harvest","line":161,"loc":{"start":{"line":161,"column":4},"end":{"line":174,"column":4}}},"12":{"name":"updateToken","line":176,"loc":{"start":{"line":176,"column":4},"end":{"line":198,"column":4}}},"13":{"name":"_deposit","line":200,"loc":{"start":{"line":200,"column":4},"end":{"line":214,"column":4}}},"14":{"name":"_withdraw","line":216,"loc":{"start":{"line":216,"column":4},"end":{"line":230,"column":4}}},"15":{"name":"mint","line":237,"loc":{"start":{"line":232,"column":4},"end":{"line":259,"column":4}}},"16":{"name":"burn","line":269,"loc":{"start":{"line":261,"column":4},"end":{"line":294,"column":4}}},"17":{"name":"harvest","line":303,"loc":{"start":{"line":296,"column":4},"end":{"line":334,"column":4}}}},"statementMap":{"1":{"start":{"line":38,"column":8},"end":{"line":38,"column":49}},"2":{"start":{"line":46,"column":8},"end":{"line":46,"column":1521}},"3":{"start":{"line":47,"column":12},"end":{"line":47,"column":1598}},"4":{"start":{"line":48,"column":16},"end":{"line":48,"column":22}},"5":{"start":{"line":51,"column":8},"end":{"line":51,"column":44}},"6":{"start":{"line":52,"column":8},"end":{"line":52,"column":54}},"7":{"start":{"line":82,"column":8},"end":{"line":82,"column":32}},"8":{"start":{"line":91,"column":8},"end":{"line":91,"column":2671}},"9":{"start":{"line":92,"column":12},"end":{"line":92,"column":2749}},"10":{"start":{"line":95,"column":12},"end":{"line":95,"column":74}},"11":{"start":{"line":96,"column":12},"end":{"line":96,"column":2964}},"12":{"start":{"line":97,"column":16},"end":{"line":97,"column":68}},"13":{"start":{"line":100,"column":8},"end":{"line":100,"column":25}},"14":{"start":{"line":109,"column":8},"end":{"line":109,"column":63}},"15":{"start":{"line":110,"column":8},"end":{"line":110,"column":3320}},"16":{"start":{"line":113,"column":8},"end":{"line":113,"column":38}},"17":{"start":{"line":122,"column":8},"end":{"line":122,"column":49}},"18":{"start":{"line":123,"column":8},"end":{"line":123,"column":40}},"19":{"start":{"line":124,"column":8},"end":{"line":124,"column":63}},"20":{"start":{"line":125,"column":8},"end":{"line":125,"column":47}},"21":{"start":{"line":130,"column":8},"end":{"line":130,"column":4085}},"22":{"start":{"line":131,"column":12},"end":{"line":131,"column":4122}},"23":{"start":{"line":132,"column":16},"end":{"line":132,"column":43}},"24":{"start":{"line":133,"column":16},"end":{"line":133,"column":4290}},"25":{"start":{"line":136,"column":16},"end":{"line":136,"column":4420}},"26":{"start":{"line":139,"column":16},"end":{"line":139,"column":4570}},"27":{"start":{"line":153,"column":8},"end":{"line":153,"column":49}},"28":{"start":{"line":154,"column":8},"end":{"line":154,"column":56}},"29":{"start":{"line":166,"column":8},"end":{"line":166,"column":46}},"30":{"start":{"line":167,"column":8},"end":{"line":167,"column":73}},"31":{"start":{"line":168,"column":8},"end":{"line":168,"column":5492}},"32":{"start":{"line":171,"column":8},"end":{"line":171,"column":5605}},"33":{"start":{"line":177,"column":8},"end":{"line":177,"column":78}},"34":{"start":{"line":178,"column":8},"end":{"line":178,"column":49}},"35":{"start":{"line":179,"column":8},"end":{"line":179,"column":40}},"36":{"start":{"line":180,"column":8},"end":{"line":180,"column":6006}},"37":{"start":{"line":181,"column":12},"end":{"line":181,"column":6060}},"38":{"start":{"line":184,"column":12},"end":{"line":184,"column":74}},"39":{"start":{"line":185,"column":12},"end":{"line":185,"column":6260}},"40":{"start":{"line":188,"column":12},"end":{"line":188,"column":45}},"41":{"start":{"line":189,"column":12},"end":{"line":189,"column":6465}},"42":{"start":{"line":205,"column":8},"end":{"line":205,"column":66}},"43":{"start":{"line":206,"column":8},"end":{"line":206,"column":7028}},"44":{"start":{"line":221,"column":8},"end":{"line":221,"column":66}},"45":{"start":{"line":222,"column":8},"end":{"line":222,"column":7466}},"46":{"start":{"line":238,"column":8},"end":{"line":238,"column":27}},"47":{"start":{"line":239,"column":8},"end":{"line":239,"column":78}},"48":{"start":{"line":240,"column":8},"end":{"line":240,"column":49}},"49":{"start":{"line":241,"column":8},"end":{"line":241,"column":62}},"50":{"start":{"line":242,"column":8},"end":{"line":242,"column":52}},"51":{"start":{"line":243,"column":8},"end":{"line":243,"column":49}},"52":{"start":{"line":246,"column":8},"end":{"line":246,"column":8399}},"53":{"start":{"line":249,"column":8},"end":{"line":249,"column":8510}},"54":{"start":{"line":250,"column":12},"end":{"line":250,"column":39}},"55":{"start":{"line":256,"column":8},"end":{"line":256,"column":58}},"56":{"start":{"line":257,"column":8},"end":{"line":257,"column":59}},"57":{"start":{"line":258,"column":8},"end":{"line":258,"column":33}},"58":{"start":{"line":272,"column":8},"end":{"line":272,"column":27}},"59":{"start":{"line":273,"column":8},"end":{"line":273,"column":78}},"60":{"start":{"line":274,"column":8},"end":{"line":274,"column":49}},"61":{"start":{"line":275,"column":8},"end":{"line":275,"column":9436}},"62":{"start":{"line":278,"column":8},"end":{"line":278,"column":9547}},"63":{"start":{"line":279,"column":12},"end":{"line":279,"column":39}},"64":{"start":{"line":286,"column":8},"end":{"line":286,"column":41}},"65":{"start":{"line":287,"column":8},"end":{"line":287,"column":53}},"66":{"start":{"line":288,"column":8},"end":{"line":288,"column":42}},"67":{"start":{"line":289,"column":8},"end":{"line":289,"column":57}},"68":{"start":{"line":309,"column":8},"end":{"line":309,"column":27}},"69":{"start":{"line":310,"column":8},"end":{"line":310,"column":49}},"70":{"start":{"line":311,"column":8},"end":{"line":311,"column":63}},"71":{"start":{"line":312,"column":8},"end":{"line":312,"column":10727}},"72":{"start":{"line":317,"column":8},"end":{"line":317,"column":10952}},"73":{"start":{"line":318,"column":12},"end":{"line":318,"column":39}},"74":{"start":{"line":319,"column":12},"end":{"line":319,"column":11059}},"75":{"start":{"line":323,"column":12},"end":{"line":323,"column":11245}},"76":{"start":{"line":327,"column":12},"end":{"line":327,"column":11451}},"77":{"start":{"line":328,"column":16},"end":{"line":328,"column":67}},"78":{"start":{"line":333,"column":8},"end":{"line":333,"column":52}}},"branchMap":{"1":{"line":43,"type":"if","locations":[{"start":{"line":43,"column":8},"end":{"line":43,"column":8}},{"start":{"line":43,"column":8},"end":{"line":43,"column":8}}]},"2":{"line":47,"type":"if","locations":[{"start":{"line":47,"column":12},"end":{"line":47,"column":12}},{"start":{"line":47,"column":12},"end":{"line":47,"column":12}}]},"3":{"line":96,"type":"if","locations":[{"start":{"line":96,"column":12},"end":{"line":96,"column":12}},{"start":{"line":96,"column":12},"end":{"line":96,"column":12}}]},"4":{"line":130,"type":"if","locations":[{"start":{"line":130,"column":8},"end":{"line":130,"column":8}},{"start":{"line":130,"column":8},"end":{"line":130,"column":8}}]},"5":{"line":176,"type":"if","locations":[{"start":{"line":176,"column":51},"end":{"line":176,"column":51}},{"start":{"line":176,"column":51},"end":{"line":176,"column":51}}]},"6":{"line":180,"type":"if","locations":[{"start":{"line":180,"column":8},"end":{"line":180,"column":8}},{"start":{"line":180,"column":8},"end":{"line":180,"column":8}}]},"7":{"line":237,"type":"if","locations":[{"start":{"line":237,"column":22},"end":{"line":237,"column":22}},{"start":{"line":237,"column":22},"end":{"line":237,"column":22}}]},"8":{"line":240,"type":"if","locations":[{"start":{"line":240,"column":8},"end":{"line":240,"column":8}},{"start":{"line":240,"column":8},"end":{"line":240,"column":8}}]},"9":{"line":269,"type":"if","locations":[{"start":{"line":269,"column":8},"end":{"line":269,"column":8}},{"start":{"line":269,"column":8},"end":{"line":269,"column":8}}]},"10":{"line":303,"type":"if","locations":[{"start":{"line":303,"column":8},"end":{"line":303,"column":8}},{"start":{"line":303,"column":8},"end":{"line":303,"column":8}}]},"11":{"line":327,"type":"if","locations":[{"start":{"line":327,"column":12},"end":{"line":327,"column":12}},{"start":{"line":327,"column":12},"end":{"line":327,"column":12}}]}}},"contracts\\Banks\\MasterChefWrappers.sol":{"l":{"32":588,"33":588,"34":588,"38":18,"39":18,"40":2439,"45":2439,"46":2439,"47":2439,"56":78,"66":133,"69":133,"70":133,"71":133,"72":133,"73":133,"103":9,"104":9,"105":9,"106":9,"121":1687,"124":1687,"132":36,"140":12,"144":152,"145":152,"160":0,"161":0,"162":0,"163":0,"177":0,"186":0,"187":0,"188":0,"189":0,"190":0,"195":0,"197":0,"206":0,"209":0,"210":0,"211":0,"212":0,"213":0,"214":0,"215":0,"216":0,"219":0,"220":0,"229":0,"237":0,"241":0,"244":0,"259":9,"260":9,"261":9,"262":9,"276":1641,"284":27,"292":9,"296":114,"297":114},"path":"C:\\Users\\alok2\\Downloads\\work3\\uniswapv3_attempt2\\defi_orders\\contracts\\Banks\\MasterChefWrappers.sol","s":{"1":588,"2":588,"3":18,"4":18,"5":2439,"6":2439,"7":78,"8":36,"9":42,"10":133,"11":133,"12":9,"13":1687,"14":1687,"15":36,"16":12,"17":152,"18":152,"19":0,"20":0,"21":0,"22":0,"23":0,"24":0,"25":0,"26":0,"27":0,"28":0,"29":0,"30":0,"31":0,"32":0,"33":0,"34":0,"35":9,"36":1641,"37":27,"38":9,"39":114,"40":114},"b":{"1":[36,42],"2":[36,0],"3":[0,0],"4":[0,0]},"f":{"1":588,"2":18,"3":2439,"4":78,"5":133,"6":9,"7":1687,"8":36,"9":12,"10":152,"11":0,"12":0,"13":0,"14":0,"15":0,"16":0,"17":0,"18":9,"19":1641,"20":27,"21":9,"22":114},"fnMap":{"1":{"name":"getRewards","line":26,"loc":{"start":{"line":26,"column":4},"end":{"line":35,"column":4}}},"2":{"name":"initialize","line":37,"loc":{"start":{"line":37,"column":4},"end":{"line":42,"column":4}}},"3":{"name":"setSupported","line":44,"loc":{"start":{"line":44,"column":4},"end":{"line":48,"column":4}}},"4":{"name":"getIdFromLpToken","line":50,"loc":{"start":{"line":50,"column":4},"end":{"line":58,"column":4}}},"5":{"name":"getPendingRewards","line":60,"loc":{"start":{"line":60,"column":4},"end":{"line":74,"column":4}}},"6":{"name":"constructor","line":98,"loc":{"start":{"line":98,"column":4},"end":{"line":107,"column":4}}},"7":{"name":"getLpToken","line":120,"loc":{"start":{"line":120,"column":4},"end":{"line":125,"column":4}}},"8":{"name":"deposit","line":127,"loc":{"start":{"line":127,"column":4},"end":{"line":133,"column":4}}},"9":{"name":"withdraw","line":135,"loc":{"start":{"line":135,"column":4},"end":{"line":141,"column":4}}},"10":{"name":"harvest","line":143,"loc":{"start":{"line":143,"column":4},"end":{"line":146,"column":4}}},"11":{"name":"constructor","line":155,"loc":{"start":{"line":155,"column":4},"end":{"line":164,"column":4}}},"12":{"name":"getLpToken","line":176,"loc":{"start":{"line":176,"column":4},"end":{"line":178,"column":4}}},"13":{"name":"getRewards","line":180,"loc":{"start":{"line":180,"column":4},"end":{"line":198,"column":4}}},"14":{"name":"getPendingRewards","line":200,"loc":{"start":{"line":200,"column":4},"end":{"line":222,"column":4}}},"15":{"name":"deposit","line":224,"loc":{"start":{"line":224,"column":4},"end":{"line":230,"column":4}}},"16":{"name":"withdraw","line":232,"loc":{"start":{"line":232,"column":4},"end":{"line":238,"column":4}}},"17":{"name":"harvest","line":240,"loc":{"start":{"line":240,"column":4},"end":{"line":246,"column":4}}},"18":{"name":"constructor","line":254,"loc":{"start":{"line":254,"column":4},"end":{"line":263,"column":4}}},"19":{"name":"getLpToken","line":275,"loc":{"start":{"line":275,"column":4},"end":{"line":277,"column":4}}},"20":{"name":"deposit","line":279,"loc":{"start":{"line":279,"column":4},"end":{"line":285,"column":4}}},"21":{"name":"withdraw","line":287,"loc":{"start":{"line":287,"column":4},"end":{"line":293,"column":4}}},"22":{"name":"harvest","line":295,"loc":{"start":{"line":295,"column":4},"end":{"line":298,"column":4}}}},"statementMap":{"1":{"start":{"line":32,"column":8},"end":{"line":32,"column":51}},"2":{"start":{"line":34,"column":8},"end":{"line":34,"column":22}},"3":{"start":{"line":38,"column":8},"end":{"line":38,"column":67}},"4":{"start":{"line":39,"column":8},"end":{"line":39,"column":1264}},"5":{"start":{"line":40,"column":12},"end":{"line":40,"column":26}},"6":{"start":{"line":45,"column":8},"end":{"line":45,"column":41}},"7":{"start":{"line":56,"column":8},"end":{"line":56,"column":1743}},"8":{"start":{"line":56,"column":61},"end":{"line":56,"column":78}},"9":{"start":{"line":57,"column":13},"end":{"line":57,"column":55}},"10":{"start":{"line":66,"column":8},"end":{"line":66,"column":2016}},"11":{"start":{"line":69,"column":8},"end":{"line":69,"column":59}},"12":{"start":{"line":106,"column":8},"end":{"line":106,"column":19}},"13":{"start":{"line":121,"column":8},"end":{"line":121,"column":3790}},"14":{"start":{"line":124,"column":8},"end":{"line":124,"column":27}},"15":{"start":{"line":132,"column":8},"end":{"line":132,"column":53}},"16":{"start":{"line":140,"column":8},"end":{"line":140,"column":54}},"17":{"start":{"line":144,"column":8},"end":{"line":144,"column":50}},"18":{"start":{"line":145,"column":8},"end":{"line":145,"column":49}},"19":{"start":{"line":163,"column":8},"end":{"line":163,"column":19}},"20":{"start":{"line":177,"column":8},"end":{"line":177,"column":62}},"21":{"start":{"line":186,"column":8},"end":{"line":186,"column":51}},"22":{"start":{"line":188,"column":8},"end":{"line":188,"column":75}},"23":{"start":{"line":189,"column":8},"end":{"line":189,"column":5880}},"24":{"start":{"line":190,"column":12},"end":{"line":190,"column":5928}},"25":{"start":{"line":197,"column":8},"end":{"line":197,"column":22}},"26":{"start":{"line":206,"column":8},"end":{"line":206,"column":6355}},"27":{"start":{"line":209,"column":8},"end":{"line":209,"column":59}},"28":{"start":{"line":214,"column":8},"end":{"line":214,"column":75}},"29":{"start":{"line":215,"column":8},"end":{"line":215,"column":6798}},"30":{"start":{"line":216,"column":12},"end":{"line":216,"column":6880}},"31":{"start":{"line":229,"column":8},"end":{"line":229,"column":77}},"32":{"start":{"line":237,"column":8},"end":{"line":237,"column":78}},"33":{"start":{"line":241,"column":8},"end":{"line":241,"column":7634}},"34":{"start":{"line":244,"column":12},"end":{"line":244,"column":73}},"35":{"start":{"line":262,"column":8},"end":{"line":262,"column":19}},"36":{"start":{"line":276,"column":8},"end":{"line":276,"column":62}},"37":{"start":{"line":284,"column":8},"end":{"line":284,"column":53}},"38":{"start":{"line":292,"column":8},"end":{"line":292,"column":54}},"39":{"start":{"line":296,"column":8},"end":{"line":296,"column":50}},"40":{"start":{"line":297,"column":8},"end":{"line":297,"column":49}}},"branchMap":{"1":{"line":56,"type":"if","locations":[{"start":{"line":56,"column":8},"end":{"line":56,"column":8}},{"start":{"line":56,"column":8},"end":{"line":56,"column":8}}]},"2":{"line":56,"type":"cond-expr","locations":[{"start":{"line":56,"column":12},"end":{"line":56,"column":33}},{"start":{"line":56,"column":38},"end":{"line":56,"column":58}}]},"3":{"line":189,"type":"if","locations":[{"start":{"line":189,"column":8},"end":{"line":189,"column":8}},{"start":{"line":189,"column":8},"end":{"line":189,"column":8}}]},"4":{"line":215,"type":"if","locations":[{"start":{"line":215,"column":8},"end":{"line":215,"column":8}},{"start":{"line":215,"column":8},"end":{"line":215,"column":8}}]}}},"contracts\\BasicOracle.sol":{"l":{"22":0,"23":0,"31":0,"32":0,"34":0,"35":0,"36":0,"37":0,"39":0,"52":0,"53":0,"54":0,"58":0,"68":0,"76":0,"77":0,"78":0,"79":0,"80":0,"85":0,"86":0,"87":0,"88":0,"89":0,"93":0,"101":0,"102":0,"103":0,"104":0,"105":0,"106":0,"112":0,"119":0,"120":0,"121":0,"122":0,"123":0,"127":0,"128":0,"129":0,"130":0,"135":0,"140":0,"145":0,"154":30,"155":30,"163":2304,"164":2304,"165":2256,"166":2256,"167":2256,"168":1128,"170":1128,"173":48,"174":240,"175":240,"176":0,"177":0,"181":0,"182":0,"183":0,"184":0,"187":0,"190":0,"195":48,"203":15,"207":0,"215":1152,"216":1152,"217":1152,"218":2304,"219":2256,"220":2256,"223":1152,"224":1152,"232":1368,"233":1152,"234":1152,"235":2304,"237":1152},"path":"C:\\Users\\alok2\\Downloads\\work3\\uniswapv3_attempt2\\defi_orders\\contracts\\BasicOracle.sol","s":{"1":0,"2":0,"3":0,"4":0,"5":0,"6":0,"7":0,"8":0,"9":0,"10":0,"11":0,"12":0,"13":0,"14":0,"15":0,"16":0,"17":0,"18":0,"19":0,"20":0,"21":0,"22":0,"23":0,"24":0,"25":0,"26":0,"27":0,"28":0,"29":0,"30":0,"31":0,"32":0,"33":0,"34":0,"35":2304,"36":2304,"37":2256,"38":2256,"39":2256,"40":1128,"41":1128,"42":48,"43":240,"44":0,"45":0,"46":0,"47":0,"48":0,"49":0,"50":48,"51":1152,"52":1152,"53":1152,"54":2304,"55":1152,"56":1152,"57":1368,"58":216,"59":1152,"60":1152,"61":1152},"b":{"1":[0,0],"2":[0,0],"3":[0,0],"4":[0,0],"5":[0,0],"6":[0,0],"7":[0,0],"8":[0,0],"9":[2256,48],"10":[1128,1128],"11":[0,240],"12":[0,0],"13":[0,0],"14":[2256,48],"15":[1152,0],"16":[216,1152]},"f":{"1":0,"2":0,"3":0,"4":0,"5":0,"6":0,"7":30,"8":2304,"9":15,"10":0,"11":1152,"12":1368},"fnMap":{"1":{"name":"constructor","line":21,"loc":{"start":{"line":21,"column":4},"end":{"line":24,"column":4}}},"2":{"name":"getSqrtTwapX96","line":26,"loc":{"start":{"line":26,"column":4},"end":{"line":46,"column":4}}},"3":{"name":"getPrice1X96FromSqrtPriceX96","line":48,"loc":{"start":{"line":48,"column":4},"end":{"line":62,"column":4}}},"4":{"name":"getPrice0X96FromSqrtPriceX96","line":64,"loc":{"start":{"line":64,"column":4},"end":{"line":69,"column":4}}},"5":{"name":"getMainPair","line":71,"loc":{"start":{"line":71,"column":4},"end":{"line":94,"column":4}}},"6":{"name":"getPrice","line":96,"loc":{"start":{"line":96,"column":4},"end":{"line":146,"column":4}}},"7":{"name":"constructor","line":153,"loc":{"start":{"line":153,"column":4},"end":{"line":156,"column":4}}},"8":{"name":"getPrice","line":158,"loc":{"start":{"line":158,"column":4},"end":{"line":196,"column":4}}},"9":{"name":"constructor","line":202,"loc":{"start":{"line":202,"column":4},"end":{"line":204,"column":4}}},"10":{"name":"setSources","line":206,"loc":{"start":{"line":206,"column":4},"end":{"line":208,"column":4}}},"11":{"name":"_calculateMean","line":210,"loc":{"start":{"line":210,"column":4},"end":{"line":225,"column":4}}},"12":{"name":"getPrice","line":227,"loc":{"start":{"line":227,"column":4},"end":{"line":238,"column":4}}}},"statementMap":{"1":{"start":{"line":31,"column":8},"end":{"line":31,"column":1092}},"2":{"start":{"line":34,"column":12},"end":{"line":34,"column":57}},"3":{"start":{"line":37,"column":12},"end":{"line":37,"column":1395}},"4":{"start":{"line":52,"column":8},"end":{"line":52,"column":36}},"5":{"start":{"line":53,"column":8},"end":{"line":53,"column":1924}},"6":{"start":{"line":54,"column":12},"end":{"line":54,"column":2076}},"7":{"start":{"line":58,"column":12},"end":{"line":58,"column":2196}},"8":{"start":{"line":68,"column":8},"end":{"line":68,"column":63}},"9":{"start":{"line":76,"column":8},"end":{"line":76,"column":64}},"10":{"start":{"line":77,"column":8},"end":{"line":77,"column":32}},"11":{"start":{"line":78,"column":8},"end":{"line":78,"column":24}},"12":{"start":{"line":79,"column":8},"end":{"line":79,"column":2772}},"13":{"start":{"line":80,"column":12},"end":{"line":80,"column":2843}},"14":{"start":{"line":85,"column":12},"end":{"line":85,"column":2994}},"15":{"start":{"line":86,"column":16},"end":{"line":86,"column":75}},"16":{"start":{"line":87,"column":16},"end":{"line":87,"column":3126}},"17":{"start":{"line":93,"column":8},"end":{"line":93,"column":23}},"18":{"start":{"line":101,"column":8},"end":{"line":101,"column":56}},"19":{"start":{"line":102,"column":8},"end":{"line":102,"column":3511}},"20":{"start":{"line":103,"column":12},"end":{"line":103,"column":58}},"21":{"start":{"line":104,"column":12},"end":{"line":104,"column":62}},"22":{"start":{"line":105,"column":12},"end":{"line":105,"column":3684}},"23":{"start":{"line":106,"column":16},"end":{"line":106,"column":3740}},"24":{"start":{"line":112,"column":16},"end":{"line":112,"column":3961}},"25":{"start":{"line":119,"column":8},"end":{"line":119,"column":4165}},"26":{"start":{"line":120,"column":12},"end":{"line":120,"column":73}},"27":{"start":{"line":121,"column":12},"end":{"line":121,"column":4314}},"28":{"start":{"line":122,"column":16},"end":{"line":122,"column":65}},"29":{"start":{"line":123,"column":16},"end":{"line":123,"column":4437}},"30":{"start":{"line":127,"column":16},"end":{"line":127,"column":41}},"31":{"start":{"line":128,"column":16},"end":{"line":128,"column":69}},"32":{"start":{"line":129,"column":16},"end":{"line":129,"column":4705}},"33":{"start":{"line":140,"column":16},"end":{"line":140,"column":5241}},"34":{"start":{"line":145,"column":8},"end":{"line":145,"column":16}},"35":{"start":{"line":163,"column":8},"end":{"line":163,"column":63}},"36":{"start":{"line":164,"column":8},"end":{"line":164,"column":5863}},"37":{"start":{"line":165,"column":12},"end":{"line":165,"column":61}},"38":{"start":{"line":166,"column":12},"end":{"line":166,"column":59}},"39":{"start":{"line":167,"column":12},"end":{"line":167,"column":6039}},"40":{"start":{"line":168,"column":16},"end":{"line":168,"column":73}},"41":{"start":{"line":170,"column":16},"end":{"line":170,"column":73}},"42":{"start":{"line":173,"column":8},"end":{"line":173,"column":6274}},"43":{"start":{"line":175,"column":12},"end":{"line":175,"column":6419}},"44":{"start":{"line":176,"column":16},"end":{"line":176,"column":65}},"45":{"start":{"line":177,"column":16},"end":{"line":177,"column":6542}},"46":{"start":{"line":181,"column":16},"end":{"line":181,"column":63}},"47":{"start":{"line":182,"column":16},"end":{"line":182,"column":41}},"48":{"start":{"line":183,"column":16},"end":{"line":183,"column":6804}},"49":{"start":{"line":190,"column":16},"end":{"line":190,"column":7186}},"50":{"start":{"line":195,"column":8},"end":{"line":195,"column":16}},"51":{"start":{"line":215,"column":8},"end":{"line":215,"column":21}},"52":{"start":{"line":216,"column":8},"end":{"line":216,"column":25}},"53":{"start":{"line":217,"column":8},"end":{"line":217,"column":7782}},"54":{"start":{"line":218,"column":12},"end":{"line":218,"column":7845}},"55":{"start":{"line":223,"column":8},"end":{"line":223,"column":34}},"56":{"start":{"line":224,"column":8},"end":{"line":224,"column":32}},"57":{"start":{"line":232,"column":8},"end":{"line":232,"column":68}},"58":{"start":{"line":232,"column":32},"end":{"line":232,"column":68}},"59":{"start":{"line":233,"column":8},"end":{"line":233,"column":63}},"60":{"start":{"line":234,"column":8},"end":{"line":234,"column":8309}},"61":{"start":{"line":237,"column":8},"end":{"line":237,"column":37}}},"branchMap":{"1":{"line":31,"type":"if","locations":[{"start":{"line":31,"column":8},"end":{"line":31,"column":8}},{"start":{"line":31,"column":8},"end":{"line":31,"column":8}}]},"2":{"line":53,"type":"if","locations":[{"start":{"line":53,"column":8},"end":{"line":53,"column":8}},{"start":{"line":53,"column":8},"end":{"line":53,"column":8}}]},"3":{"line":85,"type":"if","locations":[{"start":{"line":85,"column":12},"end":{"line":85,"column":12}},{"start":{"line":85,"column":12},"end":{"line":85,"column":12}}]},"4":{"line":87,"type":"if","locations":[{"start":{"line":87,"column":16},"end":{"line":87,"column":16}},{"start":{"line":87,"column":16},"end":{"line":87,"column":16}}]},"5":{"line":102,"type":"if","locations":[{"start":{"line":102,"column":8},"end":{"line":102,"column":8}},{"start":{"line":102,"column":8},"end":{"line":102,"column":8}}]},"6":{"line":105,"type":"if","locations":[{"start":{"line":105,"column":12},"end":{"line":105,"column":12}},{"start":{"line":105,"column":12},"end":{"line":105,"column":12}}]},"7":{"line":121,"type":"if","locations":[{"start":{"line":121,"column":12},"end":{"line":121,"column":12}},{"start":{"line":121,"column":12},"end":{"line":121,"column":12}}]},"8":{"line":129,"type":"if","locations":[{"start":{"line":129,"column":16},"end":{"line":129,"column":16}},{"start":{"line":129,"column":16},"end":{"line":129,"column":16}}]},"9":{"line":164,"type":"if","locations":[{"start":{"line":164,"column":8},"end":{"line":164,"column":8}},{"start":{"line":164,"column":8},"end":{"line":164,"column":8}}]},"10":{"line":167,"type":"if","locations":[{"start":{"line":167,"column":12},"end":{"line":167,"column":12}},{"start":{"line":167,"column":12},"end":{"line":167,"column":12}}]},"11":{"line":175,"type":"if","locations":[{"start":{"line":175,"column":12},"end":{"line":175,"column":12}},{"start":{"line":175,"column":12},"end":{"line":175,"column":12}}]},"12":{"line":183,"type":"if","locations":[{"start":{"line":183,"column":16},"end":{"line":183,"column":16}},{"start":{"line":183,"column":16},"end":{"line":183,"column":16}}]},"13":{"line":206,"type":"if","locations":[{"start":{"line":206,"column":60},"end":{"line":206,"column":60}},{"start":{"line":206,"column":60},"end":{"line":206,"column":60}}]},"14":{"line":218,"type":"if","locations":[{"start":{"line":218,"column":12},"end":{"line":218,"column":12}},{"start":{"line":218,"column":12},"end":{"line":218,"column":12}}]},"15":{"line":223,"type":"if","locations":[{"start":{"line":223,"column":8},"end":{"line":223,"column":8}},{"start":{"line":223,"column":8},"end":{"line":223,"column":8}}]},"16":{"line":232,"type":"if","locations":[{"start":{"line":232,"column":8},"end":{"line":232,"column":8}},{"start":{"line":232,"column":8},"end":{"line":232,"column":8}}]}}},"contracts\\interfaces\\AAVE\\DataTypes.sol":{"l":{},"path":"C:\\Users\\alok2\\Downloads\\work3\\uniswapv3_attempt2\\defi_orders\\contracts\\interfaces\\AAVE\\DataTypes.sol","s":{},"b":{},"f":{},"fnMap":{},"statementMap":{},"branchMap":{}},"contracts\\interfaces\\AAVE\\IAToken.sol":{"l":{},"path":"C:\\Users\\alok2\\Downloads\\work3\\uniswapv3_attempt2\\defi_orders\\contracts\\interfaces\\AAVE\\IAToken.sol","s":{},"b":{},"f":{},"fnMap":{},"statementMap":{},"branchMap":{}},"contracts\\interfaces\\AAVE\\ILendingPool.sol":{"l":{},"path":"C:\\Users\\alok2\\Downloads\\work3\\uniswapv3_attempt2\\defi_orders\\contracts\\interfaces\\AAVE\\ILendingPool.sol","s":{},"b":{},"f":{},"fnMap":{},"statementMap":{},"branchMap":{}},"contracts\\interfaces\\AAVE\\ILendingPoolAddressesProvider.sol":{"l":{},"path":"C:\\Users\\alok2\\Downloads\\work3\\uniswapv3_attempt2\\defi_orders\\contracts\\interfaces\\AAVE\\ILendingPoolAddressesProvider.sol","s":{},"b":{},"f":{},"fnMap":{},"statementMap":{},"branchMap":{}},"contracts\\interfaces\\AAVE\\IScaledBalanceToken.sol":{"l":{},"path":"C:\\Users\\alok2\\Downloads\\work3\\uniswapv3_attempt2\\defi_orders\\contracts\\interfaces\\AAVE\\IScaledBalanceToken.sol","s":{},"b":{},"f":{},"fnMap":{},"statementMap":{},"branchMap":{}},"contracts\\interfaces\\INFTPoolInteractor.sol":{"l":{},"path":"C:\\Users\\alok2\\Downloads\\work3\\uniswapv3_attempt2\\defi_orders\\contracts\\interfaces\\INFTPoolInteractor.sol","s":{},"b":{},"f":{},"fnMap":{},"statementMap":{},"branchMap":{}},"contracts\\interfaces\\IOracle.sol":{"l":{},"path":"C:\\Users\\alok2\\Downloads\\work3\\uniswapv3_attempt2\\defi_orders\\contracts\\interfaces\\IOracle.sol","s":{},"b":{},"f":{},"fnMap":{},"statementMap":{},"branchMap":{}},"contracts\\interfaces\\IPoolInteractor.sol":{"l":{},"path":"C:\\Users\\alok2\\Downloads\\work3\\uniswapv3_attempt2\\defi_orders\\contracts\\interfaces\\IPoolInteractor.sol","s":{},"b":{},"f":{},"fnMap":{},"statementMap":{},"branchMap":{}},"contracts\\interfaces\\IPositionsManager.sol":{"l":{},"path":"C:\\Users\\alok2\\Downloads\\work3\\uniswapv3_attempt2\\defi_orders\\contracts\\interfaces\\IPositionsManager.sol","s":{},"b":{},"f":{},"fnMap":{},"statementMap":{},"branchMap":{}},"contracts\\interfaces\\ISwapper.sol":{"l":{},"path":"C:\\Users\\alok2\\Downloads\\work3\\uniswapv3_attempt2\\defi_orders\\contracts\\interfaces\\ISwapper.sol","s":{},"b":{},"f":{},"fnMap":{},"statementMap":{},"branchMap":{}},"contracts\\interfaces\\IUniversalSwap.sol":{"l":{},"path":"C:\\Users\\alok2\\Downloads\\work3\\uniswapv3_attempt2\\defi_orders\\contracts\\interfaces\\IUniversalSwap.sol","s":{},"b":{},"f":{},"fnMap":{},"statementMap":{},"branchMap":{}},"contracts\\interfaces\\IWETH.sol":{"l":{},"path":"C:\\Users\\alok2\\Downloads\\work3\\uniswapv3_attempt2\\defi_orders\\contracts\\interfaces\\IWETH.sol","s":{},"b":{},"f":{},"fnMap":{},"statementMap":{},"branchMap":{}},"contracts\\interfaces\\MasterChefInterfaces.sol":{"l":{},"path":"C:\\Users\\alok2\\Downloads\\work3\\uniswapv3_attempt2\\defi_orders\\contracts\\interfaces\\MasterChefInterfaces.sol","s":{},"b":{},"f":{},"fnMap":{},"statementMap":{},"branchMap":{}},"contracts\\interfaces\\UniswapV2\\IUniswapV2Factory.sol":{"l":{},"path":"C:\\Users\\alok2\\Downloads\\work3\\uniswapv3_attempt2\\defi_orders\\contracts\\interfaces\\UniswapV2\\IUniswapV2Factory.sol","s":{},"b":{},"f":{},"fnMap":{},"statementMap":{},"branchMap":{}},"contracts\\interfaces\\UniswapV2\\IUniswapV2Pair.sol":{"l":{},"path":"C:\\Users\\alok2\\Downloads\\work3\\uniswapv3_attempt2\\defi_orders\\contracts\\interfaces\\UniswapV2\\IUniswapV2Pair.sol","s":{},"b":{},"f":{},"fnMap":{},"statementMap":{},"branchMap":{}},"contracts\\interfaces\\UniswapV2\\IUniswapV2Router02.sol":{"l":{},"path":"C:\\Users\\alok2\\Downloads\\work3\\uniswapv3_attempt2\\defi_orders\\contracts\\interfaces\\UniswapV2\\IUniswapV2Router02.sol","s":{},"b":{},"f":{},"fnMap":{},"statementMap":{},"branchMap":{}},"contracts\\interfaces\\UniswapV3\\INonfungiblePositionManager.sol":{"l":{},"path":"C:\\Users\\alok2\\Downloads\\work3\\uniswapv3_attempt2\\defi_orders\\contracts\\interfaces\\UniswapV3\\INonfungiblePositionManager.sol","s":{},"b":{},"f":{},"fnMap":{},"statementMap":{},"branchMap":{}},"contracts\\interfaces\\UniswapV3\\Interfaces.sol":{"l":{"45":0,"46":0,"54":0,"55":0},"path":"C:\\Users\\alok2\\Downloads\\work3\\uniswapv3_attempt2\\defi_orders\\contracts\\interfaces\\UniswapV3\\Interfaces.sol","s":{"1":0,"2":0,"3":0},"b":{"1":[0,0],"2":[0,0]},"f":{"1":0,"2":0},"fnMap":{"1":{"name":"getPoolKey","line":40,"loc":{"start":{"line":40,"column":4},"end":{"line":47,"column":4}}},"2":{"name":"computeAddress","line":53,"loc":{"start":{"line":53,"column":4},"end":{"line":67,"column":4}}}},"statementMap":{"1":{"start":{"line":45,"column":8},"end":{"line":45,"column":64}},"2":{"start":{"line":46,"column":8},"end":{"line":46,"column":66}},"3":{"start":{"line":54,"column":8},"end":{"line":54,"column":39}}},"branchMap":{"1":{"line":45,"type":"if","locations":[{"start":{"line":45,"column":8},"end":{"line":45,"column":8}},{"start":{"line":45,"column":8},"end":{"line":45,"column":8}}]},"2":{"line":54,"type":"if","locations":[{"start":{"line":54,"column":8},"end":{"line":54,"column":8}},{"start":{"line":54,"column":8},"end":{"line":54,"column":8}}]}}},"contracts\\interfaces\\UniswapV3\\ISwapRouter.sol":{"l":{},"path":"C:\\Users\\alok2\\Downloads\\work3\\uniswapv3_attempt2\\defi_orders\\contracts\\interfaces\\UniswapV3\\ISwapRouter.sol","s":{},"b":{},"f":{},"fnMap":{},"statementMap":{},"branchMap":{}},"contracts\\interfaces\\UniswapV3\\IUniswapV3Factory.sol":{"l":{},"path":"C:\\Users\\alok2\\Downloads\\work3\\uniswapv3_attempt2\\defi_orders\\contracts\\interfaces\\UniswapV3\\IUniswapV3Factory.sol","s":{},"b":{},"f":{},"fnMap":{},"statementMap":{},"branchMap":{}},"contracts\\interfaces\\UniswapV3\\IUniswapV3Pool.sol":{"l":{},"path":"C:\\Users\\alok2\\Downloads\\work3\\uniswapv3_attempt2\\defi_orders\\contracts\\interfaces\\UniswapV3\\IUniswapV3Pool.sol","s":{},"b":{},"f":{},"fnMap":{},"statementMap":{},"branchMap":{}},"contracts\\interfaces\\UniswapV3\\pool\\IUniswapV3PoolActions.sol":{"l":{},"path":"C:\\Users\\alok2\\Downloads\\work3\\uniswapv3_attempt2\\defi_orders\\contracts\\interfaces\\UniswapV3\\pool\\IUniswapV3PoolActions.sol","s":{},"b":{},"f":{},"fnMap":{},"statementMap":{},"branchMap":{}},"contracts\\interfaces\\UniswapV3\\pool\\IUniswapV3PoolDerivedState.sol":{"l":{},"path":"C:\\Users\\alok2\\Downloads\\work3\\uniswapv3_attempt2\\defi_orders\\contracts\\interfaces\\UniswapV3\\pool\\IUniswapV3PoolDerivedState.sol","s":{},"b":{},"f":{},"fnMap":{},"statementMap":{},"branchMap":{}},"contracts\\interfaces\\UniswapV3\\pool\\IUniswapV3PoolEvents.sol":{"l":{},"path":"C:\\Users\\alok2\\Downloads\\work3\\uniswapv3_attempt2\\defi_orders\\contracts\\interfaces\\UniswapV3\\pool\\IUniswapV3PoolEvents.sol","s":{},"b":{},"f":{},"fnMap":{},"statementMap":{},"branchMap":{}},"contracts\\interfaces\\UniswapV3\\pool\\IUniswapV3PoolImmutables.sol":{"l":{},"path":"C:\\Users\\alok2\\Downloads\\work3\\uniswapv3_attempt2\\defi_orders\\contracts\\interfaces\\UniswapV3\\pool\\IUniswapV3PoolImmutables.sol","s":{},"b":{},"f":{},"fnMap":{},"statementMap":{},"branchMap":{}},"contracts\\interfaces\\UniswapV3\\pool\\IUniswapV3PoolOwnerActions.sol":{"l":{},"path":"C:\\Users\\alok2\\Downloads\\work3\\uniswapv3_attempt2\\defi_orders\\contracts\\interfaces\\UniswapV3\\pool\\IUniswapV3PoolOwnerActions.sol","s":{},"b":{},"f":{},"fnMap":{},"statementMap":{},"branchMap":{}},"contracts\\interfaces\\UniswapV3\\pool\\IUniswapV3PoolState.sol":{"l":{},"path":"C:\\Users\\alok2\\Downloads\\work3\\uniswapv3_attempt2\\defi_orders\\contracts\\interfaces\\UniswapV3\\pool\\IUniswapV3PoolState.sol","s":{},"b":{},"f":{},"fnMap":{},"statementMap":{},"branchMap":{}},"contracts\\interfaces\\Venus\\IVToken.sol":{"l":{},"path":"C:\\Users\\alok2\\Downloads\\work3\\uniswapv3_attempt2\\defi_orders\\contracts\\interfaces\\Venus\\IVToken.sol","s":{},"b":{},"f":{},"fnMap":{},"statementMap":{},"branchMap":{}},"contracts\\libraries\\AddressArray.sol":{"l":{"6":853,"7":869,"8":853,"10":306,"11":853,"13":1075,"17":1075,"18":302,"19":1075,"21":1075,"22":0,"26":0,"27":0,"28":0,"29":0,"30":0,"31":0,"34":0,"38":0,"39":0,"40":0,"41":0,"42":0,"45":0,"46":0,"48":0,"49":0,"50":0,"51":0,"52":0,"53":0,"54":0,"55":0,"59":1065,"63":1382,"64":1058,"65":324,"68":115,"72":129,"73":115,"74":14,"77":949,"81":949,"82":1300,"83":1749,"84":61,"85":61,"86":1688,"87":949,"91":949,"92":1300,"93":1177,"94":949,"97":949,"98":949,"99":949,"100":1300,"101":1177,"102":1177,"103":123,"104":0,"110":0,"111":0,"112":0,"113":0,"114":0,"115":0,"116":0,"119":0,"120":0,"123":0,"127":0,"128":0,"129":0},"path":"C:\\Users\\alok2\\Downloads\\work3\\uniswapv3_attempt2\\defi_orders\\contracts\\libraries\\AddressArray.sol","s":{"1":853,"2":853,"3":853,"4":1075,"5":1075,"6":1075,"7":0,"8":0,"9":0,"10":0,"11":0,"12":0,"13":0,"14":0,"15":0,"16":0,"17":0,"18":0,"19":0,"20":0,"21":0,"22":0,"23":1065,"24":1382,"25":1058,"26":7,"27":115,"28":129,"29":115,"30":0,"31":949,"32":949,"33":1300,"34":1749,"35":61,"36":949,"37":1300,"38":1177,"39":949,"40":1300,"41":1177,"42":0,"43":0,"44":0,"45":0,"46":0,"47":0,"48":0,"49":0,"50":0,"51":0},"b":{"1":[0,0],"2":[0,0],"3":[0,0],"4":[0,0],"5":[0,0],"6":[1058,7],"7":[115,0],"8":[61,949],"9":[123,949],"10":[1177,0],"11":[0,0],"12":[0,0],"13":[0,0]},"f":{"1":853,"2":1075,"3":0,"4":0,"5":1065,"6":115,"7":949,"8":0,"9":0},"fnMap":{"1":{"name":"concat","line":5,"loc":{"start":{"line":5,"column":4},"end":{"line":14,"column":4}}},"2":{"name":"append","line":16,"loc":{"start":{"line":16,"column":4},"end":{"line":23,"column":4}}},"3":{"name":"remove","line":25,"loc":{"start":{"line":25,"column":4},"end":{"line":35,"column":4}}},"4":{"name":"findAll","line":37,"loc":{"start":{"line":37,"column":4},"end":{"line":60,"column":4}}},"5":{"name":"findFirst","line":62,"loc":{"start":{"line":62,"column":4},"end":{"line":69,"column":4}}},"6":{"name":"exists","line":71,"loc":{"start":{"line":71,"column":4},"end":{"line":78,"column":4}}},"7":{"name":"shrink","line":80,"loc":{"start":{"line":80,"column":4},"end":{"line":107,"column":4}}},"8":{"name":"equal","line":109,"loc":{"start":{"line":109,"column":4},"end":{"line":124,"column":4}}},"9":{"name":"copy","line":126,"loc":{"start":{"line":126,"column":4},"end":{"line":131,"column":4}}}},"statementMap":{"1":{"start":{"line":6,"column":8},"end":{"line":6,"column":75}},"2":{"start":{"line":7,"column":8},"end":{"line":7,"column":303}},"3":{"start":{"line":10,"column":8},"end":{"line":10,"column":398}},"4":{"start":{"line":13,"column":8},"end":{"line":13,"column":23}},"5":{"start":{"line":17,"column":8},"end":{"line":17,"column":64}},"6":{"start":{"line":18,"column":8},"end":{"line":18,"column":713}},"7":{"start":{"line":22,"column":8},"end":{"line":22,"column":23}},"8":{"start":{"line":27,"column":8},"end":{"line":27,"column":26}},"9":{"start":{"line":28,"column":8},"end":{"line":28,"column":1072}},"10":{"start":{"line":29,"column":12},"end":{"line":29,"column":1128}},"11":{"start":{"line":34,"column":8},"end":{"line":34,"column":23}},"12":{"start":{"line":38,"column":8},"end":{"line":38,"column":29}},"13":{"start":{"line":39,"column":8},"end":{"line":39,"column":24}},"14":{"start":{"line":40,"column":8},"end":{"line":40,"column":1457}},"15":{"start":{"line":41,"column":12},"end":{"line":41,"column":1513}},"16":{"start":{"line":45,"column":8},"end":{"line":45,"column":1600}},"17":{"start":{"line":46,"column":12},"end":{"line":46,"column":26}},"18":{"start":{"line":49,"column":8},"end":{"line":49,"column":26}},"19":{"start":{"line":50,"column":8},"end":{"line":50,"column":1744}},"20":{"start":{"line":51,"column":12},"end":{"line":51,"column":1800}},"21":{"start":{"line":54,"column":16},"end":{"line":54,"column":1916}},"22":{"start":{"line":55,"column":20},"end":{"line":55,"column":34}},"23":{"start":{"line":59,"column":8},"end":{"line":59,"column":22}},"24":{"start":{"line":63,"column":8},"end":{"line":63,"column":2157}},"25":{"start":{"line":64,"column":12},"end":{"line":64,"column":2213}},"26":{"start":{"line":65,"column":16},"end":{"line":65,"column":24}},"27":{"start":{"line":68,"column":8},"end":{"line":68,"column":26}},"28":{"start":{"line":72,"column":8},"end":{"line":72,"column":2423}},"29":{"start":{"line":73,"column":12},"end":{"line":73,"column":2479}},"30":{"start":{"line":74,"column":16},"end":{"line":74,"column":27}},"31":{"start":{"line":77,"column":8},"end":{"line":77,"column":20}},"32":{"start":{"line":81,"column":8},"end":{"line":81,"column":56}},"33":{"start":{"line":82,"column":8},"end":{"line":82,"column":2810}},"34":{"start":{"line":83,"column":12},"end":{"line":83,"column":2866}},"35":{"start":{"line":84,"column":16},"end":{"line":84,"column":2926}},"36":{"start":{"line":91,"column":8},"end":{"line":91,"column":23}},"37":{"start":{"line":92,"column":8},"end":{"line":92,"column":3161}},"38":{"start":{"line":93,"column":12},"end":{"line":93,"column":3217}},"39":{"start":{"line":99,"column":8},"end":{"line":99,"column":24}},"40":{"start":{"line":100,"column":8},"end":{"line":100,"column":3427}},"41":{"start":{"line":101,"column":12},"end":{"line":101,"column":3483}},"42":{"start":{"line":110,"column":8},"end":{"line":110,"column":54}},"43":{"start":{"line":110,"column":42},"end":{"line":110,"column":54}},"44":{"start":{"line":111,"column":8},"end":{"line":111,"column":3846}},"45":{"start":{"line":112,"column":12},"end":{"line":112,"column":35}},"46":{"start":{"line":113,"column":12},"end":{"line":113,"column":3942}},"47":{"start":{"line":114,"column":16},"end":{"line":114,"column":4004}},"48":{"start":{"line":119,"column":12},"end":{"line":119,"column":4143}},"49":{"start":{"line":120,"column":16},"end":{"line":120,"column":28}},"50":{"start":{"line":123,"column":8},"end":{"line":123,"column":19}},"51":{"start":{"line":128,"column":8},"end":{"line":128,"column":4393}}},"branchMap":{"1":{"line":29,"type":"if","locations":[{"start":{"line":29,"column":12},"end":{"line":29,"column":12}},{"start":{"line":29,"column":12},"end":{"line":29,"column":12}}]},"2":{"line":41,"type":"if","locations":[{"start":{"line":41,"column":12},"end":{"line":41,"column":12}},{"start":{"line":41,"column":12},"end":{"line":41,"column":12}}]},"3":{"line":45,"type":"if","locations":[{"start":{"line":45,"column":8},"end":{"line":45,"column":8}},{"start":{"line":45,"column":8},"end":{"line":45,"column":8}}]},"4":{"line":51,"type":"if","locations":[{"start":{"line":51,"column":12},"end":{"line":51,"column":12}},{"start":{"line":51,"column":12},"end":{"line":51,"column":12}}]},"5":{"line":54,"type":"if","locations":[{"start":{"line":54,"column":16},"end":{"line":54,"column":16}},{"start":{"line":54,"column":16},"end":{"line":54,"column":16}}]},"6":{"line":64,"type":"if","locations":[{"start":{"line":64,"column":12},"end":{"line":64,"column":12}},{"start":{"line":64,"column":12},"end":{"line":64,"column":12}}]},"7":{"line":73,"type":"if","locations":[{"start":{"line":73,"column":12},"end":{"line":73,"column":12}},{"start":{"line":73,"column":12},"end":{"line":73,"column":12}}]},"8":{"line":84,"type":"if","locations":[{"start":{"line":84,"column":16},"end":{"line":84,"column":16}},{"start":{"line":84,"column":16},"end":{"line":84,"column":16}}]},"9":{"line":93,"type":"if","locations":[{"start":{"line":93,"column":12},"end":{"line":93,"column":12}},{"start":{"line":93,"column":12},"end":{"line":93,"column":12}}]},"10":{"line":101,"type":"if","locations":[{"start":{"line":101,"column":12},"end":{"line":101,"column":12}},{"start":{"line":101,"column":12},"end":{"line":101,"column":12}}]},"11":{"line":110,"type":"if","locations":[{"start":{"line":110,"column":8},"end":{"line":110,"column":8}},{"start":{"line":110,"column":8},"end":{"line":110,"column":8}}]},"12":{"line":114,"type":"if","locations":[{"start":{"line":114,"column":16},"end":{"line":114,"column":16}},{"start":{"line":114,"column":16},"end":{"line":114,"column":16}}]},"13":{"line":119,"type":"if","locations":[{"start":{"line":119,"column":12},"end":{"line":119,"column":12}},{"start":{"line":119,"column":12},"end":{"line":119,"column":12}}]}}},"contracts\\libraries\\Conversions.sol":{"l":{"26":98,"27":0,"28":98,"30":98,"31":98,"39":98,"42":7,"43":98,"45":98,"46":98,"48":92,"56":98,"57":154,"58":154,"59":0,"60":0,"73":0,"74":0,"75":0,"76":0,"79":0,"82":0,"83":0,"85":0,"86":0,"87":0,"88":0,"91":0,"92":0,"93":0,"94":0,"98":0,"106":0,"107":0,"108":0,"109":0,"112":0,"120":0,"121":0,"122":0,"126":0,"129":462,"137":528,"138":0,"143":0,"151":0,"152":0,"153":0,"157":0,"167":0,"168":0,"169":0,"170":0,"172":0,"173":0,"174":154,"184":166,"185":166,"186":159,"187":92,"197":98,"198":154,"199":0,"200":154,"201":0,"206":98,"207":154,"208":154,"209":0,"210":0,"215":0},"path":"C:\\Users\\alok2\\Downloads\\work3\\uniswapv3_attempt2\\defi_orders\\contracts\\libraries\\Conversions.sol","s":{"1":98,"2":98,"3":98,"4":98,"5":98,"6":98,"7":92,"8":98,"9":154,"10":154,"11":0,"12":0,"13":0,"14":0,"15":0,"16":0,"17":0,"18":0,"19":0,"20":0,"21":0,"22":0,"23":0,"24":0,"25":0,"26":0,"27":0,"28":0,"29":0,"30":462,"31":528,"32":0,"33":528,"34":0,"35":0,"36":0,"37":0,"38":0,"39":0,"40":0,"41":0,"42":166,"43":166,"44":159,"45":98,"46":154,"47":154,"48":154,"49":98,"50":154,"51":0,"52":0,"53":0},"b":{"1":[154,0],"2":[0,0],"3":[0,0],"4":[0,0],"5":[0,0],"6":[0,0],"7":[0,0],"8":[0,0],"9":[462,462],"10":[0,0],"11":[0,0],"12":[0,154],"13":[7,92],"14":[154,154],"15":[92,92],"16":[0,0],"17":[92,92]},"f":{"1":98,"2":98,"3":92,"4":0,"5":0,"6":0,"7":462,"8":0,"9":0,"10":154,"11":92},"fnMap":{"1":{"name":"append","line":21,"loc":{"start":{"line":21,"column":4},"end":{"line":32,"column":4}}},"2":{"name":"concat","line":34,"loc":{"start":{"line":34,"column":4},"end":{"line":49,"column":4}}},"3":{"name":"getUnderlying","line":51,"loc":{"start":{"line":51,"column":4},"end":{"line":66,"column":4}}},"4":{"name":"findAllBasic","line":68,"loc":{"start":{"line":68,"column":4},"end":{"line":99,"column":4}}},"5":{"name":"findAllWithUnderlying","line":101,"loc":{"start":{"line":101,"column":4},"end":{"line":113,"column":4}}},"6":{"name":"findUnderlyingOrFinal","line":115,"loc":{"start":{"line":115,"column":4},"end":{"line":130,"column":4}}},"7":{"name":"_isBasic","line":132,"loc":{"start":{"line":132,"column":4},"end":{"line":144,"column":4}}},"8":{"name":"sumAll","line":146,"loc":{"start":{"line":146,"column":4},"end":{"line":160,"column":4}}},"9":{"name":"sumPrior","line":162,"loc":{"start":{"line":162,"column":4},"end":{"line":177,"column":4}}},"10":{"name":"sumAfter","line":179,"loc":{"start":{"line":179,"column":4},"end":{"line":190,"column":4}}},"11":{"name":"normalizeRatios","line":192,"loc":{"start":{"line":192,"column":4},"end":{"line":216,"column":4}}}},"statementMap":{"1":{"start":{"line":26,"column":8},"end":{"line":26,"column":72}},"2":{"start":{"line":27,"column":8},"end":{"line":27,"column":709}},"3":{"start":{"line":31,"column":8},"end":{"line":31,"column":23}},"4":{"start":{"line":39,"column":8},"end":{"line":39,"column":1042}},"5":{"start":{"line":42,"column":8},"end":{"line":42,"column":1151}},"6":{"start":{"line":45,"column":8},"end":{"line":45,"column":1251}},"7":{"start":{"line":48,"column":8},"end":{"line":48,"column":23}},"8":{"start":{"line":56,"column":8},"end":{"line":56,"column":1577}},"9":{"start":{"line":57,"column":12},"end":{"line":57,"column":1638}},"10":{"start":{"line":58,"column":16},"end":{"line":58,"column":1717}},"11":{"start":{"line":73,"column":8},"end":{"line":73,"column":32}},"12":{"start":{"line":74,"column":8},"end":{"line":74,"column":27}},"13":{"start":{"line":75,"column":8},"end":{"line":75,"column":2244}},"14":{"start":{"line":76,"column":12},"end":{"line":76,"column":2305}},"15":{"start":{"line":82,"column":8},"end":{"line":82,"column":2475}},"16":{"start":{"line":83,"column":12},"end":{"line":83,"column":26}},"17":{"start":{"line":86,"column":8},"end":{"line":86,"column":29}},"18":{"start":{"line":87,"column":8},"end":{"line":87,"column":2627}},"19":{"start":{"line":88,"column":12},"end":{"line":88,"column":2688}},"20":{"start":{"line":93,"column":16},"end":{"line":93,"column":2887}},"21":{"start":{"line":94,"column":20},"end":{"line":94,"column":34}},"22":{"start":{"line":98,"column":8},"end":{"line":98,"column":22}},"23":{"start":{"line":106,"column":8},"end":{"line":106,"column":32}},"24":{"start":{"line":107,"column":8},"end":{"line":107,"column":3228}},"25":{"start":{"line":108,"column":12},"end":{"line":108,"column":3289}},"26":{"start":{"line":112,"column":8},"end":{"line":112,"column":22}},"27":{"start":{"line":120,"column":8},"end":{"line":120,"column":32}},"28":{"start":{"line":121,"column":8},"end":{"line":121,"column":3632}},"29":{"start":{"line":122,"column":12},"end":{"line":122,"column":3693}},"30":{"start":{"line":129,"column":8},"end":{"line":129,"column":22}},"31":{"start":{"line":137,"column":8},"end":{"line":137,"column":4060}},"32":{"start":{"line":138,"column":12},"end":{"line":138,"column":4142}},"33":{"start":{"line":141,"column":14},"end":{"line":141,"column":26}},"34":{"start":{"line":143,"column":8},"end":{"line":143,"column":19}},"35":{"start":{"line":151,"column":8},"end":{"line":151,"column":4460}},"36":{"start":{"line":152,"column":12},"end":{"line":152,"column":78}},"37":{"start":{"line":153,"column":12},"end":{"line":153,"column":4609}},"38":{"start":{"line":167,"column":8},"end":{"line":167,"column":5036}},"39":{"start":{"line":168,"column":12},"end":{"line":168,"column":5090}},"40":{"start":{"line":172,"column":12},"end":{"line":172,"column":78}},"41":{"start":{"line":173,"column":12},"end":{"line":173,"column":5316}},"42":{"start":{"line":184,"column":8},"end":{"line":184,"column":5641}},"43":{"start":{"line":185,"column":12},"end":{"line":185,"column":78}},"44":{"start":{"line":186,"column":12},"end":{"line":186,"column":5792}},"45":{"start":{"line":197,"column":8},"end":{"line":197,"column":6095}},"46":{"start":{"line":198,"column":12},"end":{"line":198,"column":6156}},"47":{"start":{"line":199,"column":16},"end":{"line":199,"column":68}},"48":{"start":{"line":200,"column":16},"end":{"line":200,"column":70}},"49":{"start":{"line":206,"column":8},"end":{"line":206,"column":6539}},"50":{"start":{"line":207,"column":12},"end":{"line":207,"column":6600}},"51":{"start":{"line":208,"column":16},"end":{"line":208,"column":67}},"52":{"start":{"line":209,"column":16},"end":{"line":209,"column":70}},"53":{"start":{"line":215,"column":8},"end":{"line":215,"column":19}}},"branchMap":{"1":{"line":58,"type":"if","locations":[{"start":{"line":58,"column":16},"end":{"line":58,"column":16}},{"start":{"line":58,"column":16},"end":{"line":58,"column":16}}]},"2":{"line":76,"type":"if","locations":[{"start":{"line":76,"column":12},"end":{"line":76,"column":12}},{"start":{"line":76,"column":12},"end":{"line":76,"column":12}}]},"3":{"line":82,"type":"if","locations":[{"start":{"line":82,"column":8},"end":{"line":82,"column":8}},{"start":{"line":82,"column":8},"end":{"line":82,"column":8}}]},"4":{"line":88,"type":"if","locations":[{"start":{"line":88,"column":12},"end":{"line":88,"column":12}},{"start":{"line":88,"column":12},"end":{"line":88,"column":12}}]},"5":{"line":93,"type":"if","locations":[{"start":{"line":93,"column":16},"end":{"line":93,"column":16}},{"start":{"line":93,"column":16},"end":{"line":93,"column":16}}]},"6":{"line":108,"type":"if","locations":[{"start":{"line":108,"column":12},"end":{"line":108,"column":12}},{"start":{"line":108,"column":12},"end":{"line":108,"column":12}}]},"7":{"line":122,"type":"if","locations":[{"start":{"line":122,"column":12},"end":{"line":122,"column":12}},{"start":{"line":122,"column":12},"end":{"line":122,"column":12}}]},"8":{"line":123,"type":"cond-expr","locations":[{"start":{"line":123,"column":16},"end":{"line":123,"column":47}},{"start":{"line":124,"column":16},"end":{"line":124,"column":44}}]},"9":{"line":138,"type":"if","locations":[{"start":{"line":138,"column":12},"end":{"line":138,"column":12}},{"start":{"line":138,"column":12},"end":{"line":138,"column":12}}]},"10":{"line":153,"type":"if","locations":[{"start":{"line":153,"column":12},"end":{"line":153,"column":12}},{"start":{"line":153,"column":12},"end":{"line":153,"column":12}}]},"11":{"line":168,"type":"if","locations":[{"start":{"line":168,"column":12},"end":{"line":168,"column":12}},{"start":{"line":168,"column":12},"end":{"line":168,"column":12}}]},"12":{"line":173,"type":"if","locations":[{"start":{"line":173,"column":12},"end":{"line":173,"column":12}},{"start":{"line":173,"column":12},"end":{"line":173,"col
[...]
{"start":{"line":41,"column":12},"end":{"line":41,"column":12}},{"start":{"line":41,"column":12},"end":{"line":41,"column":12}}]},"5":{"line":65,"type":"if","locations":[{"start":{"line":65,"column":12},"end":{"line":65,"column":12}},{"start":{"line":65,"column":12},"end":{"line":65,"column":12}}]},"6":{"line":68,"type":"if","locations":[{"start":{"line":68,"column":66},"end":{"line":68,"column":67}},{"start":{"line":68,"column":71},"end":{"line":68,"column":72}}]},"7":{"line":69,"type":"if","locations":[{"start":{"line":69,"column":16},"end":{"line":69,"column":16}},{"start":{"line":69,"column":16},"end":{"line":69,"column":16}}]},"8":{"line":72,"type":"if","locations":[{"start":{"line":72,"column":26},"end":{"line":72,"column":38}},{"start":{"line":73,"column":26},"end":{"line":73,"column":38}}]},"9":{"line":119,"type":"if","locations":[{"start":{"line":119,"column":16},"end":{"line":119,"column":16}},{"start":{"line":119,"column":16},"end":{"line":119,"column":16}}]},"10":{"line":131,"type":"if","locations":[{"start":{"line":131,"column":16},"end":{"line":131,"column":16}},{"start":{"line":131,"column":16},"end":{"line":131,"column":16}}]},"11":{"line":149,"type":"if","locations":[{"start":{"line":149,"column":8},"end":{"line":149,"column":8}},{"start":{"line":149,"column":8},"end":{"line":149,"column":8}}]},"12":{"line":168,"type":"if","locations":[{"start":{"line":168,"column":8},"end":{"line":168,"column":8}},{"start":{"line":168,"column":8},"end":{"line":168,"column":8}}]},"13":{"line":169,"type":"cond-expr","locations":[{"start":{"line":169,"column":12},"end":{"line":169,"column":27}},{"start":{"line":169,"column":32},"end":{"line":169,"column":63}}]},"14":{"line":169,"type":"cond-expr","locations":[{"start":{"line":169,"column":12},"end":{"line":169,"column":63}},{"start":{"line":169,"column":68},"end":{"line":169,"column":78}}]},"15":{"line":187,"type":"if","locations":[{"start":{"line":187,"column":8},"end":{"line":187,"column":8}},{"start":{"line":187,"column":8},"end":{"line":187,"column":8}}]},"16":{"line":192,"type":"if","locations":[{"start":{"line":192,"column":8},"end":{"line":192,"column":8}},{"start":{"line":192,"column":8},"end":{"line":192,"column":8}}]},"17":{"line":195,"type":"if","locations":[{"start":{"line":195,"column":12},"end":{"line":195,"column":12}},{"start":{"line":195,"column":12},"end":{"line":195,"column":12}}]},"18":{"line":208,"type":"if","locations":[{"start":{"line":208,"column":12},"end":{"line":208,"column":12}},{"start":{"line":208,"column":12},"end":{"line":208,"column":12}}]},"19":{"line":214,"type":"if","locations":[{"start":{"line":214,"column":12},"end":{"line":214,"column":12}},{"start":{"line":214,"column":12},"end":{"line":214,"column":12}}]},"20":{"line":219,"type":"if","locations":[{"start":{"line":219,"column":12},"end":{"line":219,"column":12}},{"start":{"line":219,"column":12},"end":{"line":219,"column":12}}]}}},"contracts\\UniversalSwap.sol":{"l":{"48":0,"49":0,"50":0,"57":0,"61":0,"62":0,"63":0,"65":0,"74":0,"75":0,"76":0,"77":0,"79":0,"89":0,"90":0,"98":0,"110":0,"111":0,"112":0,"113":0,"114":0,"116":0,"117":0,"127":0,"134":0,"135":0,"136":0,"137":0,"138":0,"139":0,"140":0,"146":0,"147":0,"148":0,"151":0,"154":0,"155":0,"156":0,"157":0,"158":0,"160":0,"161":0,"162":0,"163":0,"164":0,"166":0,"167":0,"170":0,"171":0,"173":0,"182":0,"184":0,"191":0,"192":0,"198":0,"206":0,"207":0,"208":0,"209":0,"210":0,"216":0,"218":0,"219":0,"221":0,"225":0,"229":0,"232":0,"241":0,"245":0,"248":0,"249":0,"251":0,"255":0,"256":0,"258":0,"261":0,"262":0,"265":0,"266":0,"268":0,"269":0,"271":0,"287":0,"288":0,"289":0,"290":0,"293":0,"294":0,"297":0,"298":0,"300":0,"303":0,"305":0,"314":0,"315":0,"316":0,"327":0,"328":0,"329":0,"330":0,"331":0,"337":0,"338":0,"340":0,"346":0,"350":0,"351":0,"355":0,"374":0,"375":0,"376":0,"377":0,"379":0,"387":0,"388":0,"389":0,"391":0,"403":0,"404":0,"406":0,"407":0,"411":0,"419":0,"420":0,"421":0,"423":0,"429":0,"434":0,"435":0,"436":0,"445":0,"453":0,"454":0,"455":0,"456":0,"457":0,"458":0,"466":0,"467":0,"468":0,"481":0,"493":0,"498":0,"501":0,"507":0,"511":0,"514":0,"521":0,"522":0,"533":0,"538":0,"539":0,"550":0,"555":0,"556":0,"569":0,"570":0,"571":0,"572":0,"575":0,"576":0,"581":0,"582":0,"587":0,"594":0,"598":0,"601":0,"608":0,"609":0,"614":0,"617":0,"618":0,"624":0,"625":0,"626":0,"627":0,"628":0,"629":0,"630":0,"634":0,"636":0,"637":0,"640":0,"641":0,"642":0,"646":0},"path":"C:\\Users\\alok2\\Downloads\\work3\\uniswapv3_attempt2\\defi_orders\\contracts\\UniversalSwap.sol","s":{"1":0,"2":0,"3":0,"4":0,"5":0,"6":0,"7":0,"8":0,"9":0,"10":0,"11":0,"12":0,"13":0,"14":0,"15":0,"16":0,"17":0,"18":0,"19":0,"20":0,"21":0,"22":0,"23":0,"24":0,"25":0,"26":0,"27":0,"28":0,"29":0,"30":0,"31":0,"32":0,"33":0,"34":0,"35":0,"36":0,"37":0,"38":0,"39":0,"40":0,"41":0,"42":0,"43":0,"44":0,"45":0,"46":0,"47":0,"48":0,"49":0,"50":0,"51":0,"52":0,"53":0,"54":0,"55":0,"56":0,"57":0,"58":0,"59":0,"60":0,"61":0,"62":0,"63":0,"64":0,"65":0,"66":0,"67":0,"68":0,"69":0,"70":0,"71":0,"72":0,"73":0,"74":0,"75":0,"76":0,"77":0,"78":0,"79":0,"80":0,"81":0,"82":0,"83":0,"84":0,"85":0,"86":0,"87":0,"88":0,"89":0,"90":0,"91":0,"92":0,"93":0,"94":0,"95":0,"96":0,"97":0,"98":0,"99":0,"100":0,"101":0,"102":0,"103":0,"104":0,"105":0,"106":0,"107":0,"108":0,"109":0,"110":0,"111":0,"112":0,"113":0,"114":0,"115":0,"116":0,"117":0,"118":0,"119":0,"120":0,"121":0},"b":{"1":[0,0],"2":[0,0],"3":[0,0],"4":[0,0],"5":[0,0],"6":[0,0],"7":[0,0],"8":[0,0],"9":[0,0],"10":[0,0],"11":[0,0],"12":[0,0],"13":[0,0],"14":[0,0],"15":[0,0],"16":[0,0],"17":[0,0],"18":[0,0]},"f":{"1":0,"2":0,"3":0,"4":0,"5":0,"6":0,"7":0,"8":0,"9":0,"10":0,"11":0,"12":0,"13":0,"14":0,"15":0,"16":0,"17":0,"18":0,"19":0,"20":0,"21":0,"22":0},"fnMap":{"1":{"name":"constructor","line":40,"loc":{"start":{"line":40,"column":4},"end":{"line":58,"column":4}}},"2":{"name":"_getWETH","line":60,"loc":{"start":{"line":60,"column":4},"end":{"line":68,"column":4}}},"3":{"name":"_addWETH","line":70,"loc":{"start":{"line":70,"column":4},"end":{"line":80,"column":4}}},"4":{"name":"_burn","line":82,"loc":{"start":{"line":82,"column":4},"end":{"line":102,"column":4}}},"5":{"name":"_mint","line":104,"loc":{"start":{"line":104,"column":4},"end":{"line":128,"column":4}}},"6":{"name":"_simplifyInputTokens","line":130,"loc":{"start":{"line":130,"column":4},"end":{"line":175,"column":4}}},"7":{"name":"_collectAndBreak","line":177,"loc":{"start":{"line":177,"column":4},"end":{"line":199,"column":4}}},"8":{"name":"_break","line":201,"loc":{"start":{"line":201,"column":4},"end":{"line":233,"column":4}}},"9":{"name":"_conductERC20Conversion","line":235,"loc":{"start":{"line":235,"column":4},"end":{"line":279,"column":4}}},"10":{"name":"_conductERC721Conversion","line":281,"loc":{"start":{"line":281,"column":4},"end":{"line":317,"column":4}}},"11":{"name":"_conductConversions","line":319,"loc":{"start":{"line":319,"column":4},"end":{"line":359,"column":4}}},"12":{"name":"_conductSwaps","line":363,"loc":{"start":{"line":363,"column":4},"end":{"line":394,"column":4}}},"13":{"name":"_swap","line":396,"loc":{"start":{"line":396,"column":4},"end":{"line":430,"column":4}}},"14":{"name":"isSupported","line":433,"loc":{"start":{"line":433,"column":4},"end":{"line":437,"column":4}}},"15":{"name":"estimateValue","line":440,"loc":{"start":{"line":440,"column":4},"end":{"line":446,"column":4}}},"16":{"name":"estimateValueERC20","line":448,"loc":{"start":{"line":448,"column":4},"end":{"line":459,"column":4}}},"17":{"name":"estimateValueERC721","line":461,"loc":{"start":{"line":461,"column":4},"end":{"line":473,"column":4}}},"18":{"name":"getUnderlying","line":476,"loc":{"start":{"line":476,"column":4},"end":{"line":482,"column":4}}},"19":{"name":"preSwapComputation","line":485,"loc":{"start":{"line":485,"column":4},"end":{"line":523,"column":4}}},"20":{"name":"swapAfterTransfer","line":526,"loc":{"start":{"line":526,"column":4},"end":{"line":540,"column":4}}},"21":{"name":"swap","line":543,"loc":{"start":{"line":543,"column":4},"end":{"line":557,"column":4}}},"22":{"name":"getAmountsOut","line":559,"loc":{"start":{"line":559,"column":4},"end":{"line":648,"column":4}}}},"statementMap":{"1":{"start":{"line":57,"column":8},"end":{"line":57,"column":43}},"2":{"start":{"line":61,"column":8},"end":{"line":61,"column":79}},"3":{"start":{"line":62,"column":8},"end":{"line":62,"column":2057}},"4":{"start":{"line":63,"column":12},"end":{"line":63,"column":67}},"5":{"start":{"line":74,"column":8},"end":{"line":74,"column":40}},"6":{"start":{"line":75,"column":8},"end":{"line":75,"column":2497}},"7":{"start":{"line":79,"column":8},"end":{"line":79,"column":32}},"8":{"start":{"line":89,"column":8},"end":{"line":89,"column":58}},"9":{"start":{"line":90,"column":8},"end":{"line":90,"column":2956}},"10":{"start":{"line":110,"column":8},"end":{"line":110,"column":70}},"11":{"start":{"line":110,"column":43},"end":{"line":110,"column":70}},"12":{"start":{"line":111,"column":8},"end":{"line":111,"column":3655}},"13":{"start":{"line":112,"column":12},"end":{"line":112,"column":70}},"14":{"start":{"line":113,"column":12},"end":{"line":113,"column":59}},"15":{"start":{"line":114,"column":12},"end":{"line":114,"column":39}},"16":{"start":{"line":116,"column":8},"end":{"line":116,"column":59}},"17":{"start":{"line":117,"column":8},"end":{"line":117,"column":3945}},"18":{"start":{"line":134,"column":8},"end":{"line":134,"column":34}},"19":{"start":{"line":135,"column":8},"end":{"line":135,"column":52}},"20":{"start":{"line":136,"column":8},"end":{"line":136,"column":64}},"21":{"start":{"line":137,"column":8},"end":{"line":137,"column":4708}},"22":{"start":{"line":138,"column":12},"end":{"line":138,"column":4776}},"23":{"start":{"line":140,"column":16},"end":{"line":140,"column":4930}},"24":{"start":{"line":148,"column":16},"end":{"line":148,"column":5360}},"25":{"start":{"line":151,"column":16},"end":{"line":151,"column":5507}},"26":{"start":{"line":154,"column":16},"end":{"line":154,"column":29}},"27":{"start":{"line":155,"column":16},"end":{"line":155,"column":5703}},"28":{"start":{"line":160,"column":16},"end":{"line":160,"column":29}},"29":{"start":{"line":161,"column":16},"end":{"line":161,"column":5954}},"30":{"start":{"line":170,"column":8},"end":{"line":170,"column":6293}},"31":{"start":{"line":171,"column":12},"end":{"line":171,"column":51}},"32":{"start":{"line":173,"column":12},"end":{"line":173,"column":75}},"33":{"start":{"line":182,"column":8},"end":{"line":182,"column":6707}},"34":{"start":{"line":184,"column":12},"end":{"line":184,"column":6867}},"35":{"start":{"line":191,"column":8},"end":{"line":191,"column":7141}},"36":{"start":{"line":192,"column":12},"end":{"line":192,"column":7207}},"37":{"start":{"line":198,"column":8},"end":{"line":198,"column":64}},"38":{"start":{"line":206,"column":8},"end":{"line":206,"column":7661}},"39":{"start":{"line":207,"column":12},"end":{"line":207,"column":43}},"40":{"start":{"line":208,"column":12},"end":{"line":208,"column":71}},"41":{"start":{"line":209,"column":12},"end":{"line":209,"column":61}},"42":{"start":{"line":209,"column":49},"end":{"line":209,"column":60}},"43":{"start":{"line":210,"column":12},"end":{"line":210,"column":7912}},"44":{"start":{"line":216,"column":12},"end":{"line":216,"column":8212}},"45":{"start":{"line":221,"column":8},"end":{"line":221,"column":8502}},"46":{"start":{"line":232,"column":8},"end":{"line":232,"column":57}},"47":{"start":{"line":241,"column":8},"end":{"line":241,"column":9191}},"48":{"start":{"line":245,"column":12},"end":{"line":245,"column":9348}},"49":{"start":{"line":248,"column":12},"end":{"line":248,"column":63}},"50":{"start":{"line":249,"column":12},"end":{"line":249,"column":9545}},"51":{"start":{"line":251,"column":12},"end":{"line":251,"column":9640}},"52":{"start":{"line":256,"column":12},"end":{"line":256,"column":30}},"53":{"start":{"line":258,"column":12},"end":{"line":258,"column":9887}},"54":{"start":{"line":261,"column":12},"end":{"line":261,"column":10013}},"55":{"start":{"line":262,"column":16},"end":{"line":262,"column":10096}},"56":{"start":{"line":265,"column":16},"end":{"line":265,"column":67}},"57":{"start":{"line":266,"column":16},"end":{"line":266,"column":10343}},"58":{"start":{"line":271,"column":12},"end":{"line":271,"column":10544}},"59":{"start":{"line":287,"column":8},"end":{"line":287,"column":51}},"60":{"start":{"line":288,"column":8},"end":{"line":288,"column":67}},"61":{"start":{"line":289,"column":8},"end":{"line":289,"column":57}},"62":{"start":{"line":289,"column":45},"end":{"line":289,"column":56}},"63":{"start":{"line":290,"column":8},"end":{"line":290,"column":11188}},"64":{"start":{"line":293,"column":8},"end":{"line":293,"column":11302}},"65":{"start":{"line":294,"column":12},"end":{"line":294,"column":11381}},"66":{"start":{"line":297,"column":12},"end":{"line":297,"column":63}},"67":{"start":{"line":298,"column":12},"end":{"line":298,"column":11578}},"68":{"start":{"line":305,"column":8},"end":{"line":305,"column":11959}},"69":{"start":{"line":314,"column":8},"end":{"line":314,"column":59}},"70":{"start":{"line":315,"column":8},"end":{"line":315,"column":54}},"71":{"start":{"line":316,"column":8},"end":{"line":316,"column":22}},"72":{"start":{"line":328,"column":8},"end":{"line":328,"column":28}},"73":{"start":{"line":329,"column":8},"end":{"line":329,"column":12853}},"74":{"start":{"line":330,"column":12},"end":{"line":330,"column":12921}},"75":{"start":{"line":331,"column":16},"end":{"line":331,"column":13001}},"76":{"start":{"line":340,"column":16},"end":{"line":340,"column":13334}},"77":{"start":{"line":346,"column":16},"end":{"line":346,"column":13564}},"78":{"start":{"line":351,"column":20},"end":{"line":351,"column":13808}},"79":{"start":{"line":376,"column":8},"end":{"line":376,"column":14467}},"80":{"start":{"line":377,"column":12},"end":{"line":377,"column":14584}},"81":{"start":{"line":379,"column":12},"end":{"line":379,"column":14651}},"82":{"start":{"line":387,"column":12},"end":{"line":387,"column":70}},"83":{"start":{"line":403,"column":8},"end":{"line":403,"column":15503}},"84":{"start":{"line":406,"column":8},"end":{"line":406,"column":47}},"85":{"start":{"line":407,"column":8},"end":{"line":407,"column":15760}},"86":{"start":{"line":411,"column":8},"end":{"line":411,"column":15877}},"87":{"start":{"line":419,"column":8},"end":{"line":419,"column":79}},"88":{"start":{"line":420,"column":8},"end":{"line":420,"column":16213}},"89":{"start":{"line":423,"column":8},"end":{"line":423,"column":16343}},"90":{"start":{"line":429,"column":8},"end":{"line":429,"column":28}},"91":{"start":{"line":434,"column":8},"end":{"line":434,"column":52}},"92":{"start":{"line":434,"column":41},"end":{"line":434,"column":52}},"93":{"start":{"line":435,"column":8},"end":{"line":435,"column":64}},"94":{"start":{"line":435,"column":53},"end":{"line":435,"column":64}},"95":{"start":{"line":436,"column":8},"end":{"line":436,"column":20}},"96":{"start":{"line":445,"column":8},"end":{"line":445,"column":54}},"97":{"start":{"line":453,"column":8},"end":{"line":453,"column":50}},"98":{"start":{"line":454,"column":8},"end":{"line":454,"column":51}},"99":{"start":{"line":457,"column":8},"end":{"line":457,"column":73}},"100":{"start":{"line":458,"column":8},"end":{"line":458,"column":53}},"101":{"start":{"line":466,"column":8},"end":{"line":466,"column":46}},"102":{"start":{"line":468,"column":8},"end":{"line":468,"column":17697}},"103":{"start":{"line":481,"column":8},"end":{"line":481,"column":75}},"104":{"start":{"line":498,"column":8},"end":{"line":498,"column":18649}},"105":{"start":{"line":507,"column":8},"end":{"line":507,"column":18953}},"106":{"start":{"line":522,"column":8},"end":{"line":522,"column":35}},"107":{"start":{"line":539,"column":8},"end":{"line":539,"column":69}},"108":{"start":{"line":556,"column":8},"end":{"line":556,"column":69}},"109":{"start":{"line":569,"column":8},"end":{"line":569,"column":41}},"110":{"start":{"line":570,"column":8},"end":{"line":570,"column":20994}},"111":{"start":{"line":571,"column":12},"end":{"line":571,"column":21066}},"112":{"start":{"line":581,"column":12},"end":{"line":581,"column":30}},"113":{"start":{"line":594,"column":8},"end":{"line":594,"column":21836}},"114":{"start":{"line":608,"column":8},"end":{"line":608,"column":40}},"115":{"start":{"line":625,"column":8},"end":{"line":625,"column":22887}},"116":{"start":{"line":626,"column":12},"end":{"line":626,"column":53}},"117":{"start":{"line":627,"column":12},"end":{"line":627,"column":54}},"118":{"start":{"line":630,"column":12},"end":{"line":630,"column":23164}},"119":{"start":{"line":636,"column":8},"end":{"line":636,"column":23356}},"120":{"start":{"line":640,"column":12},"end":{"line":640,"column":47}},"121":{"start":{"line":642,"column":12},"end":{"line":642,"column":23657}}},"branchMap":{"1":{"line":62,"type":"if","locations":[{"start":{"line":62,"column":8},"end":{"line":62,"column":8}},{"start":{"line":62,"column":8},"end":{"line":62,"column":8}}]},"2":{"line":75,"type":"if","locations":[{"start":{"line":75,"column":8},"end":{"line":75,"column":8}},{"start":{"line":75,"column":8},"end":{"line":75,"column":8}}]},"3":{"line":110,"type":"if","locations":[{"start":{"line":110,"column":8},"end":{"line":110,"column":8}},{"start":{"line":110,"column":8},"end":{"line":110,"column":8}}]},"4":{"line":111,"type":"if","locations":[{"start":{"line":111,"column":8},"end":{"line":111,"column":8}},{"start":{"line":111,"column":8},"end":{"line":111,"column":8}}]},"5":{"line":138,"type":"if","locations":[{"start":{"line":138,"column":12},"end":{"line":138,"column":12}},{"start":{"line":138,"column":12},"end":{"line":138,"column":12}}]},"6":{"line":170,"type":"if","locations":[{"start":{"line":170,"column":8},"end":{"line":170,"column":8}},{"start":{"line":170,"column":8},"end":{"line":170,"column":8}}]},"7":{"line":209,"type":"if","locations":[{"start":{"line":209,"column":12},"end":{"line":209,"column":12}},{"start":{"line":209,"column":12},"end":{"line":209,"column":12}}]},"8":{"line":241,"type":"if","locations":[{"start":{"line":241,"column":8},"end":{"line":241,"column":8}},{"start":{"line":241,"column":8},"end":{"line":241,"column":8}}]},"9":{"line":289,"type":"if","locations":[{"start":{"line":289,"column":8},"end":{"line":289,"column":8}},{"start":{"line":289,"column":8},"end":{"line":289,"column":8}}]},"10":{"line":330,"type":"if","locations":[{"start":{"line":330,"column":12},"end":{"line":330,"column":12}},{"start":{"line":330,"column":12},"end":{"line":330,"column":12}}]},"11":{"line":346,"type":"if","locations":[{"start":{"line":346,"column":16},"end":{"line":346,"column":16}},{"start":{"line":346,"column":16},"end":{"line":346,"column":16}}]},"12":{"line":351,"type":"if","locations":[{"start":{"line":351,"column":20},"end":{"line":351,"column":20}},{"start":{"line":351,"column":20},"end":{"line":351,"column":20}}]},"13":{"line":403,"type":"if","locations":[{"start":{"line":403,"column":8},"end":{"line":403,"column":8}},{"start":{"line":403,"column":8},"end":{"line":403,"column":8}}]},"14":{"line":403,"type":"cond-expr","locations":[{"start":{"line":403,"column":12},"end":{"line":403,"column":28}},{"start":{"line":403,"column":33},"end":{"line":403,"column":55}}]},"15":{"line":406,"type":"if","locations":[{"start":{"line":406,"column":8},"end":{"line":406,"column":8}},{"start":{"line":406,"column":8},"end":{"line":406,"column":8}}]},"16":{"line":434,"type":"if","locations":[{"start":{"line":434,"column":8},"end":{"line":434,"column":8}},{"start":{"line":434,"column":8},"end":{"line":434,"column":8}}]},"17":{"line":435,"type":"if","locations":[{"start":{"line":435,"column":8},"end":{"line":435,"column":8}},{"start":{"line":435,"column":8},"end":{"line":435,"column":8}}]},"18":{"line":571,"type":"if","locations":[{"start":{"line":571,"column":12},"end":{"line":571,"column":12}},{"start":{"line":571,"column":12},"end":{"line":571,"column":12}}]}}}}