{"contracts\\Banks\\BalancerLiquidityGaugeBank.sol":{"l":{},"path":"C:\\Users\\alok2\\Downloads\\work3\\uniswapv3_attempt2\\defi_orders\\contracts\\Banks\\BalancerLiquidityGaugeBank.sol","s":{},"b":{},"f":{},"fnMap":{},"statementMap":{},"branchMap":{}},"contracts\\Banks\\BankBase.sol":{"l":{"21":0,"22":0,"26":0,"27":0,"39":0,"40":0,"41":0,"42":0,"48":0,"54":0,"82":0,"97":0,"101":0},"path":"C:\\Users\\alok2\\Downloads\\work3\\uniswapv3_attempt2\\defi_orders\\contracts\\Banks\\BankBase.sol","s":{"1":0,"2":0,"3":0,"4":0,"5":0,"6":0,"7":0},"b":{"1":[0,0],"2":[0,0],"3":[0,0],"4":[0,0]},"f":{"1":0,"2":0,"3":0,"4":0,"5":0,"6":0,"7":0,"8":0,"9":0},"fnMap":{"1":{"name":"__BankBase_init","line":20,"loc":{"start":{"line":20,"column":4},"end":{"line":23,"column":4}}},"2":{"name":"onlyAuthorized","line":25,"loc":{"start":{"line":25,"column":4},"end":{"line":28,"column":4}}},"3":{"name":"getUnderlyingForFirstDeposit","line":36,"loc":{"start":{"line":36,"column":4},"end":{"line":43,"column":4}}},"4":{"name":"getUnderlyingForRecurringDeposit","line":45,"loc":{"start":{"line":45,"column":4},"end":{"line":49,"column":4}}},"5":{"name":"getRewards","line":53,"loc":{"start":{"line":53,"column":4},"end":{"line":55,"column":4}}},"6":{"name":"getPendingRewardsForUser","line":59,"loc":{"start":{"line":59,"column":4},"end":{"line":62,"column":90}}},"7":{"name":"mintRecurring","line":76,"loc":{"start":{"line":76,"column":4},"end":{"line":83,"column":4}}},"8":{"name":"harvest","line":96,"loc":{"start":{"line":92,"column":4},"end":{"line":98,"column":4}}},"9":{"name":"isUnderlyingERC721","line":100,"loc":{"start":{"line":100,"column":4},"end":{"line":102,"column":4}}}},"statementMap":{"1":{"start":{"line":22,"column":8},"end":{"line":22,"column":23}},"2":{"start":{"line":26,"column":8},"end":{"line":26,"column":83}},"3":{"start":{"line":48,"column":8},"end":{"line":48,"column":52}},"4":{"start":{"line":54,"column":8},"end":{"line":54,"column":27}},"5":{"start":{"line":82,"column":8},"end":{"line":82,"column":74}},"6":{"start":{"line":97,"column":8},"end":{"line":97,"column":47}},"7":{"start":{"line":101,"column":8},"end":{"line":101,"column":20}}},"branchMap":{"1":{"line":20,"type":"if","locations":[{"start":{"line":20,"column":63},"end":{"line":20,"column":63}},{"start":{"line":20,"column":63},"end":{"line":20,"column":63}}]},"2":{"line":26,"type":"if","locations":[{"start":{"line":26,"column":8},"end":{"line":26,"column":8}},{"start":{"line":26,"column":8},"end":{"line":26,"column":8}}]},"3":{"line":26,"type":"cond-expr","locations":[{"start":{"line":26,"column":16},"end":{"line":26,"column":45}},{"start":{"line":26,"column":50},"end":{"line":26,"column":77}}]},"4":{"line":96,"type":"if","locations":[{"start":{"line":96,"column":23},"end":{"line":96,"column":23}},{"start":{"line":96,"column":23},"end":{"line":96,"column":23}}]}}},"contracts\\Banks\\ERC20Bank.sol":{"l":{"19":0,"20":0,"24":0,"28":0,"32":0,"36":0,"37":0,"38":0,"39":0,"41":0,"42":0,"44":0,"45":0,"47":0,"48":0,"50":0,"54":0,"61":0,"62":0,"63":0,"64":0,"65":0,"66":0,"75":0,"76":0,"77":0,"80":0,"81":0,"86":0,"88":0,"89":0,"98":0,"99":0,"100":0,"101":0,"102":0,"104":0,"105":0,"107":0,"108":0,"109":0,"110":0,"111":0,"114":0,"115":0,"117":0,"119":0},"path":"C:\\Users\\alok2\\Downloads\\work3\\uniswapv3_attempt2\\defi_orders\\contracts\\Banks\\ERC20Bank.sol","s":{"1":0,"2":0,"3":0,"4":0,"5":0,"6":0,"7":0,"8":0,"9":0,"10":0,"11":0,"12":0,"13":0,"14":0,"15":0,"16":0,"17":0,"18":0,"19":0,"20":0,"21":0,"22":0,"23":0,"24":0,"25":0,"26":0,"27":0,"28":0,"29":0,"30":0,"31":0,"32":0,"33":0,"34":0},"b":{"1":[0,0],"2":[0,0],"3":[0,0],"4":[0,0],"5":[0,0],"6":[0,0],"7":[0,0],"8":[0,0],"9":[0,0],"10":[0,0],"11":[0,0],"12":[0,0],"13":[0,0]},"f":{"1":0,"2":0,"3":0,"4":0,"5":0,"6":0,"7":0,"8":0,"9":0},"fnMap":{"1":{"name":"initialize","line":18,"loc":{"start":{"line":18,"column":4},"end":{"line":21,"column":4}}},"2":{"name":"encodeId","line":23,"loc":{"start":{"line":23,"column":4},"end":{"line":25,"column":4}}},"3":{"name":"decodeId","line":27,"loc":{"start":{"line":27,"column":4},"end":{"line":29,"column":4}}},"4":{"name":"getLPToken","line":31,"loc":{"start":{"line":31,"column":4},"end":{"line":33,"column":4}}},"5":{"name":"getIdFromLpToken","line":35,"loc":{"start":{"line":35,"column":4},"end":{"line":51,"column":4}}},"6":{"name":"name","line":53,"loc":{"start":{"line":53,"column":4},"end":{"line":55,"column":4}}},"7":{"name":"getPositionTokens","line":57,"loc":{"start":{"line":57,"column":4},"end":{"line":67,"column":4}}},"8":{"name":"mint","line":74,"loc":{"start":{"line":69,"column":4},"end":{"line":90,"column":4}}},"9":{"name":"burn","line":97,"loc":{"start":{"line":92,"column":4},"end":{"line":120,"column":4}}}},"statementMap":{"1":{"start":{"line":19,"column":8},"end":{"line":19,"column":41}},"2":{"start":{"line":20,"column":8},"end":{"line":20,"column":34}},"3":{"start":{"line":24,"column":8},"end":{"line":24,"column":45}},"4":{"start":{"line":28,"column":8},"end":{"line":28,"column":52}},"5":{"start":{"line":36,"column":8},"end":{"line":36,"column":1163}},"6":{"start":{"line":37,"column":12},"end":{"line":37,"column":44}},"7":{"start":{"line":38,"column":8},"end":{"line":38,"column":1273}},"8":{"start":{"line":39,"column":12},"end":{"line":39,"column":29}},"9":{"start":{"line":41,"column":8},"end":{"line":41,"column":1359}},"10":{"start":{"line":42,"column":12},"end":{"line":42,"column":29}},"11":{"start":{"line":44,"column":8},"end":{"line":44,"column":1452}},"12":{"start":{"line":45,"column":12},"end":{"line":45,"column":29}},"13":{"start":{"line":47,"column":8},"end":{"line":47,"column":1553}},"14":{"start":{"line":48,"column":12},"end":{"line":48,"column":29}},"15":{"start":{"line":50,"column":8},"end":{"line":50,"column":40}},"16":{"start":{"line":54,"column":8},"end":{"line":54,"column":27}},"17":{"start":{"line":61,"column":8},"end":{"line":61,"column":49}},"18":{"start":{"line":62,"column":8},"end":{"line":62,"column":56}},"19":{"start":{"line":75,"column":8},"end":{"line":75,"column":49}},"20":{"start":{"line":77,"column":8},"end":{"line":77,"column":58}},"21":{"start":{"line":80,"column":8},"end":{"line":80,"column":2649}},"22":{"start":{"line":81,"column":12},"end":{"line":81,"column":2704}},"23":{"start":{"line":86,"column":12},"end":{"line":86,"column":98}},"24":{"start":{"line":89,"column":8},"end":{"line":89,"column":33}},"25":{"start":{"line":98,"column":8},"end":{"line":98,"column":49}},"26":{"start":{"line":99,"column":8},"end":{"line":99,"column":49}},"27":{"start":{"line":101,"column":8},"end":{"line":101,"column":3482}},"28":{"start":{"line":102,"column":12},"end":{"line":102,"column":57}},"29":{"start":{"line":104,"column":12},"end":{"line":104,"column":73}},"30":{"start":{"line":105,"column":12},"end":{"line":105,"column":46}},"31":{"start":{"line":107,"column":8},"end":{"line":107,"column":42}},"32":{"start":{"line":114,"column":8},"end":{"line":114,"column":3945}},"33":{"start":{"line":115,"column":12},"end":{"line":115,"column":95}},"34":{"start":{"line":117,"column":12},"end":{"line":117,"column":76}}},"branchMap":{"1":{"line":18,"type":"if","locations":[{"start":{"line":18,"column":58},"end":{"line":18,"column":58}},{"start":{"line":18,"column":58},"end":{"line":18,"column":58}}]},"2":{"line":36,"type":"if","locations":[{"start":{"line":36,"column":8},"end":{"line":36,"column":8}},{"start":{"line":36,"column":8},"end":{"line":36,"column":8}}]},"3":{"line":36,"type":"cond-expr","locations":[{"start":{"line":36,"column":12},"end":{"line":36,"column":32}},{"start":{"line":36,"column":37},"end":{"line":36,"column":97}}]},"4":{"line":74,"type":"if","locations":[{"start":{"line":74,"column":22},"end":{"line":74,"column":22}},{"start":{"line":74,"column":22},"end":{"line":74,"column":22}}]},"5":{"line":80,"type":"if","locations":[{"start":{"line":80,"column":8},"end":{"line":80,"column":8}},{"start":{"line":80,"column":8},"end":{"line":80,"column":8}}]},"6":{"line":81,"type":"if","locations":[{"start":{"line":81,"column":12},"end":{"line":81,"column":12}},{"start":{"line":81,"column":12},"end":{"line":81,"column":12}}]},"7":{"line":86,"type":"if","locations":[{"start":{"line":86,"column":12},"end":{"line":86,"column":12}},{"start":{"line":86,"column":12},"end":{"line":86,"column":12}}]},"8":{"line":97,"type":"if","locations":[{"start":{"line":97,"column":24},"end":{"line":97,"column":24}},{"start":{"line":97,"column":24},"end":{"line":97,"column":24}}]},"9":{"line":101,"type":"if","locations":[{"start":{"line":101,"column":8},"end":{"line":101,"column":8}},{"start":{"line":101,"column":8},"end":{"line":101,"column":8}}]},"10":{"line":105,"type":"if","locations":[{"start":{"line":105,"column":12},"end":{"line":105,"column":12}},{"start":{"line":105,"column":12},"end":{"line":105,"column":12}}]},"11":{"line":114,"type":"if","locations":[{"start":{"line":114,"column":8},"end":{"line":114,"column":8}},{"start":{"line":114,"column":8},"end":{"line":114,"column":8}}]},"12":{"line":115,"type":"if","locations":[{"start":{"line":115,"column":12},"end":{"line":115,"column":12}},{"start":{"line":115,"column":12},"end":{"line":115,"column":12}}]},"13":{"line":117,"type":"if","locations":[{"start":{"line":117,"column":12},"end":{"line":117,"column":12}},{"start":{"line":117,"column":12},"end":{"line":117,"column":12}}]}}},"contracts\\Banks\\ERC721Bank.sol":{"l":{"22":0,"26":0,"30":0,"34":0,"35":0,"36":0,"39":0,"45":0,"46":0,"47":0,"51":0,"55":0,"56":0,"57":0,"60":0,"64":0,"73":0,"76":0,"77":0,"86":0,"87":0,"88":0,"90":0,"93":0,"94":0,"95":0,"104":0,"105":0,"106":0,"107":0,"110":0,"112":0,"113":0,"121":0,"122":0,"123":0,"124":0,"127":0,"128":0,"129":0,"130":0,"136":0,"137":0,"138":0,"139":0,"140":0,"146":0,"147":0,"148":0,"153":0,"160":0,"161":0,"162":0,"169":0,"170":0,"171":0,"175":0},"path":"C:\\Users\\alok2\\Downloads\\work3\\uniswapv3_attempt2\\defi_orders\\contracts\\Banks\\ERC721Bank.sol","s":{"1":0,"2":0,"3":0,"4":0,"5":0,"6":0,"7":0,"8":0,"9":0,"10":0,"11":0,"12":0,"13":0,"14":0,"15":0,"16":0,"17":0,"18":0,"19":0,"20":0,"21":0,"22":0,"23":0,"24":0,"25":0,"26":0,"27":0,"28":0,"29":0,"30":0,"31":0,"32":0,"33":0,"34":0,"35":0,"36":0,"37":0,"38":0,"39":0,"40":0,"41":0},"b":{"1":[0,0],"2":[0,0],"3":[0,0],"4":[0,0],"5":[0,0],"6":[0,0],"7":[0,0],"8":[0,0],"9":[0,0],"10":[0,0],"11":[0,0],"12":[0,0]},"f":{"1":0,"2":0,"3":0,"4":0,"5":0,"6":0,"7":0,"8":0,"9":0,"10":0,"11":0,"12":0,"13":0,"14":0,"15":0,"16":0,"17":0,"18":0},"fnMap":{"1":{"name":"initialize","line":21,"loc":{"start":{"line":21,"column":4},"end":{"line":23,"column":4}}},"2":{"name":"addManager","line":25,"loc":{"start":{"line":25,"column":4},"end":{"line":27,"column":4}}},"3":{"name":"setWrapper","line":29,"loc":{"start":{"line":29,"column":4},"end":{"line":31,"column":4}}},"4":{"name":"encodeId","line":33,"loc":{"start":{"line":33,"column":4},"end":{"line":40,"column":4}}},"5":{"name":"decodeId","line":42,"loc":{"start":{"line":42,"column":4},"end":{"line":48,"column":4}}},"6":{"name":"getLPToken","line":50,"loc":{"start":{"line":50,"column":4},"end":{"line":52,"column":4}}},"7":{"name":"getIdFromLpToken","line":54,"loc":{"start":{"line":54,"column":4},"end":{"line":61,"column":4}}},"8":{"name":"name","line":63,"loc":{"start":{"line":63,"column":4},"end":{"line":65,"column":4}}},"9":{"name":"mint","line":72,"loc":{"start":{"line":67,"column":4},"end":{"line":78,"column":4}}},"10":{"name":"mintRecurring","line":85,"loc":{"start":{"line":80,"column":4},"end":{"line":96,"column":4}}},"11":{"name":"burn","line":103,"loc":{"start":{"line":98,"column":4},"end":{"line":114,"column":4}}},"12":{"name":"harvest","line":120,"loc":{"start":{"line":116,"column":4},"end":{"line":131,"column":4}}},"13":{"name":"getUnderlyingForFirstDeposit","line":133,"loc":{"start":{"line":133,"column":4},"end":{"line":141,"column":4}}},"14":{"name":"getUnderlyingForRecurringDeposit","line":143,"loc":{"start":{"line":143,"column":4},"end":{"line":150,"column":4}}},"15":{"name":"getRewards","line":152,"loc":{"start":{"line":152,"column":4},"end":{"line":154,"column":4}}},"16":{"name":"getPendingRewardsForUser","line":156,"loc":{"start":{"line":156,"column":4},"end":{"line":163,"column":4}}},"17":{"name":"getPositionTokens","line":165,"loc":{"start":{"line":165,"column":4},"end":{"line":172,"column":4}}},"18":{"name":"isUnderlyingERC721","line":174,"loc":{"start":{"line":174,"column":4},"end":{"line":176,"column":4}}}},"statementMap":{"1":{"start":{"line":22,"column":8},"end":{"line":22,"column":41}},"2":{"start":{"line":26,"column":8},"end":{"line":26,"column":35}},"3":{"start":{"line":34,"column":8},"end":{"line":34,"column":931}},"4":{"start":{"line":35,"column":12},"end":{"line":35,"column":998}},"5":{"start":{"line":36,"column":16},"end":{"line":36,"column":47}},"6":{"start":{"line":39,"column":8},"end":{"line":39,"column":42}},"7":{"start":{"line":55,"column":8},"end":{"line":55,"column":1740}},"8":{"start":{"line":56,"column":12},"end":{"line":56,"column":1807}},"9":{"start":{"line":57,"column":16},"end":{"line":57,"column":54}},"10":{"start":{"line":60,"column":8},"end":{"line":60,"column":25}},"11":{"start":{"line":64,"column":8},"end":{"line":64,"column":28}},"12":{"start":{"line":73,"column":8},"end":{"line":73,"column":2275}},"13":{"start":{"line":77,"column":8},"end":{"line":77,"column":21}},"14":{"start":{"line":86,"column":8},"end":{"line":86,"column":58}},"15":{"start":{"line":87,"column":8},"end":{"line":87,"column":59}},"16":{"start":{"line":88,"column":8},"end":{"line":88,"column":49}},"17":{"start":{"line":90,"column":8},"end":{"line":90,"column":2910}},"18":{"start":{"line":93,"column":8},"end":{"line":93,"column":58}},"19":{"start":{"line":95,"column":8},"end":{"line":95,"column":21}},"20":{"start":{"line":104,"column":8},"end":{"line":104,"column":58}},"21":{"start":{"line":105,"column":8},"end":{"line":105,"column":59}},"22":{"start":{"line":106,"column":8},"end":{"line":106,"column":49}},"23":{"start":{"line":107,"column":8},"end":{"line":107,"column":3640}},"24":{"start":{"line":112,"column":8},"end":{"line":112,"column":102}},"25":{"start":{"line":121,"column":8},"end":{"line":121,"column":58}},"26":{"start":{"line":122,"column":8},"end":{"line":122,"column":59}},"27":{"start":{"line":123,"column":8},"end":{"line":123,"column":49}},"28":{"start":{"line":124,"column":8},"end":{"line":124,"column":4529}},"29":{"start":{"line":127,"column":8},"end":{"line":127,"column":102}},"30":{"start":{"line":130,"column":8},"end":{"line":130,"column":47}},"31":{"start":{"line":136,"column":8},"end":{"line":136,"column":49}},"32":{"start":{"line":146,"column":8},"end":{"line":146,"column":63}},"33":{"start":{"line":147,"column":8},"end":{"line":147,"column":72}},"34":{"start":{"line":148,"column":8},"end":{"line":148,"column":48}},"35":{"start":{"line":160,"column":8},"end":{"line":160,"column":63}},"36":{"start":{"line":161,"column":8},"end":{"line":161,"column":72}},"37":{"start":{"line":162,"column":8},"end":{"line":162,"column":61}},"38":{"start":{"line":169,"column":8},"end":{"line":169,"column":63}},"39":{"start":{"line":170,"column":8},"end":{"line":170,"column":72}},"40":{"start":{"line":171,"column":8},"end":{"line":171,"column":61}},"41":{"start":{"line":175,"column":8},"end":{"line":175,"column":19}}},"branchMap":{"1":{"line":21,"type":"if","locations":[{"start":{"line":21,"column":58},"end":{"line":21,"column":58}},{"start":{"line":21,"column":58},"end":{"line":21,"column":58}}]},"2":{"line":25,"type":"if","locations":[{"start":{"line":25,"column":53},"end":{"line":25,"column":53}},{"start":{"line":25,"column":53},"end":{"line":25,"column":53}}]},"3":{"line":29,"type":"if","locations":[{"start":{"line":29,"column":70},"end":{"line":29,"column":70}},{"start":{"line":29,"column":70},"end":{"line":29,"column":70}}]},"4":{"line":35,"type":"if","locations":[{"start":{"line":35,"column":12},"end":{"line":35,"column":12}},{"start":{"line":35,"column":12},"end":{"line":35,"column":12}}]},"5":{"line":56,"type":"if","locations":[{"start":{"line":56,"column":12},"end":{"line":56,"column":12}},{"start":{"line":56,"column":12},"end":{"line":56,"column":12}}]},"6":{"line":72,"type":"if","locations":[{"start":{"line":72,"column":22},"end":{"line":72,"column":22}},{"start":{"line":72,"column":22},"end":{"line":72,"column":22}}]},"7":{"line":85,"type":"if","locations":[{"start":{"line":85,"column":24},"end":{"line":85,"column":24}},{"start":{"line":85,"column":24},"end":{"line":85,"column":24}}]},"8":{"line":86,"type":"if","locations":[{"start":{"line":86,"column":8},"end":{"line":86,"column":8}},{"start":{"line":86,"column":8},"end":{"line":86,"column":8}}]},"9":{"line":103,"type":"if","locations":[{"start":{"line":103,"column":24},"end":{"line":103,"column":24}},{"start":{"line":103,"column":24},"end":{"line":103,"column":24}}]},"10":{"line":104,"type":"if","locations":[{"start":{"line":104,"column":8},"end":{"line":104,"column":8}},{"start":{"line":104,"column":8},"end":{"line":104,"column":8}}]},"11":{"line":120,"type":"if","locations":[{"start":{"line":120,"column":24},"end":{"line":120,"column":24}},{"start":{"line":120,"column":24},"end":{"line":120,"column":24}}]},"12":{"line":121,"type":"if","locations":[{"start":{"line":121,"column":8},"end":{"line":121,"column":8}},{"start":{"line":121,"column":8},"end":{"line":121,"column":8}}]}}},"contracts\\Banks\\ERC721Wrappers.sol":{"l":{"58":0,"59":0,"60":0,"61":0,"62":0,"63":0,"64":0,"65":0,"66":0,"68":0,"72":0,"75":0,"76":0,"77":0,"86":0,"87":0,"89":0,"90":0,"91":0,"92":0,"93":0,"94":0,"96":0,"97":0,"99":0,"101":0,"102":0,"104":0,"105":0,"106":0,"108":0,"109":0,"111":0,"120":0,"121":0,"123":0,"126":0,"132":0,"133":0,"134":0,"135":0,"136":0,"137":0,"138":0,"139":0,"140":0,"148":0,"149":0,"155":0,"156":0,"157":0,"158":0,"159":0,"160":0,"161":0,"168":0,"182":0,"183":0,"184":0,"185":0,"186":0,"187":0,"188":0,"189":0,"190":0,"191":0,"192":0,"193":0,"194":0,"196":0,"197":0,"198":0,"204":0,"205":0,"206":0,"207":0,"209":0,"211":0,"212":0,"220":0,"221":0,"222":0,"223":0,"224":0,"225":0,"226":0,"227":0,"234":0,"248":0,"251":0,"252":0,"258":0,"259":0,"260":0,"261":0,"262":0,"263":0,"267":0,"268":0,"269":0,"270":0,"271":0,"272":0,"279":0,"280":0,"281":0,"282":0,"283":0,"284":0,"285":0,"286":0,"287":0,"288":0,"302":0,"306":0,"308":0,"312":0,"315":0,"325":0,"338":0,"339":0,"340":0,"341":0,"342":0,"343":0,"344":0,"346":0,"347":0,"348":0,"351":0,"353":0,"354":0,"355":0,"357":0,"361":0,"362":0,"363":0,"365":0,"368":0,"369":0},"path":"C:\\Users\\alok2\\Downloads\\work3\\uniswapv3_attempt2\\defi_orders\\contracts\\Banks\\ERC721Wrappers.sol","s":{"1":0,"2":0,"3":0,"4":0,"5":0,"6":0,"7":0,"8":0,"9":0,"10":0,"11":0,"12":0,"13":0,"14":0,"15":0,"16":0,"17":0,"18":0,"19":0,"20":0,"21":0,"22":0,"23":0,"24":0,"25":0,"26":0,"27":0,"28":0,"29":0,"30":0,"31":0,"32":0,"33":0,"34":0,"35":0,"36":0,"37":0,"38":0,"39":0,"40":0,"41":0,"42":0,"43":0,"44":0,"45":0,"46":0,"47":0,"48":0,"49":0,"50":0,"51":0,"52":0,"53":0,"54":0,"55":0,"56":0,"57":0,"58":0,"59":0,"60":0,"61":0,"62":0,"63":0,"64":0,"65":0,"66":0,"67":0,"68":0,"69":0,"70":0,"71":0,"72":0,"73":0,"74":0,"75":0,"76":0,"77":0,"78":0,"79":0},"b":{"1":[0,0],"2":[0,0],"3":[0,0],"4":[0,0],"5":[0,0],"6":[0,0],"7":[0,0],"8":[0,0],"9":[0,0]},"f":{"1":0,"2":0,"3":0,"4":0,"5":0,"6":0,"7":0,"8":0,"9":0,"10":0,"11":0,"12":0},"fnMap":{"1":{"name":"isSupported","line":57,"loc":{"start":{"line":57,"column":4},"end":{"line":69,"column":4}}},"2":{"name":"getPoolAddress","line":71,"loc":{"start":{"line":71,"column":4},"end":{"line":78,"column":4}}},"3":{"name":"deposit","line":80,"loc":{"start":{"line":80,"column":4},"end":{"line":112,"column":4}}},"4":{"name":"withdraw","line":114,"loc":{"start":{"line":114,"column":4},"end":{"line":141,"column":4}}},"5":{"name":"harvest","line":143,"loc":{"start":{"line":143,"column":4},"end":{"line":162,"column":4}}},"6":{"name":"getRatio","line":164,"loc":{"start":{"line":164,"column":4},"end":{"line":214,"column":4}}},"7":{"name":"getRewardsForPosition","line":216,"loc":{"start":{"line":216,"column":4},"end":{"line":228,"column":4}}},"8":{"name":"getPositionUnderlying","line":230,"loc":{"start":{"line":230,"column":4},"end":{"line":264,"column":4}}},"9":{"name":"getERC20Base","line":266,"loc":{"start":{"line":266,"column":4},"end":{"line":273,"column":4}}},"10":{"name":"getPendingFees","line":275,"loc":{"start":{"line":275,"column":4},"end":{"line":318,"column":4}}},"11":{"name":"_getPositionID","line":320,"loc":{"start":{"line":320,"column":4},"end":{"line":326,"column":4}}},"12":{"name":"_computeFeesEarned","line":329,"loc":{"start":{"line":329,"column":4},"end":{"line":371,"column":4}}}},"statementMap":{"1":{"start":{"line":58,"column":8},"end":{"line":58,"column":57}},"2":{"start":{"line":59,"column":8},"end":{"line":59,"column":38}},"3":{"start":{"line":60,"column":8},"end":{"line":60,"column":38}},"4":{"start":{"line":61,"column":8},"end":{"line":61,"column":31}},"5":{"start":{"line":62,"column":8},"end":{"line":62,"column":89}},"6":{"start":{"line":63,"column":8},"end":{"line":63,"column":72}},"7":{"start":{"line":64,"column":8},"end":{"line":64,"column":74}},"8":{"start":{"line":65,"column":8},"end":{"line":65,"column":2461}},"9":{"start":{"line":66,"column":12},"end":{"line":66,"column":23}},"10":{"start":{"line":68,"column":8},"end":{"line":68,"column":20}},"11":{"start":{"line":72,"column":8},"end":{"line":72,"column":2676}},"12":{"start":{"line":75,"column":8},"end":{"line":75,"column":72}},"13":{"start":{"line":76,"column":8},"end":{"line":76,"column":85}},"14":{"start":{"line":77,"column":8},"end":{"line":77,"column":26}},"15":{"start":{"line":86,"column":8},"end":{"line":86,"column":3211}},"16":{"start":{"line":87,"column":12},"end":{"line":87,"column":87}},"17":{"start":{"line":89,"column":8},"end":{"line":89,"column":113}},"18":{"start":{"line":90,"column":8},"end":{"line":90,"column":23}},"19":{"start":{"line":91,"column":8},"end":{"line":91,"column":23}},"20":{"start":{"line":92,"column":8},"end":{"line":92,"column":3538}},"21":{"start":{"line":99,"column":8},"end":{"line":99,"column":3880}},"22":{"start":{"line":101,"column":8},"end":{"line":101,"column":113}},"23":{"start":{"line":102,"column":8},"end":{"line":102,"column":72}},"24":{"start":{"line":104,"column":8},"end":{"line":104,"column":4212}},"25":{"start":{"line":105,"column":12},"end":{"line":105,"column":70}},"26":{"start":{"line":106,"column":12},"end":{"line":106,"column":70}},"27":{"start":{"line":108,"column":12},"end":{"line":108,"column":70}},"28":{"start":{"line":109,"column":12},"end":{"line":109,"column":70}},"29":{"start":{"line":111,"column":8},"end":{"line":111,"column":21}},"30":{"start":{"line":120,"column":8},"end":{"line":120,"column":113}},"31":{"start":{"line":121,"column":8},"end":{"line":121,"column":5033}},"32":{"start":{"line":123,"column":8},"end":{"line":123,"column":5156}},"33":{"start":{"line":126,"column":8},"end":{"line":126,"column":5305}},"34":{"start":{"line":132,"column":8},"end":{"line":132,"column":59}},"35":{"start":{"line":133,"column":8},"end":{"line":133,"column":58}},"36":{"start":{"line":134,"column":8},"end":{"line":134,"column":58}},"37":{"start":{"line":148,"column":8},"end":{"line":148,"column":113}},"38":{"start":{"line":149,"column":8},"end":{"line":149,"column":6232}},"39":{"start":{"line":155,"column":8},"end":{"line":155,"column":97}},"40":{"start":{"line":168,"column":8},"end":{"line":168,"column":6978}},"41":{"start":{"line":182,"column":8},"end":{"line":182,"column":101}},"42":{"start":{"line":183,"column":8},"end":{"line":183,"column":82}},"43":{"start":{"line":184,"column":8},"end":{"line":184,"column":25}},"44":{"start":{"line":185,"column":8},"end":{"line":185,"column":57}},"45":{"start":{"line":188,"column":12},"end":{"line":188,"column":93}},"46":{"start":{"line":189,"column":12},"end":{"line":189,"column":59}},"47":{"start":{"line":198,"column":12},"end":{"line":198,"column":8022}},"48":{"start":{"line":204,"column":12},"end":{"line":204,"column":25}},"49":{"start":{"line":205,"column":12},"end":{"line":205,"column":38}},"50":{"start":{"line":206,"column":12},"end":{"line":206,"column":8388}},"51":{"start":{"line":220,"column":8},"end":{"line":220,"column":71}},"52":{"start":{"line":221,"column":8},"end":{"line":221,"column":118}},"53":{"start":{"line":234,"column":8},"end":{"line":234,"column":9575}},"54":{"start":{"line":248,"column":8},"end":{"line":248,"column":9836}},"55":{"start":{"line":251,"column":8},"end":{"line":251,"column":57}},"56":{"start":{"line":252,"column":8},"end":{"line":252,"column":10059}},"57":{"start":{"line":267,"column":8},"end":{"line":267,"column":57}},"58":{"start":{"line":268,"column":8},"end":{"line":268,"column":38}},"59":{"start":{"line":269,"column":8},"end":{"line":269,"column":38}},"60":{"start":{"line":279,"column":8},"end":{"line":279,"column":23}},"61":{"start":{"line":280,"column":8},"end":{"line":280,"column":23}},"62":{"start":{"line":281,"column":8},"end":{"line":281,"column":40}},"63":{"start":{"line":282,"column":8},"end":{"line":282,"column":40}},"64":{"start":{"line":283,"column":8},"end":{"line":283,"column":27}},"65":{"start":{"line":285,"column":12},"end":{"line":285,"column":26}},"66":{"start":{"line":286,"column":12},"end":{"line":286,"column":26}},"67":{"start":{"line":287,"column":12},"end":{"line":287,"column":22}},"68":{"start":{"line":306,"column":8},"end":{"line":306,"column":50}},"69":{"start":{"line":308,"column":8},"end":{"line":308,"column":11880}},"70":{"start":{"line":325,"column":8},"end":{"line":325,"column":74}},"71":{"start":{"line":338,"column":8},"end":{"line":338,"column":37}},"72":{"start":{"line":339,"column":8},"end":{"line":339,"column":37}},"73":{"start":{"line":340,"column":8},"end":{"line":340,"column":31}},"74":{"start":{"line":341,"column":8},"end":{"line":341,"column":13098}},"75":{"start":{"line":353,"column":12},"end":{"line":353,"column":34}},"76":{"start":{"line":354,"column":12},"end":{"line":354,"column":13683}},"77":{"start":{"line":361,"column":12},"end":{"line":361,"column":34}},"78":{"start":{"line":362,"column":12},"end":{"line":362,"column":13966}},"79":{"start":{"line":368,"column":12},"end":{"line":368,"column":87}}},"branchMap":{"1":{"line":65,"type":"if","locations":[{"start":{"line":65,"column":8},"end":{"line":65,"column":8}},{"start":{"line":65,"column":8},"end":{"line":65,"column":8}}]},"2":{"line":92,"type":"if","locations":[{"start":{"line":92,"column":8},"end":{"line":92,"column":8}},{"start":{"line":92,"column":8},"end":{"line":92,"column":8}}]},"3":{"line":104,"type":"if","locations":[{"start":{"line":104,"column":8},"end":{"line":104,"column":8}},{"start":{"line":104,"column":8},"end":{"line":104,"column":8}}]},"4":{"line":188,"type":"if","locations":[{"start":{"line":188,"column":45},"end":{"line":188,"column":67}},{"start":{"line":188,"column":71},"end":{"line":188,"column":92}}]},"5":{"line":191,"type":"if","locations":[{"start":{"line":191,"column":44},"end":{"line":191,"column":63}},{"start":{"line":191,"column":67},"end":{"line":191,"column":85}}]},"6":{"line":206,"type":"if","locations":[{"start":{"line":206,"column":12},"end":{"line":206,"column":12}},{"start":{"line":206,"column":12},"end":{"line":206,"column":12}}]},"7":{"line":341,"type":"if","locations":[{"start":{"line":341,"column":8},"end":{"line":341,"column":8}},{"start":{"line":341,"column":8},"end":{"line":341,"column":8}}]},"8":{"line":354,"type":"if","locations":[{"start":{"line":354,"column":12},"end":{"line":354,"column":12}},{"start":{"line":354,"column":12},"end":{"line":354,"column":12}}]},"9":{"line":362,"type":"if","locations":[{"start":{"line":362,"column":12},"end":{"line":362,"column":12}},{"start":{"line":362,"column":12},"end":{"line":362,"column":12}}]}}},"contracts\\Banks\\MasterChefBank.sol":{"l":{"30":0,"31":0,"32":0,"36":0,"40":0,"41":0,"42":0,"43":0,"46":0,"47":0,"51":0,"52":0,"53":0,"57":0,"61":0,"65":0,"66":0,"67":0,"68":0,"69":0,"72":0,"76":0,"77":0,"78":0,"85":0,"86":0,"87":0,"88":0,"89":0,"90":0,"91":0,"92":0,"93":0,"94":0,"97":0,"98":0,"99":0,"108":0,"109":0,"110":0,"111":0,"112":0,"113":0,"117":0,"118":0,"119":0,"120":0,"126":0,"127":0,"128":0,"129":0,"130":0,"131":0,"132":0,"133":0,"135":0,"136":0,"137":0,"138":0,"144":0,"145":0,"151":0,"152":0,"163":0,"164":0,"165":0,"166":0,"167":0,"168":0,"169":0,"170":0,"171":0,"172":0,"173":0,"174":0,"178":0,"179":0,"180":0,"189":0,"190":0,"191":0,"192":0,"193":0,"194":0,"195":0,"199":0,"200":0,"201":0,"202":0,"203":0,"204":0,"205":0,"206":0,"207":0,"208":0,"216":0,"217":0,"218":0,"219":0,"220":0,"221":0,"222":0,"223":0,"224":0,"227":0,"228":0,"229":0,"230":0,"232":0,"233":0,"235":0},"path":"C:\\Users\\alok2\\Downloads\\work3\\uniswapv3_attempt2\\defi_orders\\contracts\\Banks\\MasterChefBank.sol","s":{"1":0,"2":0,"3":0,"4":0,"5":0,"6":0,"7":0,"8":0,"9":0,"10":0,"11":0,"12":0,"13":0,"14":0,"15":0,"16":0,"17":0,"18":0,"19":0,"20":0,"21":0,"22":0,"23":0,"24":0,"25":0,"26":0,"27":0,"28":0,"29":0,"30":0,"31":0,"32":0,"33":0,"34":0,"35":0,"36":0,"37":0,"38":0,"39":0,"40":0,"41":0,"42":0,"43":0,"44":0,"45":0,"46":0,"47":0,"48":0,"49":0,"50":0,"51":0,"52":0,"53":0,"54":0,"55":0,"56":0,"57":0,"58":0,"59":0,"60":0,"61":0,"62":0,"63":0,"64":0,"65":0,"66":0,"67":0,"68":0,"69":0,"70":0,"71":0,"72":0,"73":0,"74":0,"75":0,"76":0,"77":0,"78":0,"79":0,"80":0},"b":{"1":[0,0],"2":[0,0],"3":[0,0],"4":[0,0],"5":[0,0],"6":[0,0],"7":[0,0],"8":[0,0],"9":[0,0],"10":[0,0],"11":[0,0],"12":[0,0]},"f":{"1":0,"2":0,"3":0,"4":0,"5":0,"6":0,"7":0,"8":0,"9":0,"10":0,"11":0,"12":0,"13":0,"14":0,"15":0,"16":0,"17":0},"fnMap":{"1":{"name":"initialize","line":29,"loc":{"start":{"line":29,"column":4},"end":{"line":33,"column":4}}},"2":{"name":"encodeId","line":35,"loc":{"start":{"line":35,"column":4},"end":{"line":37,"column":4}}},"3":{"name":"setMasterChefWrapper","line":39,"loc":{"start":{"line":39,"column":4},"end":{"line":48,"column":4}}},"4":{"name":"decodeId","line":50,"loc":{"start":{"line":50,"column":4},"end":{"line":54,"column":4}}},"5":{"name":"getLPToken","line":56,"loc":{"start":{"line":56,"column":4},"end":{"line":58,"column":4}}},"6":{"name":"name","line":60,"loc":{"start":{"line":60,"column":4},"end":{"line":62,"column":4}}},"7":{"name":"getIdFromLpToken","line":64,"loc":{"start":{"line":64,"column":4},"end":{"line":73,"column":4}}},"8":{"name":"getRewards","line":75,"loc":{"start":{"line":75,"column":4},"end":{"line":79,"column":4}}},"9":{"name":"getPendingRewardsForUser","line":81,"loc":{"start":{"line":81,"column":4},"end":{"line":102,"column":4}}},"10":{"name":"getPositionTokens","line":104,"loc":{"start":{"line":104,"column":4},"end":{"line":114,"column":4}}},"11":{"name":"_harvest","line":116,"loc":{"start":{"line":116,"column":4},"end":{"line":123,"column":4}}},"12":{"name":"updateToken","line":125,"loc":{"start":{"line":125,"column":4},"end":{"line":141,"column":4}}},"13":{"name":"_deposit","line":143,"loc":{"start":{"line":143,"column":4},"end":{"line":148,"column":4}}},"14":{"name":"_withdraw","line":150,"loc":{"start":{"line":150,"column":4},"end":{"line":155,"column":4}}},"15":{"name":"mint","line":162,"loc":{"start":{"line":157,"column":4},"end":{"line":181,"column":4}}},"16":{"name":"burn","line":188,"loc":{"start":{"line":183,"column":4},"end":{"line":209,"column":4}}},"17":{"name":"harvest","line":215,"loc":{"start":{"line":211,"column":4},"end":{"line":236,"column":4}}}},"statementMap":{"1":{"start":{"line":31,"column":8},"end":{"line":31,"column":41}},"2":{"start":{"line":32,"column":8},"end":{"line":32,"column":39}},"3":{"start":{"line":36,"column":8},"end":{"line":36,"column":49}},"4":{"start":{"line":41,"column":8},"end":{"line":41,"column":1431}},"5":{"start":{"line":42,"column":12},"end":{"line":42,"column":1507}},"6":{"start":{"line":43,"column":16},"end":{"line":43,"column":22}},"7":{"start":{"line":46,"column":8},"end":{"line":46,"column":44}},"8":{"start":{"line":47,"column":8},"end":{"line":47,"column":54}},"9":{"start":{"line":61,"column":8},"end":{"line":61,"column":32}},"10":{"start":{"line":65,"column":8},"end":{"line":65,"column":2352}},"11":{"start":{"line":66,"column":12},"end":{"line":66,"column":104}},"12":{"start":{"line":67,"column":12},"end":{"line":67,"column":74}},"13":{"start":{"line":68,"column":12},"end":{"line":68,"column":2610}},"14":{"start":{"line":69,"column":16},"end":{"line":69,"column":68}},"15":{"start":{"line":72,"column":8},"end":{"line":72,"column":25}},"16":{"start":{"line":76,"column":8},"end":{"line":76,"column":63}},"17":{"start":{"line":77,"column":8},"end":{"line":77,"column":87}},"18":{"start":{"line":78,"column":8},"end":{"line":78,"column":38}},"19":{"start":{"line":85,"column":8},"end":{"line":85,"column":49}},"20":{"start":{"line":86,"column":8},"end":{"line":86,"column":40}},"21":{"start":{"line":87,"column":8},"end":{"line":87,"column":63}},"22":{"start":{"line":88,"column":8},"end":{"line":88,"column":47}},"23":{"start":{"line":91,"column":8},"end":{"line":91,"column":3603}},"24":{"start":{"line":92,"column":12},"end":{"line":92,"column":3639}},"25":{"start":{"line":93,"column":16},"end":{"line":93,"column":43}},"26":{"start":{"line":94,"column":16},"end":{"line":94,"column":3763}},"27":{"start":{"line":97,"column":16},"end":{"line":97,"column":107}},"28":{"start":{"line":98,"column":16},"end":{"line":98,"column":98}},"29":{"start":{"line":108,"column":8},"end":{"line":108,"column":49}},"30":{"start":{"line":109,"column":8},"end":{"line":109,"column":56}},"31":{"start":{"line":117,"column":8},"end":{"line":117,"column":60}},"32":{"start":{"line":118,"column":8},"end":{"line":118,"column":73}},"33":{"start":{"line":119,"column":8},"end":{"line":119,"column":87}},"34":{"start":{"line":120,"column":8},"end":{"line":120,"column":4956}},"35":{"start":{"line":126,"column":8},"end":{"line":126,"column":78}},"36":{"start":{"line":127,"column":8},"end":{"line":127,"column":49}},"37":{"start":{"line":128,"column":8},"end":{"line":128,"column":40}},"38":{"start":{"line":129,"column":8},"end":{"line":129,"column":5348}},"39":{"start":{"line":130,"column":12},"end":{"line":130,"column":105}},"40":{"start":{"line":131,"column":12},"end":{"line":131,"column":74}},"41":{"start":{"line":132,"column":12},"end":{"line":132,"column":5567}},"42":{"start":{"line":135,"column":12},"end":{"line":135,"column":45}},"43":{"start":{"line":136,"column":12},"end":{"line":136,"column":5768}},"44":{"start":{"line":144,"column":8},"end":{"line":144,"column":66}},"45":{"start":{"line":145,"column":8},"end":{"line":145,"column":6204}},"46":{"start":{"line":151,"column":8},"end":{"line":151,"column":66}},"47":{"start":{"line":152,"column":8},"end":{"line":152,"column":6518}},"48":{"start":{"line":163,"column":8},"end":{"line":163,"column":27}},"49":{"start":{"line":164,"column":8},"end":{"line":164,"column":78}},"50":{"start":{"line":165,"column":8},"end":{"line":165,"column":49}},"51":{"start":{"line":166,"column":8},"end":{"line":166,"column":76}},"52":{"start":{"line":167,"column":8},"end":{"line":167,"column":52}},"53":{"start":{"line":168,"column":8},"end":{"line":168,"column":49}},"54":{"start":{"line":171,"column":8},"end":{"line":171,"column":101}},"55":{"start":{"line":172,"column":8},"end":{"line":172,"column":7449}},"56":{"start":{"line":173,"column":12},"end":{"line":173,"column":39}},"57":{"start":{"line":178,"column":8},"end":{"line":178,"column":58}},"58":{"start":{"line":179,"column":8},"end":{"line":179,"column":59}},"59":{"start":{"line":180,"column":8},"end":{"line":180,"column":33}},"60":{"start":{"line":189,"column":8},"end":{"line":189,"column":27}},"61":{"start":{"line":190,"column":8},"end":{"line":190,"column":78}},"62":{"start":{"line":191,"column":8},"end":{"line":191,"column":49}},"63":{"start":{"line":192,"column":8},"end":{"line":192,"column":101}},"64":{"start":{"line":193,"column":8},"end":{"line":193,"column":8379}},"65":{"start":{"line":194,"column":12},"end":{"line":194,"column":39}},"66":{"start":{"line":201,"column":8},"end":{"line":201,"column":41}},"67":{"start":{"line":202,"column":8},"end":{"line":202,"column":53}},"68":{"start":{"line":203,"column":8},"end":{"line":203,"column":42}},"69":{"start":{"line":204,"column":8},"end":{"line":204,"column":57}},"70":{"start":{"line":216,"column":8},"end":{"line":216,"column":27}},"71":{"start":{"line":217,"column":8},"end":{"line":217,"column":49}},"72":{"start":{"line":218,"column":8},"end":{"line":218,"column":63}},"73":{"start":{"line":219,"column":8},"end":{"line":219,"column":101}},"74":{"start":{"line":222,"column":8},"end":{"line":222,"column":9653}},"75":{"start":{"line":223,"column":12},"end":{"line":223,"column":39}},"76":{"start":{"line":224,"column":12},"end":{"line":224,"column":9758}},"77":{"start":{"line":227,"column":12},"end":{"line":227,"column":101}},"78":{"start":{"line":229,"column":12},"end":{"line":229,"column":10092}},"79":{"start":{"line":230,"column":16},"end":{"line":230,"column":67}},"80":{"start":{"line":235,"column":8},"end":{"line":235,"column":52}}},"branchMap":{"1":{"line":29,"type":"if","locations":[{"start":{"line":29,"column":58},"end":{"line":29,"column":58}},{"start":{"line":29,"column":58},"end":{"line":29,"column":58}}]},"2":{"line":39,"type":"if","locations":[{"start":{"line":39,"column":80},"end":{"line":39,"column":80}},{"start":{"line":39,"column":80},"end":{"line":39,"column":80}}]},"3":{"line":42,"type":"if","locations":[{"start":{"line":42,"column":12},"end":{"line":42,"column":12}},{"start":{"line":42,"column":12},"end":{"line":42,"column":12}}]},"4":{"line":68,"type":"if","locations":[{"start":{"line":68,"column":12},"end":{"line":68,"column":12}},{"start":{"line":68,"column":12},"end":{"line":68,"column":12}}]},"5":{"line":91,"type":"if","locations":[{"start":{"line":91,"column":8},"end":{"line":91,"column":8}},{"start":{"line":91,"column":8},"end":{"line":91,"column":8}}]},"6":{"line":125,"type":"if","locations":[{"start":{"line":125,"column":51},"end":{"line":125,"column":51}},{"start":{"line":125,"column":51},"end":{"line":125,"column":51}}]},"7":{"line":129,"type":"if","locations":[{"start":{"line":129,"column":8},"end":{"line":129,"column":8}},{"start":{"line":129,"column":8},"end":{"line":129,"column":8}}]},"8":{"line":162,"type":"if","locations":[{"start":{"line":162,"column":22},"end":{"line":162,"column":22}},{"start":{"line":162,"column":22},"end":{"line":162,"column":22}}]},"9":{"line":165,"type":"if","locations":[{"start":{"line":165,"column":8},"end":{"line":165,"column":8}},{"start":{"line":165,"column":8},"end":{"line":165,"column":8}}]},"10":{"line":188,"type":"if","locations":[{"start":{"line":188,"column":24},"end":{"line":188,"column":24}},{"start":{"line":188,"column":24},"end":{"line":188,"column":24}}]},"11":{"line":215,"type":"if","locations":[{"start":{"line":215,"column":24},"end":{"line":215,"column":24}},{"start":{"line":215,"column":24},"end":{"line":215,"column":24}}]},"12":{"line":229,"type":"if","locations":[{"start":{"line":229,"column":12},"end":{"line":229,"column":12}},{"start":{"line":229,"column":12},"end":{"line":229,"column":12}}]}}},"contracts\\Banks\\MasterChefWrappers.sol":{"l":{"25":0,"26":0,"27":0,"31":0,"32":0,"33":0,"38":0,"39":0,"40":0,"44":0,"51":0,"54":0,"55":0,"56":0,"57":0,"58":0,"76":0,"77":0,"78":0,"79":0,"94":0,"95":0,"99":0,"103":0,"107":0,"108":0,"119":0,"120":0,"121":0,"122":0,"136":0,"140":0,"141":0,"142":0,"143":0,"144":0,"145":0,"147":0,"153":0,"156":0,"157":0,"158":0,"159":0,"160":0,"161":0,"162":0,"163":0,"164":0,"165":0,"170":0,"174":0,"178":0,"179":0,"190":0,"191":0,"192":0,"193":0,"207":0,"211":0,"215":0,"219":0,"220":0},"path":"C:\\Users\\alok2\\Downloads\\work3\\uniswapv3_attempt2\\defi_orders\\contracts\\Banks\\MasterChefWrappers.sol","s":{"1":0,"2":0,"3":0,"4":0,"5":0,"6":0,"7":0,"8":0,"9":0,"10":0,"11":0,"12":0,"13":0,"14":0,"15":0,"16":0,"17":0,"18":0,"19":0,"20":0,"21":0,"22":0,"23":0,"24":0,"25":0,"26":0,"27":0,"28":0,"29":0,"30":0,"31":0,"32":0,"33":0,"34":0,"35":0,"36":0,"37":0,"38":0,"39":0,"40":0},"b":{"1":[0,0],"2":[0,0],"3":[0,0],"4":[0,0]},"f":{"1":0,"2":0,"3":0,"4":0,"5":0,"6":0,"7":0,"8":0,"9":0,"10":0,"11":0,"12":0,"13":0,"14":0,"15":0,"16":0,"17":0,"18":0,"19":0,"20":0,"21":0,"22":0},"fnMap":{"1":{"name":"getRewards","line":24,"loc":{"start":{"line":24,"column":4},"end":{"line":28,"column":4}}},"2":{"name":"initialize","line":30,"loc":{"start":{"line":30,"column":4},"end":{"line":35,"column":4}}},"3":{"name":"setSupported","line":37,"loc":{"start":{"line":37,"column":4},"end":{"line":41,"column":4}}},"4":{"name":"getIdFromLpToken","line":43,"loc":{"start":{"line":43,"column":4},"end":{"line":46,"column":4}}},"5":{"name":"getPendingRewards","line":48,"loc":{"start":{"line":48,"column":4},"end":{"line":59,"column":4}}},"6":{"name":"constructor","line":75,"loc":{"start":{"line":75,"column":4},"end":{"line":80,"column":4}}},"7":{"name":"getLpToken","line":93,"loc":{"start":{"line":93,"column":4},"end":{"line":96,"column":4}}},"8":{"name":"deposit","line":98,"loc":{"start":{"line":98,"column":4},"end":{"line":100,"column":4}}},"9":{"name":"withdraw","line":102,"loc":{"start":{"line":102,"column":4},"end":{"line":104,"column":4}}},"10":{"name":"harvest","line":106,"loc":{"start":{"line":106,"column":4},"end":{"line":109,"column":4}}},"11":{"name":"constructor","line":118,"loc":{"start":{"line":118,"column":4},"end":{"line":123,"column":4}}},"12":{"name":"getLpToken","line":135,"loc":{"start":{"line":135,"column":4},"end":{"line":137,"column":4}}},"13":{"name":"getRewards","line":139,"loc":{"start":{"line":139,"column":4},"end":{"line":148,"column":4}}},"14":{"name":"getPendingRewards","line":150,"loc":{"start":{"line":150,"column":4},"end":{"line":167,"column":4}}},"15":{"name":"deposit","line":169,"loc":{"start":{"line":169,"column":4},"end":{"line":171,"column":4}}},"16":{"name":"withdraw","line":173,"loc":{"start":{"line":173,"column":4},"end":{"line":175,"column":4}}},"17":{"name":"harvest","line":177,"loc":{"start":{"line":177,"column":4},"end":{"line":181,"column":4}}},"18":{"name":"constructor","line":189,"loc":{"start":{"line":189,"column":4},"end":{"line":194,"column":4}}},"19":{"name":"getLpToken","line":206,"loc":{"start":{"line":206,"column":4},"end":{"line":208,"column":4}}},"20":{"name":"deposit","line":210,"loc":{"start":{"line":210,"column":4},"end":{"line":212,"column":4}}},"21":{"name":"withdraw","line":214,"loc":{"start":{"line":214,"column":4},"end":{"line":216,"column":4}}},"22":{"name":"harvest","line":218,"loc":{"start":{"line":218,"column":4},"end":{"line":221,"column":4}}}},"statementMap":{"1":{"start":{"line":25,"column":8},"end":{"line":25,"column":51}},"2":{"start":{"line":27,"column":8},"end":{"line":27,"column":22}},"3":{"start":{"line":31,"column":8},"end":{"line":31,"column":67}},"4":{"start":{"line":32,"column":8},"end":{"line":32,"column":1075}},"5":{"start":{"line":33,"column":12},"end":{"line":33,"column":26}},"6":{"start":{"line":38,"column":8},"end":{"line":38,"column":41}},"7":{"start":{"line":44,"column":8},"end":{"line":44,"column":1501}},"8":{"start":{"line":44,"column":61},"end":{"line":44,"column":78}},"9":{"start":{"line":45,"column":13},"end":{"line":45,"column":55}},"10":{"start":{"line":51,"column":8},"end":{"line":51,"column":1742}},"11":{"start":{"line":54,"column":8},"end":{"line":54,"column":59}},"12":{"start":{"line":79,"column":8},"end":{"line":79,"column":19}},"13":{"start":{"line":94,"column":8},"end":{"line":94,"column":84}},"14":{"start":{"line":95,"column":8},"end":{"line":95,"column":27}},"15":{"start":{"line":99,"column":8},"end":{"line":99,"column":53}},"16":{"start":{"line":103,"column":8},"end":{"line":103,"column":54}},"17":{"start":{"line":107,"column":8},"end":{"line":107,"column":50}},"18":{"start":{"line":108,"column":8},"end":{"line":108,"column":49}},"19":{"start":{"line":122,"column":8},"end":{"line":122,"column":19}},"20":{"start":{"line":136,"column":8},"end":{"line":136,"column":62}},"21":{"start":{"line":140,"column":8},"end":{"line":140,"column":51}},"22":{"start":{"line":142,"column":8},"end":{"line":142,"column":75}},"23":{"start":{"line":143,"column":8},"end":{"line":143,"column":5245}},"24":{"start":{"line":144,"column":12},"end":{"line":144,"column":96}},"25":{"start":{"line":147,"column":8},"end":{"line":147,"column":22}},"26":{"start":{"line":153,"column":8},"end":{"line":153,"column":5619}},"27":{"start":{"line":156,"column":8},"end":{"line":156,"column":59}},"28":{"start":{"line":161,"column":8},"end":{"line":161,"column":75}},"29":{"start":{"line":162,"column":8},"end":{"line":162,"column":6053}},"30":{"start":{"line":163,"column":12},"end":{"line":163,"column":119}},"31":{"start":{"line":170,"column":8},"end":{"line":170,"column":77}},"32":{"start":{"line":174,"column":8},"end":{"line":174,"column":78}},"33":{"start":{"line":178,"column":8},"end":{"line":178,"column":6773}},"34":{"start":{"line":179,"column":12},"end":{"line":179,"column":73}},"35":{"start":{"line":193,"column":8},"end":{"line":193,"column":19}},"36":{"start":{"line":207,"column":8},"end":{"line":207,"column":62}},"37":{"start":{"line":211,"column":8},"end":{"line":211,"column":53}},"38":{"start":{"line":215,"column":8},"end":{"line":215,"column":54}},"39":{"start":{"line":219,"column":8},"end":{"line":219,"column":50}},"40":{"start":{"line":220,"column":8},"end":{"line":220,"column":49}}},"branchMap":{"1":{"line":44,"type":"if","locations":[{"start":{"line":44,"column":8},"end":{"line":44,"column":8}},{"start":{"line":44,"column":8},"end":{"line":44,"column":8}}]},"2":{"line":44,"type":"cond-expr","locations":[{"start":{"line":44,"column":12},"end":{"line":44,"column":33}},{"start":{"line":44,"column":38},"end":{"line":44,"column":58}}]},"3":{"line":143,"type":"if","locations":[{"start":{"line":143,"column":8},"end":{"line":143,"column":8}},{"start":{"line":143,"column":8},"end":{"line":143,"column":8}}]},"4":{"line":162,"type":"if","locations":[{"start":{"line":162,"column":8},"end":{"line":162,"column":8}},{"start":{"line":162,"column":8},"end":{"line":162,"column":8}}]}}},"contracts\\BasicOracle.sol":{"l":{"18":0,"19":0,"23":0,"24":0,"26":0,"27":0,"28":0,"29":0,"30":0,"40":0,"41":0,"42":0,"44":0,"52":0,"56":0,"57":0,"58":0,"59":0,"60":0,"61":0,"62":0,"63":0,"64":0,"65":0,"69":0,"73":0,"74":0,"75":0,"76":0,"77":0,"78":0,"80":0,"83":0,"84":0,"85":0,"86":0,"87":0,"88":0,"89":0,"90":0,"91":0,"96":0,"101":0,"105":0,"114":0,"115":0,"119":0,"120":0,"121":0,"122":0,"123":0,"124":0,"126":0,"129":0,"130":0,"131":0,"132":0,"133":0,"134":0,"135":0,"136":0,"137":0,"139":0,"141":0,"145":0,"153":0,"157":0,"161":0,"162":0,"163":0,"164":0,"165":0,"166":0,"169":0,"170":0,"174":0,"175":0,"176":0,"177":0,"179":0},"path":"C:\\Users\\alok2\\Downloads\\work3\\uniswapv3_attempt2\\defi_orders\\contracts\\BasicOracle.sol","s":{"1":0,"2":0,"3":0,"4":0,"5":0,"6":0,"7":0,"8":0,"9":0,"10":0,"11":0,"12":0,"13":0,"14":0,"15":0,"16":0,"17":0,"18":0,"19":0,"20":0,"21":0,"22":0,"23":0,"24":0,"25":0,"26":0,"27":0,"28":0,"29":0,"30":0,"31":0,"32":0,"33":0,"34":0,"35":0,"36":0,"37":0,"38":0,"39":0,"40":0,"41":0,"42":0,"43":0,"44":0,"45":0,"46":0,"47":0,"48":0,"49":0,"50":0,"51":0,"52":0,"53":0,"54":0,"55":0,"56":0,"57":0,"58":0,"59":0,"60":0,"61":0},"b":{"1":[0,0],"2":[0,0],"3":[0,0],"4":[0,0],"5":[0,0],"6":[0,0],"7":[0,0],"8":[0,0],"9":[0,0],"10":[0,0],"11":[0,0],"12":[0,0],"13":[0,0],"14":[0,0],"15":[0,0],"16":[0,0]},"f":{"1":0,"2":0,"3":0,"4":0,"5":0,"6":0,"7":0,"8":0,"9":0,"10":0,"11":0,"12":0},"fnMap":{"1":{"name":"constructor","line":17,"loc":{"start":{"line":17,"column":4},"end":{"line":20,"column":4}}},"2":{"name":"getSqrtTwapX96","line":22,"loc":{"start":{"line":22,"column":4},"end":{"line":34,"column":4}}},"3":{"name":"getPrice1X96FromSqrtPriceX96","line":36,"loc":{"start":{"line":36,"column":4},"end":{"line":46,"column":4}}},"4":{"name":"getPrice0X96FromSqrtPriceX96","line":48,"loc":{"start":{"line":48,"column":4},"end":{"line":53,"column":4}}},"5":{"name":"getMainPair","line":55,"loc":{"start":{"line":55,"column":4},"end":{"line":70,"column":4}}},"6":{"name":"getPrice","line":72,"loc":{"start":{"line":72,"column":4},"end":{"line":106,"column":4}}},"7":{"name":"constructor","line":113,"loc":{"start":{"line":113,"column":4},"end":{"line":116,"column":4}}},"8":{"name":"getPrice","line":118,"loc":{"start":{"line":118,"column":4},"end":{"line":146,"column":4}}},"9":{"name":"constructor","line":152,"loc":{"start":{"line":152,"column":4},"end":{"line":154,"column":4}}},"10":{"name":"setSources","line":156,"loc":{"start":{"line":156,"column":4},"end":{"line":158,"column":4}}},"11":{"name":"_calculateMean","line":160,"loc":{"start":{"line":160,"column":4},"end":{"line":171,"column":4}}},"12":{"name":"getPrice","line":173,"loc":{"start":{"line":173,"column":4},"end":{"line":180,"column":4}}}},"statementMap":{"1":{"start":{"line":23,"column":8},"end":{"line":23,"column":890}},"2":{"start":{"line":26,"column":12},"end":{"line":26,"column":57}},"3":{"start":{"line":29,"column":12},"end":{"line":29,"column":99}},"4":{"start":{"line":40,"column":8},"end":{"line":40,"column":38}},"5":{"start":{"line":41,"column":8},"end":{"line":41,"column":1623}},"6":{"start":{"line":42,"column":12},"end":{"line":42,"column":91}},"7":{"start":{"line":44,"column":12},"end":{"line":44,"column":91}},"8":{"start":{"line":52,"column":8},"end":{"line":52,"column":67}},"9":{"start":{"line":56,"column":8},"end":{"line":56,"column":64}},"10":{"start":{"line":57,"column":8},"end":{"line":57,"column":32}},"11":{"start":{"line":58,"column":8},"end":{"line":58,"column":24}},"12":{"start":{"line":59,"column":8},"end":{"line":59,"column":2357}},"13":{"start":{"line":60,"column":12},"end":{"line":60,"column":83}},"14":{"start":{"line":61,"column":12},"end":{"line":61,"column":2511}},"15":{"start":{"line":62,"column":16},"end":{"line":62,"column":75}},"16":{"start":{"line":63,"column":16},"end":{"line":63,"column":2641}},"17":{"start":{"line":69,"column":8},"end":{"line":69,"column":23}},"18":{"start":{"line":73,"column":8},"end":{"line":73,"column":56}},"19":{"start":{"line":74,"column":8},"end":{"line":74,"column":2983}},"20":{"start":{"line":75,"column":12},"end":{"line":75,"column":58}},"21":{"start":{"line":76,"column":12},"end":{"line":76,"column":62}},"22":{"start":{"line":77,"column":12},"end":{"line":77,"column":3153}},"23":{"start":{"line":78,"column":16},"end":{"line":78,"column":104}},"24":{"start":{"line":80,"column":16},"end":{"line":80,"column":104}},"25":{"start":{"line":83,"column":8},"end":{"line":83,"column":3444}},"26":{"start":{"line":84,"column":12},"end":{"line":84,"column":73}},"27":{"start":{"line":85,"column":12},"end":{"line":85,"column":3591}},"28":{"start":{"line":86,"column":16},"end":{"line":86,"column":65}},"29":{"start":{"line":87,"column":16},"end":{"line":87,"column":89}},"30":{"start":{"line":88,"column":16},"end":{"line":88,"column":41}},"31":{"start":{"line":89,"column":16},"end":{"line":89,"column":69}},"32":{"start":{"line":90,"column":16},"end":{"line":90,"column":3916}},"33":{"start":{"line":101,"column":16},"end":{"line":101,"column":4494}},"34":{"start":{"line":105,"column":8},"end":{"line":105,"column":16}},"35":{"start":{"line":119,"column":8},"end":{"line":119,"column":63}},"36":{"start":{"line":120,"column":8},"end":{"line":120,"column":4997}},"37":{"start":{"line":121,"column":12},"end":{"line":121,"column":61}},"38":{"start":{"line":122,"column":12},"end":{"line":122,"column":59}},"39":{"start":{"line":123,"column":12},"end":{"line":123,"column":5170}},"40":{"start":{"line":124,"column":16},"end":{"line":124,"column":75}},"41":{"start":{"line":126,"column":16},"end":{"line":126,"column":75}},"42":{"start":{"line":129,"column":8},"end":{"line":129,"column":5403}},"43":{"start":{"line":131,"column":12},"end":{"line":131,"column":5546}},"44":{"start":{"line":132,"column":16},"end":{"line":132,"column":65}},"45":{"start":{"line":133,"column":16},"end":{"line":133,"column":89}},"46":{"start":{"line":134,"column":16},"end":{"line":134,"column":63}},"47":{"start":{"line":135,"column":16},"end":{"line":135,"column":41}},"48":{"start":{"line":136,"column":16},"end":{"line":136,"column":5865}},"49":{"start":{"line":141,"column":16},"end":{"line":141,"column":6245}},"50":{"start":{"line":145,"column":8},"end":{"line":145,"column":16}},"51":{"start":{"line":161,"column":8},"end":{"line":161,"column":21}},"52":{"start":{"line":162,"column":8},"end":{"line":162,"column":25}},"53":{"start":{"line":163,"column":8},"end":{"line":163,"column":6719}},"54":{"start":{"line":164,"column":12},"end":{"line":164,"column":6781}},"55":{"start":{"line":169,"column":8},"end":{"line":169,"column":34}},"56":{"start":{"line":170,"column":8},"end":{"line":170,"column":32}},"57":{"start":{"line":174,"column":8},"end":{"line":174,"column":70}},"58":{"start":{"line":174,"column":32},"end":{"line":174,"column":70}},"59":{"start":{"line":175,"column":8},"end":{"line":175,"column":63}},"60":{"start":{"line":176,"column":8},"end":{"line":176,"column":7203}},"61":{"start":{"line":179,"column":8},"end":{"line":179,"column":37}}},"branchMap":{"1":{"line":23,"type":"if","locations":[{"start":{"line":23,"column":8},"end":{"line":23,"column":8}},{"start":{"line":23,"column":8},"end":{"line":23,"column":8}}]},"2":{"line":41,"type":"if","locations":[{"start":{"line":41,"column":8},"end":{"line":41,"column":8}},{"start":{"line":41,"column":8},"end":{"line":41,"column":8}}]},"3":{"line":61,"type":"if","locations":[{"start":{"line":61,"column":12},"end":{"line":61,"column":12}},{"start":{"line":61,"column":12},"end":{"line":61,"column":12}}]},"4":{"line":63,"type":"if","locations":[{"start":{"line":63,"column":16},"end":{"line":63,"column":16}},{"start":{"line":63,"column":16},"end":{"line":63,"column":16}}]},"5":{"line":74,"type":"if","locations":[{"start":{"line":74,"column":8},"end":{"line":74,"column":8}},{"start":{"line":74,"column":8},"end":{"line":74,"column":8}}]},"6":{"line":77,"type":"if","locations":[{"start":{"line":77,"column":12},"end":{"line":77,"column":12}},{"start":{"line":77,"column":12},"end":{"line":77,"column":12}}]},"7":{"line":85,"type":"if","locations":[{"start":{"line":85,"column":12},"end":{"line":85,"column":12}},{"start":{"line":85,"column":12},"end":{"line":85,"column":12}}]},"8":{"line":90,"type":"if","locations":[{"start":{"line":90,"column":16},"end":{"line":90,"column":16}},{"start":{"line":90,"column":16},"end":{"line":90,"column":16}}]},"9":{"line":120,"type":"if","locations":[{"start":{"line":120,"column":8},"end":{"line":120,"column":8}},{"start":{"line":120,"column":8},"end":{"line":120,"column":8}}]},"10":{"line":123,"type":"if","locations":[{"start":{"line":123,"column":12},"end":{"line":123,"column":12}},{"start":{"line":123,"column":12},"end":{"line":123,"column":12}}]},"11":{"line":131,"type":"if","locations":[{"start":{"line":131,"column":12},"end":{"line":131,"column":12}},{"start":{"line":131,"column":12},"end":{"line":131,"column":12}}]},"12":{"line":136,"type":"if","locations":[{"start":{"line":136,"column":16},"end":{"line":136,"column":16}},{"start":{"line":136,"column":16},"end":{"line":136,"column":16}}]},"13":{"line":156,"type":"if","locations":[{"start":{"line":156,"column":60},"end":{"line":156,"column":60}},{"start":{"line":156,"column":60},"end":{"line":156,"column":60}}]},"14":{"line":164,"type":"if","locations":[{"start":{"line":164,"column":12},"end":{"line":164,"column":12}},{"start":{"line":164,"column":12},"end":{"line":164,"column":12}}]},"15":{"line":169,"type":"if","locations":[{"start":{"line":169,"column":8},"end":{"line":169,"column":8}},{"start":{"line":169,"column":8},"end":{"line":169,"column":8}}]},"16":{"line":174,"type":"if","locations":[{"start":{"line":174,"column":8},"end":{"line":174,"column":8}},{"start":{"line":174,"column":8},"end":{"line":174,"column":8}}]}}},"contracts\\libraries\\AddressArray.sol":{"l":{"8":0,"9":0,"10":0,"12":0,"13":0,"15":0,"19":0,"20":0,"21":0,"23":0,"24":0,"28":0,"29":0,"30":0,"31":0,"32":0,"33":0,"36":0,"40":0,"41":0,"42":0,"43":0,"44":0,"47":0,"48":0,"50":0,"51":0,"52":0,"53":0,"54":0,"55":0,"56":0,"57":0,"61":0,"65":0,"66":0,"67":0,"70":0,"74":0,"75":0,"76":0,"79":0,"86":0,"87":0,"88":0,"89":0,"90":0,"91":0,"92":0,"96":0,"97":0,"98":0,"99":0,"102":0,"103":0,"104":0,"105":0,"106":0,"107":0,"108":0,"109":0,"115":0,"116":0,"117":0,"118":0,"119":0,"120":0,"121":0,"124":0,"125":0,"128":0,"132":0,"133":0,"134":0,"139":0,"140":0,"141":0},"path":"C:\\Users\\alok2\\Downloads\\work3\\uniswapv3_attempt2\\defi_orders\\contracts\\libraries\\AddressArray.sol","s":{"1":0,"2":0,"3":0,"4":0,"5":0,"6":0,"7":0,"8":0,"9":0,"10":0,"11":0,"12":0,"13":0,"14":0,"15":0,"16":0,"17":0,"18":0,"19":0,"20":0,"21":0,"22":0,"23":0,"24":0,"25":0,"26":0,"27":0,"28":0,"29":0,"30":0,"31":0,"32":0,"33":0,"34":0,"35":0,"36":0,"37":0,"38":0,"39":0,"40":0,"41":0,"42":0,"43":0,"44":0,"45":0,"46":0,"47":0,"48":0,"49":0,"50":0,"51":0,"52":0,"53":0,"54":0},"b":{"1":[0,0],"2":[0,0],"3":[0,0],"4":[0,0],"5":[0,0],"6":[0,0],"7":[0,0],"8":[0,0],"9":[0,0],"10":[0,0],"11":[0,0],"12":[0,0],"13":[0,0]},"f":{"1":0,"2":0,"3":0,"4":0,"5":0,"6":0,"7":0,"8":0,"9":0,"10":0},"fnMap":{"1":{"name":"concat","line":7,"loc":{"start":{"line":7,"column":4},"end":{"line":16,"column":4}}},"2":{"name":"append","line":18,"loc":{"start":{"line":18,"column":4},"end":{"line":25,"column":4}}},"3":{"name":"remove","line":27,"loc":{"start":{"line":27,"column":4},"end":{"line":37,"column":4}}},"4":{"name":"findAll","line":39,"loc":{"start":{"line":39,"column":4},"end":{"line":62,"column":4}}},"5":{"name":"findFirst","line":64,"loc":{"start":{"line":64,"column":4},"end":{"line":71,"column":4}}},"6":{"name":"exists","line":73,"loc":{"start":{"line":73,"column":4},"end":{"line":80,"column":4}}},"7":{"name":"shrink","line":82,"loc":{"start":{"line":82,"column":4},"end":{"line":112,"column":4}}},"8":{"name":"equal","line":114,"loc":{"start":{"line":114,"column":4},"end":{"line":129,"column":4}}},"9":{"name":"copy","line":131,"loc":{"start":{"line":131,"column":4},"end":{"line":136,"column":4}}},"10":{"name":"log","line":138,"loc":{"start":{"line":138,"column":4},"end":{"line":143,"column":4}}}},"statementMap":{"1":{"start":{"line":8,"column":8},"end":{"line":8,"column":77}},"2":{"start":{"line":9,"column":8},"end":{"line":9,"column":331}},"3":{"start":{"line":12,"column":8},"end":{"line":12,"column":425}},"4":{"start":{"line":15,"column":8},"end":{"line":15,"column":23}},"5":{"start":{"line":19,"column":8},"end":{"line":19,"column":66}},"6":{"start":{"line":20,"column":8},"end":{"line":20,"column":738}},"7":{"start":{"line":24,"column":8},"end":{"line":24,"column":23}},"8":{"start":{"line":29,"column":8},"end":{"line":29,"column":26}},"9":{"start":{"line":30,"column":8},"end":{"line":30,"column":1091}},"10":{"start":{"line":31,"column":12},"end":{"line":31,"column":1148}},"11":{"start":{"line":36,"column":8},"end":{"line":36,"column":23}},"12":{"start":{"line":40,"column":8},"end":{"line":40,"column":29}},"13":{"start":{"line":41,"column":8},"end":{"line":41,"column":24}},"14":{"start":{"line":42,"column":8},"end":{"line":42,"column":1470}},"15":{"start":{"line":43,"column":12},"end":{"line":43,"column":1527}},"16":{"start":{"line":47,"column":8},"end":{"line":47,"column":1614}},"17":{"start":{"line":48,"column":12},"end":{"line":48,"column":26}},"18":{"start":{"line":51,"column":8},"end":{"line":51,"column":26}},"19":{"start":{"line":52,"column":8},"end":{"line":52,"column":1755}},"20":{"start":{"line":53,"column":12},"end":{"line":53,"column":1812}},"21":{"start":{"line":56,"column":16},"end":{"line":56,"column":1929}},"22":{"start":{"line":57,"column":20},"end":{"line":57,"column":34}},"23":{"start":{"line":61,"column":8},"end":{"line":61,"column":22}},"24":{"start":{"line":65,"column":8},"end":{"line":65,"column":2163}},"25":{"start":{"line":66,"column":12},"end":{"line":66,"column":2220}},"26":{"start":{"line":67,"column":16},"end":{"line":67,"column":24}},"27":{"start":{"line":70,"column":8},"end":{"line":70,"column":26}},"28":{"start":{"line":74,"column":8},"end":{"line":74,"column":2424}},"29":{"start":{"line":75,"column":12},"end":{"line":75,"column":2481}},"30":{"start":{"line":76,"column":16},"end":{"line":76,"column":27}},"31":{"start":{"line":79,"column":8},"end":{"line":79,"column":20}},"32":{"start":{"line":86,"column":8},"end":{"line":86,"column":56}},"33":{"start":{"line":87,"column":8},"end":{"line":87,"column":2823}},"34":{"start":{"line":88,"column":12},"end":{"line":88,"column":2880}},"35":{"start":{"line":89,"column":16},"end":{"line":89,"column":2941}},"36":{"start":{"line":96,"column":8},"end":{"line":96,"column":23}},"37":{"start":{"line":97,"column":8},"end":{"line":97,"column":3174}},"38":{"start":{"line":98,"column":12},"end":{"line":98,"column":3231}},"39":{"start":{"line":104,"column":8},"end":{"line":104,"column":24}},"40":{"start":{"line":105,"column":8},"end":{"line":105,"column":3438}},"41":{"start":{"line":106,"column":12},"end":{"line":106,"column":3495}},"42":{"start":{"line":115,"column":8},"end":{"line":115,"column":56}},"43":{"start":{"line":115,"column":44},"end":{"line":115,"column":56}},"44":{"start":{"line":116,"column":8},"end":{"line":116,"column":3854}},"45":{"start":{"line":117,"column":12},"end":{"line":117,"column":35}},"46":{"start":{"line":118,"column":12},"end":{"line":118,"column":3950}},"47":{"start":{"line":119,"column":16},"end":{"line":119,"column":4013}},"48":{"start":{"line":124,"column":12},"end":{"line":124,"column":4149}},"49":{"start":{"line":125,"column":16},"end":{"line":125,"column":28}},"50":{"start":{"line":128,"column":8},"end":{"line":128,"column":19}},"51":{"start":{"line":133,"column":8},"end":{"line":133,"column":4390}},"52":{"start":{"line":139,"column":8},"end":{"line":139,"column":73}},"53":{"start":{"line":140,"column":8},"end":{"line":140,"column":4621}},"54":{"start":{"line":141,"column":12},"end":{"line":141,"column":34}}},"branchMap":{"1":{"line":31,"type":"if","locations":[{"start":{"line":31,"column":12},"end":{"line":31,"column":12}},{"start":{"line":31,"column":12},"end":{"line":31,"column":12}}]},"2":{"line":43,"type":"if","locations":[{"start":{"line":43,"column":12},"end":{"line":43,"column":12}},{"start":{"line":43,"column":12},"end":{"line":43,"column":12}}]},"3":{"line":47,"type":"if","locations":[{"start":{"line":47,"column":8},"end":{"line":47,"column":8}},{"start":{"line":47,"column":8},"end":{"line":47,"column":8}}]},"4":{"line":53,"type":"if","locations":[{"start":{"line":53,"column":12},"end":{"line":53,"column":12}},{"start":{"line":53,"column":12},"end":{"line":53,"column":12}}]},"5":{"line":56,"type":"if","locations":[{"start":{"line":56,"column":16},"end":{"line":56,"column":16}},{"start":{"line":56,"column":16},"end":{"line":56,"column":16}}]},"6":{"line":66,"type":"if","locations":[{"start":{"line":66,"column":12},"end":{"line":66,"column":12}},{"start":{"line":66,"column":12},"end":{"line":66,"column":12}}]},"7":{"line":75,"type":"if","locations":[{"start":{"line":75,"column":12},"end":{"line":75,"column":12}},{"start":{"line":75,"column":12},"end":{"line":75,"column":12}}]},"8":{"line":89,"type":"if","locations":[{"start":{"line":89,"column":16},"end":{"line":89,"column":16}},{"start":{"line":89,"column":16},"end":{"line":89,"column":16}}]},"9":{"line":98,"type":"if","locations":[{"start":{"line":98,"column":12},"end":{"line":98,"column":12}},{"start":{"line":98,"column":12},"end":{"line":98,"column":12}}]},"10":{"line":106,"type":"if","locations":[{"start":{"line":106,"column":12},"end":{"line":106,"column":12}},{"start":{"line":106,"column":12},"end":{"line":106,"column":12}}]},"11":{"line":115,"type":"if","locations":[{"start":{"line":115,"column":8},"end":{"line":115,"column":8}},{"start":{"line":115,"column":8},"end":{"line":115,"column":8}}]},"12":{"line":119,"type":"if","locations":[{"start":{"line":119,"column":16},"end":{"line":119,"column":16}},{"start":{"line":119,"column":16},"end":{"line":119,"column":16}}]},"13":{"line":124,"type":"if","locations":[{"start":{"line":124,"column":12},"end":{"line":124,"column":12}},{"start":{"line":124,"column":12},"end":{"line":124,"column":12}}]}}},"contracts\\libraries\\Conversions.sol":{"l":{"25":0,"26":0,"27":0,"29":0,"30":0,"34":0,"35":0,"36":0,"38":0,"39":0,"41":0,"47":0,"48":0,"49":0,"50":0,"51":0,"58":0,"59":0,"60":0,"61":0,"62":0,"65":0,"66":0,"68":0,"69":0,"70":0,"71":0,"72":0,"73":0,"74":0,"75":0,"79":0,"86":0,"87":0,"88":0,"89":0,"92":0,"96":0,"97":0,"98":0,"99":0,"102":0,"106":0,"107":0,"109":0,"113":0,"114":0,"115":0,"118":0,"124":0,"125":0,"126":0,"127":0,"129":0,"130":0,"131":0,"137":0,"138":0,"139":0,"140":0,"146":0,"147":0,"148":0,"149":0,"150":0,"153":0,"154":0,"155":0,"156":0,"157":0,"160":0},"path":"C:\\Users\\alok2\\Downloads\\work3\\uniswapv3_attempt2\\defi_orders\\contracts\\libraries\\Conversions.sol","s":{"1":0,"2":0,"3":0,"4":0,"5":0,"6":0,"7":0,"8":0,"9":0,"10":0,"11":0,"12":0,"13":0,"14":0,"15":0,"16":0,"17":0,"18":0,"19":0,"20":0,"21":0,"22":0,"23":0,"24":0,"25":0,"26":0,"27":0,"28":0,"29":0,"30":0,"31":0,"32":0,"33":0,"34":0,"35":0,"36":0,"37":0,"38":0,"39":0,"40":0,"41":0,"42":0,"43":0,"44":0,"45":0,"46":0,"47":0,"48":0,"49":0,"50":0,"51":0,"52":0,"53":0},"b":{"1":[0,0],"2":[0,0],"3":[0,0],"4":[0,0],"5":[0,0],"6":[0,0],"7":[0,0],"8":[0,0],"9":[0,0],"10":[0,0],"11":[0,0],"12":[0,0],"13":[0,0],"14":[0,0],"15":[0,0],"16":[0,0],"17":[0,0]},"f":{"1":0,"2":0,"3":0,"4":0,"5":0,"6":0,"7":0,"8":0,"9":0,"10":0,"11":0},"fnMap":{"1":{"name":"append","line":21,"loc":{"start":{"line":21,"column":4},"end":{"line":31,"column":4}}},"2":{"name":"concat","line":33,"loc":{"start":{"line":33,"column":4},"end":{"line":42,"column":4}}},"3":{"name":"getUnderlying","line":44,"loc":{"start":{"line":44,"column":4},"end":{"line":55,"column":4}}},"4":{"name":"findAllBasic","line":57,"loc":{"start":{"line":57,"column":4},"end":{"line":80,"column":4}}},"5":{"name":"findAllWithUnderlying","line":82,"loc":{"start":{"line":82,"column":4},"end":{"line":93,"column":4}}},"6":{"name":"findUnderlyingOrFinal","line":95,"loc":{"start":{"line":95,"column":4},"end":{"line":103,"column":4}}},"7":{"name":"_isBasic","line":105,"loc":{"start":{"line":105,"column":4},"end":{"line":110,"column":4}}},"8":{"name":"sumAll","line":112,"loc":{"start":{"line":112,"column":4},"end":{"line":121,"column":4}}},"9":{"name":"sumPrior","line":123,"loc":{"start":{"line":123,"column":4},"end":{"line":134,"column":4}}},"10":{"name":"sumAfter","line":136,"loc":{"start":{"line":136,"column":4},"end":{"line":143,"column":4}}},"11":{"name":"normalizeRatios","line":145,"loc":{"start":{"line":145,"column":4},"end":{"line":161,"column":4}}}},"statementMap":{"1":{"start":{"line":25,"column":8},"end":{"line":25,"column":72}},"2":{"start":{"line":26,"column":8},"end":{"line":26,"column":678}},"3":{"start":{"line":30,"column":8},"end":{"line":30,"column":23}},"4":{"start":{"line":34,"column":8},"end":{"line":34,"column":83}},"5":{"start":{"line":35,"column":8},"end":{"line":35,"column":1055}},"6":{"start":{"line":38,"column":8},"end":{"line":38,"column":1152}},"7":{"start":{"line":41,"column":8},"end":{"line":41,"column":23}},"8":{"start":{"line":47,"column":8},"end":{"line":47,"column":1453}},"9":{"start":{"line":48,"column":12},"end":{"line":48,"column":1513}},"10":{"start":{"line":49,"column":16},"end":{"line":49,"column":1591}},"11":{"start":{"line":58,"column":8},"end":{"line":58,"column":32}},"12":{"start":{"line":59,"column":8},"end":{"line":59,"column":27}},"13":{"start":{"line":60,"column":8},"end":{"line":60,"column":2027}},"14":{"start":{"line":61,"column":12},"end":{"line":61,"column":2087}},"15":{"start":{"line":65,"column":8},"end":{"line":65,"column":2221}},"16":{"start":{"line":66,"column":12},"end":{"line":66,"column":26}},"17":{"start":{"line":69,"column":8},"end":{"line":69,"column":29}},"18":{"start":{"line":70,"column":8},"end":{"line":70,"column":2368}},"19":{"start":{"line":71,"column":12},"end":{"line":71,"column":2428}},"20":{"start":{"line":74,"column":16},"end":{"line":74,"column":2592}},"21":{"start":{"line":75,"column":20},"end":{"line":75,"column":34}},"22":{"start":{"line":79,"column":8},"end":{"line":79,"column":22}},"23":{"start":{"line":86,"column":8},"end":{"line":86,"column":32}},"24":{"start":{"line":87,"column":8},"end":{"line":87,"column":2913}},"25":{"start":{"line":88,"column":12},"end":{"line":88,"column":2973}},"26":{"start":{"line":92,"column":8},"end":{"line":92,"column":22}},"27":{"start":{"line":96,"column":8},"end":{"line":96,"column":32}},"28":{"start":{"line":97,"column":8},"end":{"line":97,"column":3275}},"29":{"start":{"line":98,"column":12},"end":{"line":98,"column":3335}},"30":{"start":{"line":102,"column":8},"end":{"line":102,"column":22}},"31":{"start":{"line":106,"column":8},"end":{"line":106,"column":3613}},"32":{"start":{"line":107,"column":12},"end":{"line":107,"column":107}},"33":{"start":{"line":107,"column":95},"end":{"line":107,"column":107}},"34":{"start":{"line":109,"column":8},"end":{"line":109,"column":19}},"35":{"start":{"line":113,"column":8},"end":{"line":113,"column":3925}},"36":{"start":{"line":114,"column":12},"end":{"line":114,"column":78}},"37":{"start":{"line":115,"column":12},"end":{"line":115,"column":4072}},"38":{"start":{"line":124,"column":8},"end":{"line":124,"column":4439}},"39":{"start":{"line":125,"column":12},"end":{"line":125,"column":4492}},"40":{"start":{"line":129,"column":12},"end":{"line":129,"column":78}},"41":{"start":{"line":130,"column":12},"end":{"line":130,"column":4713}},"42":{"start":{"line":137,"column":8},"end":{"line":137,"column":4997}},"43":{"start":{"line":138,"column":12},"end":{"line":138,"column":78}},"44":{"start":{"line":139,"column":12},"end":{"line":139,"column":5146}},"45":{"start":{"line":146,"column":8},"end":{"line":146,"column":5410}},"46":{"start":{"line":147,"column":12},"end":{"line":147,"column":5470}},"47":{"start":{"line":148,"column":16},"end":{"line":148,"column":68}},"48":{"start":{"line":149,"column":16},"end":{"line":149,"column":70}},"49":{"start":{"line":153,"column":8},"end":{"line":153,"column":5805}},"50":{"start":{"line":154,"column":12},"end":{"line":154,"column":5865}},"51":{"start":{"line":155,"column":16},"end":{"line":155,"column":67}},"52":{"start":{"line":156,"column":16},"end":{"line":156,"column":70}},"53":{"start":{"line":160,"column":8},"end":{"line":160,"column":19}}},"branchMap":{"1":{"line":49,"type":"if","locations":[{"start":{"line":49,"column":16},"end":{"line":49,"column":16}},{"start":{"line":49,"column":16},"end":{"line":49,"column":16}}]},"2":{"line":61,"type":"if","locations":[{"start":{"line":61,"column":12},"end":{"line":61,"column":12}},{"start":{"line":61,"column":12},"end":{"line":61,"column":12}}]},"3":{"line":65,"type":"if","locations":[{"start":{"line":65,"column":8},"end":{"line":65,"column":8}},{"start":{"line":65,"column":8},"end":{"line":65,"column":8}}]},"4":{"line":71,"type":"if","locations":[{"start":{"line":71,"column":12},"end":{"line":71,"column":12}},{"start":{"line":71,"column":12},"end":{"line":71,"column":12}}]},"5":{"line":74,"type":"if","locations":[{"start":{"line":74,"column":16},"end":{"line":74,"column":16}},{"start":{"line":74,"column":16},"end":{"line":74,"column":16}}]},"6":{"line":88,"type":"if","locations":[{"start":{"line":88,"column":12},"end":{"line":88,"column":12}},{"start":{"line":88,"column":12},"end":{"line":88,"column":12}}]},"7":{"line":98,"type":"if","locations":[{"start":{"line":98,"column":12},"end":{"line":98,"column":12}},{"start":{"line":98,"column":12},"end":{"line":98,"column":12}}]},"8":{"line":98,"type":"cond-expr","locations":[{"start":{"line":98,"column":16},"end":{"line":98,"column":47}},{"start":{"line":98,"column":52},"end":{"line":98,"column":80}}]},"9":{"line":107,"type":"if","locations":[{"start":{"line":107,"column":12},"end":{"line":107,"column":12}},{"start":{"line":107,"column":12},"end":{"line":107,"column":12}}]},"10":{"line":115,"type":"if","locations":[{"start":{"line":115,"column":12},"end":{"line":115,"column":12}},{"start":{"line":115,"column":12},"end":{"line":115,"column":12}}]},"11":{"line":125,"type":"if","locations":[{"start":{"line":125,"column":12},"end":{"line":125,"column":12}},{"start":{"line":125,"column":12},"end":{"line":125,"column":12}}]},"12":{"line":130,"type":"if","locations":[{"start":{"line":130,"column":12},"end":{"line":130,"column":12}},{"start":{"line":130,"column":12},"end":{"line":130,"column":12}}]},"13":{"line":139,"type":"if","locations":[{"start":{"line":139,"column":12},"end":{"line":139,"column":12}},{"start":{"line":139,"column":12},"end":{"line":139,"column":12}}]},"14":{"line":148,"type":"if","locations":[{"start":{"line":148,"column":16},"end":{"line":148,"column":16}},{"start":{"line":148,"column":16},"end":{"line":148,"column":16}}]},"15":{"line":150,"type":"if","locations":[{"start":{"line":150,"column":56},"end":{"line":150,"column":97}},{"start":{"line":150,"column":101},"end":{"line":150,"column":104}}]},"16":{"line":155,"type":"if","locations":[{"start":{"line":155,"column":16},"end":{"line":155,"column":16}},{"start":{"line":155,"column":16},"end":{"line":155,"column":16}}]},"17":{"line":157,"type":"if","locations":[{"start":{"line":157,"column":56},"end":{"line":157,"column":97}},{"start":{"line":157,"column":101},"end":{"line":157,"column":104}}]}}},"contracts\\libraries\\Math.sol":{"l":{"6":0,"10":0,"15":0,"16":0,"17":0,"18":0,"19":0,"20":0,"23":0},"path":"C:\\Users\\alok2\\Downloads\\work3\\uniswapv3_attempt2\\defi_orders\\contracts\\libraries\\Math.sol","s":{"1":0,"2":0,"3":0,"4":0},"b":{"1":[0,0],"2":[0,0],"3":[0,0],"4":[0,0]},"f":{"1":0,"2":0,"3":0},"fnMap":{"1":{"name":"min","line":5,"loc":{"start":{"line":5,"column":4},"end":{"line":7,"column":4}}},"2":{"name":"max","line":9,"loc":{"start":{"line":9,"column":4},"end":{"line":11,"column":4}}},"3":{"name":"sqrt","line":14,"loc":{"start":{"line":14,"column":4},"end":{"line":25,"column":4}}}},"statementMap":{"1":{"start":{"line":15,"column":8},"end":{"line":15,"column":471}},"2":{"start":{"line":17,"column":12},"end":{"line":17,"column":30}},"3":{"start":{"line":18,"column":12},"end":{"line":18,"column":551}},"4":{"start":{"line":22,"column":15},"end":{"line":22,"column":652}}},"branchMap":{"1":{"line":6,"type":"if","locations":[{"start":{"line":6,"column":20},"end":{"line":6,"column":20}},{"start":{"line":6,"column":24},"end":{"line":6,"column":24}}]},"2":{"line":10,"type":"if","locations":[{"start":{"line":10,"column":20},"end":{"line":10,"column":20}},{"start":{"line":10,"column":24},"end":{"line":10,"column":24}}]},"3":{"line":15,"type":"if","locations":[{"start":{"line":15,"column":8},"end":{"line":15,"column":8}},{"start":{"line":15,"column":8},"end":{"line":15,"column":8}}]},"4":{"line":22,"type":"if","locations":[{"start":{"line":22,"column":15},"end":{"line":22,"column":15}},{"start":{"line":22,"column":15},"end":{"line":22,"column":15}}]}}},"contracts\\libraries\\SaferERC20.sol":{"l":{"21":0,"25":0,"39":0,"43":0,"44":0,"45":0,"46":0,"47":0,"48":0,"49":0,"55":0,"68":0,"69":0,"70":0,"71":0},"path":"C:\\Users\\alok2\\Downloads\\work3\\uniswapv3_attempt2\\defi_orders\\contracts\\libraries\\SaferERC20.sol","s":{"1":0,"2":0,"3":0,"4":0,"5":0,"6":0,"7":0,"8":0,"9":0,"10":0,"11":0,"12":0,"13":0,"14":0,"15":0},"b":{"1":[0,0],"2":[0,0],"3":[0,0]},"f":{"1":0,"2":0,"3":0,"4":0,"5":0,"6":0},"fnMap":{"1":{"name":"safeTransfer","line":20,"loc":{"start":{"line":20,"column":4},"end":{"line":22,"column":4}}},"2":{"name":"safeTransferFrom","line":24,"loc":{"start":{"line":24,"column":4},"end":{"line":26,"column":4}}},"3":{"name":"safeApprove","line":35,"loc":{"start":{"line":35,"column":4},"end":{"line":40,"column":4}}},"4":{"name":"safeIncreaseAllowance","line":42,"loc":{"start":{"line":42,"column":4},"end":{"line":52,"column":4}}},"5":{"name":"safeDecreaseAllowance","line":54,"loc":{"start":{"line":54,"column":4},"end":{"line":56,"column":4}}},"6":{"name":"safePermit","line":58,"loc":{"start":{"line":58,"column":4},"end":{"line":72,"column":4}}}},"statementMap":{"1":{"start":{"line":21,"column":8},"end":{"line":21,"column":36}},"2":{"start":{"line":25,"column":8},"end":{"line":25,"column":46}},"3":{"start":{"line":39,"column":8},"end":{"line":39,"column":40}},"4":{"start":{"line":43,"column":8},"end":{"line":43,"column":71}},"5":{"start":{"line":44,"column":8},"end":{"line":44,"column":55}},"6":{"start":{"line":45,"column":8},"end":{"line":45,"column":117}},"7":{"start":{"line":46,"column":8},"end":{"line":46,"column":1919}},"8":{"start":{"line":47,"column":12},"end":{"line":47,"column":1951}},"9":{"start":{"line":48,"column":16},"end":{"line":48,"column":69}},"10":{"start":{"line":49,"column":16},"end":{"line":49,"column":48}},"11":{"start":{"line":55,"column":8},"end":{"line":55,"column":50}},"12":{"start":{"line":68,"column":8},"end":{"line":68,"column":49}},"13":{"start":{"line":69,"column":8},"end":{"line":69,"column":61}},"14":{"start":{"line":70,"column":8},"end":{"line":70,"column":48}},"15":{"start":{"line":71,"column":8},"end":{"line":71,"column":82}}},"branchMap":{"1":{"line":46,"type":"if","locations":[{"start":{"line":46,"column":8},"end":{"line":46,"column":8}},{"start":{"line":46,"column":8},"end":{"line":46,"column":8}}]},"2":{"line":47,"type":"if","locations":[{"start":{"line":47,"column":12},"end":{"line":47,"column":12}},{"start":{"line":47,"column":12},"end":{"line":47,"column":12}}]},"3":{"line":71,"type":"if","locations":[{"start":{"line":71,"column":8},"end":{"line":71,"column":8}},{"start":{"line":71,"column":8},"end":{"line":71,"column":8}}]}}},"contracts\\libraries\\StringArray.sol":{"l":{"6":0,"7":0,"8":0,"10":0,"11":0,"13":0,"17":0,"18":0,"19":0,"21":0,"22":0},"path":"C:\\Users\\alok2\\Downloads\\work3\\uniswapv3_attempt2\\defi_orders\\contracts\\libraries\\StringArray.sol","s":{"1":0,"2":0,"3":0,"4":0,"5":0,"6":0,"7":0},"b":{},"f":{"1":0,"2":0},"fnMap":{"1":{"name":"concat","line":5,"loc":{"start":{"line":5,"column":4},"end":{"line":14,"column":4}}},"2":{"name":"append","line":16,"loc":{"start":{"line":16,"column":4},"end":{"line":23,"column":4}}}},"statementMap":{"1":{"start":{"line":6,"column":8},"end":{"line":6,"column":75}},"2":{"start":{"line":7,"column":8},"end":{"line":7,"column":294}},"3":{"start":{"line":10,"column":8},"end":{"line":10,"column":388}},"4":{"start":{"line":13,"column":8},"end":{"line":13,"column":23}},"5":{"start":{"line":17,"column":8},"end":{"line":17,"column":64}},"6":{"start":{"line":18,"column":8},"end":{"line":18,"column":703}},"7":{"start":{"line":22,"column":8},"end":{"line":22,"column":23}}},"branchMap":{}},"contracts\\libraries\\SwapFinder.sol":{"l":{"23":0,"24":0,"25":0,"26":0,"27":0,"28":0,"29":0,"30":0,"33":0,"34":0,"42":0,"43":0,"44":0,"46":0,"47":0,"70":0,"71":0,"76":0,"77":0,"82":0,"83":0,"87":0,"88":0,"89":0,"91":0,"93":0,"94":0,"95":0,"98":0,"101":0,"102":0,"103":0,"104":0,"105":0,"106":0,"107":0,"108":0,"111":0,"112":0,"113":0,"114":0,"117":0,"118":0,"119":0,"120":0,"121":0,"122":0,"125":0,"126":0,"128":0,"132":0,"133":0,"134":0,"135":0,"136":0,"137":0,"138":0,"139":0,"140":0,"142":0,"147":0,"148":0},"path":"C:\\Users\\alok2\\Downloads\\work3\\uniswapv3_attempt2\\defi_orders\\contracts\\libraries\\SwapFinder.sol","s":{"1":0,"2":0,"3":0,"4":0,"5":0,"6":0,"7":0,"8":0,"9":0,"10":0,"11":0,"12":0,"13":0,"14":0,"15":0,"16":0,"17":0,"18":0,"19":0,"20":0,"21":0,"22":0,"23":0,"24":0,"25":0,"26":0,"27":0,"28":0,"29":0,"30":0,"31":0,"32":0,"33":0,"34":0,"35":0,"36":0,"37":0},"b":{"1":[0,0],"2":[0,0],"3":[0,0],"4":[0,0],"5":[0,0],"6":[0,0],"7":[0,0],"8":[0,0]},"f":{"1":0,"2":0,"3":0,"4":0,"5":0},"fnMap":{"1":{"name":"sort","line":22,"loc":{"start":{"line":22,"column":4},"end":{"line":36,"column":4}}},"2":{"name":"append","line":38,"loc":{"start":{"line":38,"column":4},"end":{"line":48,"column":4}}},"3":{"name":"findBestSwaps","line":62,"loc":{"start":{"line":62,"column":4},"end":{"line":
[...]
":154,"column":8},"end":{"line":154,"column":24}},"31":{"start":{"line":155,"column":8},"end":{"line":155,"column":29}},"32":{"start":{"line":156,"column":8},"end":{"line":156,"column":25}},"33":{"start":{"line":157,"column":8},"end":{"line":157,"column":30}},"34":{"start":{"line":158,"column":8},"end":{"line":158,"column":6789}},"35":{"start":{"line":159,"column":12},"end":{"line":159,"column":6851}},"36":{"start":{"line":164,"column":8},"end":{"line":164,"column":7004}},"37":{"start":{"line":165,"column":12},"end":{"line":165,"column":7067}},"38":{"start":{"line":185,"column":8},"end":{"line":185,"column":7849}},"39":{"start":{"line":188,"column":8},"end":{"line":188,"column":21}},"40":{"start":{"line":199,"column":8},"end":{"line":199,"column":73}},"41":{"start":{"line":200,"column":8},"end":{"line":200,"column":104}},"42":{"start":{"line":201,"column":8},"end":{"line":201,"column":89}},"43":{"start":{"line":202,"column":8},"end":{"line":202,"column":8585}},"44":{"start":{"line":219,"column":8},"end":{"line":219,"column":9163}},"45":{"start":{"line":222,"column":8},"end":{"line":222,"column":101}},"46":{"start":{"line":223,"column":8},"end":{"line":223,"column":63}},"47":{"start":{"line":224,"column":8},"end":{"line":224,"column":122}},"48":{"start":{"line":225,"column":8},"end":{"line":225,"column":113}},"49":{"start":{"line":226,"column":8},"end":{"line":226,"column":71}},"50":{"start":{"line":227,"column":8},"end":{"line":227,"column":62}},"51":{"start":{"line":228,"column":8},"end":{"line":228,"column":9855}},"52":{"start":{"line":229,"column":12},"end":{"line":229,"column":57}},"53":{"start":{"line":233,"column":12},"end":{"line":233,"column":60}},"54":{"start":{"line":238,"column":12},"end":{"line":238,"column":57}},"55":{"start":{"line":243,"column":12},"end":{"line":243,"column":60}},"56":{"start":{"line":255,"column":12},"end":{"line":255,"column":57}},"57":{"start":{"line":260,"column":12},"end":{"line":260,"column":60}},"58":{"start":{"line":272,"column":12},"end":{"line":272,"column":36}},"59":{"start":{"line":273,"column":12},"end":{"line":273,"column":41}},"60":{"start":{"line":274,"column":12},"end":{"line":274,"column":11727}},"61":{"start":{"line":305,"column":8},"end":{"line":305,"column":21}},"62":{"start":{"line":306,"column":8},"end":{"line":306,"column":27}},"63":{"start":{"line":307,"column":8},"end":{"line":307,"column":13064}},"64":{"start":{"line":308,"column":12},"end":{"line":308,"column":13124}},"65":{"start":{"line":313,"column":8},"end":{"line":313,"column":36}}},"branchMap":{"1":{"line":159,"type":"if","locations":[{"start":{"line":159,"column":12},"end":{"line":159,"column":12}},{"start":{"line":159,"column":12},"end":{"line":159,"column":12}}]},"2":{"line":165,"type":"if","locations":[{"start":{"line":165,"column":12},"end":{"line":165,"column":12}},{"start":{"line":165,"column":12},"end":{"line":165,"column":12}}]},"3":{"line":220,"type":"if","locations":[{"start":{"line":220,"column":14},"end":{"line":220,"column":43}},{"start":{"line":221,"column":14},"end":{"line":221,"column":104}}]},"4":{"line":274,"type":"if","locations":[{"start":{"line":274,"column":12},"end":{"line":274,"column":12}},{"start":{"line":274,"column":12},"end":{"line":274,"column":12}}]},"5":{"line":308,"type":"if","locations":[{"start":{"line":308,"column":12},"end":{"line":308,"column":12}},{"start":{"line":308,"column":12},"end":{"line":308,"column":12}}]}}},"contracts\\UniversalSwap\\UniversalSwap.sol":{"l":{"49":0,"50":0,"51":0,"52":0,"53":0,"54":0,"55":0,"56":0,"57":0,"58":0,"64":0,"68":0,"72":0,"77":0,"78":0,"79":0,"80":0,"81":0,"84":0,"89":0,"90":0,"91":0,"93":0,"94":0,"96":0,"104":0,"105":0,"106":0,"107":0,"113":0,"114":0,"115":0,"116":0,"121":0,"122":0,"123":0,"128":0,"129":0,"130":0,"131":0,"132":0,"133":0,"138":0,"139":0,"140":0,"145":0,"163":0,"164":0,"165":0,"168":0,"169":0,"170":0,"171":0,"173":0,"174":0,"184":0,"185":0,"186":0,"189":0,"190":0,"191":0,"192":0,"194":0,"213":0,"214":0,"215":0,"216":0,"222":0,"224":0,"225":0,"226":0,"241":0,"242":0,"243":0,"244":0,"252":0,"259":0,"271":0,"272":0,"273":0,"274":0,"275":0,"277":0,"280":0,"281":0,"282":0,"285":0,"286":0,"287":0,"288":0,"290":0,"291":0,"302":0,"303":0,"304":0,"305":0,"306":0,"308":0,"311":0,"312":0,"313":0,"316":0,"317":0,"318":0,"319":0,"321":0,"322":0,"330":0,"335":0,"340":0,"350":0,"351":0,"352":0,"353":0,"358":0,"363":0,"368":0},"path":"C:\\Users\\alok2\\Downloads\\work3\\uniswapv3_attempt2\\defi_orders\\contracts\\UniversalSwap\\UniversalSwap.sol","s":{"1":0,"2":0,"3":0,"4":0,"5":0,"6":0,"7":0,"8":0,"9":0,"10":0,"11":0,"12":0,"13":0,"14":0,"15":0,"16":0,"17":0,"18":0,"19":0,"20":0,"21":0,"22":0,"23":0,"24":0,"25":0,"26":0,"27":0,"28":0,"29":0,"30":0,"31":0,"32":0,"33":0,"34":0,"35":0,"36":0,"37":0,"38":0,"39":0,"40":0,"41":0,"42":0,"43":0,"44":0,"45":0,"46":0,"47":0,"48":0,"49":0,"50":0,"51":0,"52":0,"53":0,"54":0,"55":0,"56":0,"57":0,"58":0,"59":0,"60":0,"61":0,"62":0,"63":0,"64":0,"65":0,"66":0,"67":0,"68":0,"69":0,"70":0},"b":{"1":[0,0],"2":[0,0],"3":[0,0],"4":[0,0],"5":[0,0],"6":[0,0],"7":[0,0],"8":[0,0],"9":[0,0],"10":[0,0],"11":[0,0],"12":[0,0],"13":[0,0],"14":[0,0],"15":[0,0],"16":[0,0],"17":[0,0],"18":[0,0],"19":[0,0],"20":[0,0],"21":[0,0],"22":[0,0]},"f":{"1":0,"2":0,"3":0,"4":0,"5":0,"6":0,"7":0,"8":0,"9":0,"10":0,"11":0,"12":0,"13":0,"14":0,"15":0,"16":0,"17":0,"18":0,"19":0,"20":0,"21":0,"22":0,"23":0,"24":0,"25":0},"fnMap":{"1":{"name":"initialize","line":48,"loc":{"start":{"line":41,"column":4},"end":{"line":59,"column":4}}},"2":{"name":"getSwappers","line":63,"loc":{"start":{"line":63,"column":4},"end":{"line":65,"column":4}}},"3":{"name":"getPoolInteractors","line":67,"loc":{"start":{"line":67,"column":4},"end":{"line":69,"column":4}}},"4":{"name":"getNFTPoolInteractors","line":71,"loc":{"start":{"line":71,"column":4},"end":{"line":73,"column":4}}},"5":{"name":"isSimpleToken","line":76,"loc":{"start":{"line":76,"column":4},"end":{"line":85,"column":4}}},"6":{"name":"getProtocol","line":88,"loc":{"start":{"line":88,"column":4},"end":{"line":97,"column":4}}},"7":{"name":"getTokenValues","line":100,"loc":{"start":{"line":100,"column":4},"end":{"line":109,"column":4}}},"8":{"name":"estimateValue","line":112,"loc":{"start":{"line":112,"column":4},"end":{"line":117,"column":4}}},"9":{"name":"isSupported","line":120,"loc":{"start":{"line":120,"column":4},"end":{"line":124,"column":4}}},"10":{"name":"estimateValueERC20","line":127,"loc":{"start":{"line":127,"column":4},"end":{"line":134,"column":4}}},"11":{"name":"estimateValueERC721","line":137,"loc":{"start":{"line":137,"column":4},"end":{"line":141,"column":4}}},"12":{"name":"getUnderlying","line":144,"loc":{"start":{"line":144,"column":4},"end":{"line":146,"column":4}}},"13":{"name":"getAmountsOut","line":150,"loc":{"start":{"line":150,"column":4},"end":{"line":175,"column":4}}},"14":{"name":"getAmountsOutWithSwaps","line":178,"loc":{"start":{"line":178,"column":4},"end":{"line":195,"column":4}}},"15":{"name":"preSwapCalculateUnderlying","line":198,"loc":{"start":{"line":198,"column":4},"end":{"line":234,"column":4}}},"16":{"name":"preSwapCalculateSwaps","line":237,"loc":{"start":{"line":237,"column":4},"end":{"line":260,"column":4}}},"17":{"name":"swapAfterTransfer","line":264,"loc":{"start":{"line":264,"column":4},"end":{"line":292,"column":4}}},"18":{"name":"swap","line":295,"loc":{"start":{"line":295,"column":4},"end":{"line":323,"column":4}}},"19":{"name":"setSwappers","line":329,"loc":{"start":{"line":329,"column":4},"end":{"line":331,"column":4}}},"20":{"name":"setOracle","line":334,"loc":{"start":{"line":334,"column":4},"end":{"line":336,"column":4}}},"21":{"name":"setPoolInteractors","line":339,"loc":{"start":{"line":339,"column":4},"end":{"line":341,"column":4}}},"22":{"name":"setHelpers","line":349,"loc":{"start":{"line":344,"column":4},"end":{"line":354,"column":4}}},"23":{"name":"setNFTPoolInteractors","line":357,"loc":{"start":{"line":357,"column":4},"end":{"line":359,"column":4}}},"24":{"name":"setDevFee","line":362,"loc":{"start":{"line":362,"column":4},"end":{"line":364,"column":4}}},"25":{"name":"setTreasury","line":367,"loc":{"start":{"line":367,"column":4},"end":{"line":369,"column":4}}}},"statementMap":{"1":{"start":{"line":58,"column":8},"end":{"line":58,"column":23}},"2":{"start":{"line":64,"column":8},"end":{"line":64,"column":23}},"3":{"start":{"line":68,"column":8},"end":{"line":68,"column":30}},"4":{"start":{"line":72,"column":8},"end":{"line":72,"column":33}},"5":{"start":{"line":77,"column":8},"end":{"line":77,"column":69}},"6":{"start":{"line":77,"column":58},"end":{"line":77,"column":69}},"7":{"start":{"line":78,"column":8},"end":{"line":78,"column":56}},"8":{"start":{"line":78,"column":44},"end":{"line":78,"column":56}},"9":{"start":{"line":79,"column":8},"end":{"line":79,"column":2801}},"10":{"start":{"line":80,"column":12},"end":{"line":80,"column":2866}},"11":{"start":{"line":81,"column":16},"end":{"line":81,"column":27}},"12":{"start":{"line":84,"column":8},"end":{"line":84,"column":20}},"13":{"start":{"line":89,"column":8},"end":{"line":89,"column":75}},"14":{"start":{"line":89,"column":58},"end":{"line":89,"column":75}},"15":{"start":{"line":90,"column":8},"end":{"line":90,"column":3197}},"16":{"start":{"line":91,"column":12},"end":{"line":91,"column":99}},"17":{"start":{"line":91,"column":74},"end":{"line":91,"column":99}},"18":{"start":{"line":93,"column":8},"end":{"line":93,"column":3374}},"19":{"start":{"line":94,"column":12},"end":{"line":94,"column":108}},"20":{"start":{"line":94,"column":80},"end":{"line":94,"column":108}},"21":{"start":{"line":96,"column":8},"end":{"line":96,"column":25}},"22":{"start":{"line":105,"column":8},"end":{"line":105,"column":3857}},"23":{"start":{"line":113,"column":8},"end":{"line":113,"column":105}},"24":{"start":{"line":114,"column":8},"end":{"line":114,"column":59}},"25":{"start":{"line":116,"column":8},"end":{"line":116,"column":20}},"26":{"start":{"line":121,"column":8},"end":{"line":121,"column":45}},"27":{"start":{"line":121,"column":34},"end":{"line":121,"column":45}},"28":{"start":{"line":122,"column":8},"end":{"line":122,"column":57}},"29":{"start":{"line":122,"column":46},"end":{"line":122,"column":57}},"30":{"start":{"line":123,"column":8},"end":{"line":123,"column":20}},"31":{"start":{"line":128,"column":8},"end":{"line":128,"column":50}},"32":{"start":{"line":129,"column":8},"end":{"line":129,"column":51}},"33":{"start":{"line":132,"column":8},"end":{"line":132,"column":73}},"34":{"start":{"line":133,"column":8},"end":{"line":133,"column":46}},"35":{"start":{"line":138,"column":8},"end":{"line":138,"column":46}},"36":{"start":{"line":140,"column":8},"end":{"line":140,"column":93}},"37":{"start":{"line":145,"column":8},"end":{"line":145,"column":60}},"38":{"start":{"line":163,"column":8},"end":{"line":163,"column":6280}},"39":{"start":{"line":164,"column":12},"end":{"line":164,"column":6352}},"40":{"start":{"line":170,"column":8},"end":{"line":170,"column":6610}},"41":{"start":{"line":184,"column":8},"end":{"line":184,"column":7243}},"42":{"start":{"line":185,"column":12},"end":{"line":185,"column":7315}},"43":{"start":{"line":191,"column":8},"end":{"line":191,"column":7573}},"44":{"start":{"line":213,"column":8},"end":{"line":213,"column":26}},"45":{"start":{"line":214,"column":8},"end":{"line":214,"column":41}},"46":{"start":{"line":216,"column":8},"end":{"line":216,"column":8400}},"47":{"start":{"line":222,"column":8},"end":{"line":222,"column":8635}},"48":{"start":{"line":226,"column":8},"end":{"line":226,"column":8928}},"49":{"start":{"line":241,"column":8},"end":{"line":241,"column":41}},"50":{"start":{"line":242,"column":8},"end":{"line":242,"column":45}},"51":{"start":{"line":243,"column":8},"end":{"line":243,"column":51}},"52":{"start":{"line":259,"column":8},"end":{"line":259,"column":35}},"53":{"start":{"line":271,"column":8},"end":{"line":271,"column":60}},"54":{"start":{"line":272,"column":8},"end":{"line":272,"column":69}},"55":{"start":{"line":273,"column":8},"end":{"line":273,"column":10544}},"56":{"start":{"line":277,"column":8},"end":{"line":277,"column":10764}},"57":{"start":{"line":285,"column":8},"end":{"line":285,"column":64}},"58":{"start":{"line":286,"column":8},"end":{"line":286,"column":79}},"59":{"start":{"line":287,"column":8},"end":{"line":287,"column":11421}},"60":{"start":{"line":290,"column":8},"end":{"line":290,"column":87}},"61":{"start":{"line":291,"column":8},"end":{"line":291,"column":28}},"62":{"start":{"line":302,"column":8},"end":{"line":302,"column":60}},"63":{"start":{"line":303,"column":8},"end":{"line":303,"column":69}},"64":{"start":{"line":304,"column":8},"end":{"line":304,"column":12095}},"65":{"start":{"line":308,"column":8},"end":{"line":308,"column":12315}},"66":{"start":{"line":316,"column":8},"end":{"line":316,"column":64}},"67":{"start":{"line":317,"column":8},"end":{"line":317,"column":79}},"68":{"start":{"line":318,"column":8},"end":{"line":318,"column":12976}},"69":{"start":{"line":321,"column":8},"end":{"line":321,"column":87}},"70":{"start":{"line":322,"column":8},"end":{"line":322,"column":28}}},"branchMap":{"1":{"line":48,"type":"if","locations":[{"start":{"line":48,"column":13},"end":{"line":48,"column":13}},{"start":{"line":48,"column":13},"end":{"line":48,"column":13}}]},"2":{"line":77,"type":"if","locations":[{"start":{"line":77,"column":8},"end":{"line":77,"column":8}},{"start":{"line":77,"column":8},"end":{"line":77,"column":8}}]},"3":{"line":77,"type":"cond-expr","locations":[{"start":{"line":77,"column":12},"end":{"line":77,"column":32}},{"start":{"line":77,"column":37},"end":{"line":77,"column":55}}]},"4":{"line":78,"type":"if","locations":[{"start":{"line":78,"column":8},"end":{"line":78,"column":8}},{"start":{"line":78,"column":8},"end":{"line":78,"column":8}}]},"5":{"line":80,"type":"if","locations":[{"start":{"line":80,"column":12},"end":{"line":80,"column":12}},{"start":{"line":80,"column":12},"end":{"line":80,"column":12}}]},"6":{"line":89,"type":"if","locations":[{"start":{"line":89,"column":8},"end":{"line":89,"column":8}},{"start":{"line":89,"column":8},"end":{"line":89,"column":8}}]},"7":{"line":89,"type":"cond-expr","locations":[{"start":{"line":89,"column":12},"end":{"line":89,"column":32}},{"start":{"line":89,"column":37},"end":{"line":89,"column":55}}]},"8":{"line":91,"type":"if","locations":[{"start":{"line":91,"column":12},"end":{"line":91,"column":12}},{"start":{"line":91,"column":12},"end":{"line":91,"column":12}}]},"9":{"line":94,"type":"if","locations":[{"start":{"line":94,"column":12},"end":{"line":94,"column":12}},{"start":{"line":94,"column":12},"end":{"line":94,"column":12}}]},"10":{"line":121,"type":"if","locations":[{"start":{"line":121,"column":8},"end":{"line":121,"column":8}},{"start":{"line":121,"column":8},"end":{"line":121,"column":8}}]},"11":{"line":122,"type":"if","locations":[{"start":{"line":122,"column":8},"end":{"line":122,"column":8}},{"start":{"line":122,"column":8},"end":{"line":122,"column":8}}]},"12":{"line":164,"type":"if","locations":[{"start":{"line":164,"column":12},"end":{"line":164,"column":12}},{"start":{"line":164,"column":12},"end":{"line":164,"column":12}}]},"13":{"line":185,"type":"if","locations":[{"start":{"line":185,"column":12},"end":{"line":185,"column":12}},{"start":{"line":185,"column":12},"end":{"line":185,"column":12}}]},"14":{"line":273,"type":"if","locations":[{"start":{"line":273,"column":8},"end":{"line":273,"column":8}},{"start":{"line":273,"column":8},"end":{"line":273,"column":8}}]},"15":{"line":304,"type":"if","locations":[{"start":{"line":304,"column":8},"end":{"line":304,"column":8}},{"start":{"line":304,"column":8},"end":{"line":304,"column":8}}]},"16":{"line":329,"type":"if","locations":[{"start":{"line":329,"column":64},"end":{"line":329,"column":64}},{"start":{"line":329,"column":64},"end":{"line":329,"column":64}}]},"17":{"line":334,"type":"if","locations":[{"start":{"line":334,"column":49},"end":{"line":334,"column":49}},{"start":{"line":334,"column":49},"end":{"line":334,"column":49}}]},"18":{"line":339,"type":"if","locations":[{"start":{"line":339,"column":78},"end":{"line":339,"column":78}},{"start":{"line":339,"column":78},"end":{"line":339,"column":78}}]},"19":{"line":349,"type":"if","locations":[{"start":{"line":349,"column":15},"end":{"line":349,"column":15}},{"start":{"line":349,"column":15},"end":{"line":349,"column":15}}]},"20":{"line":357,"type":"if","locations":[{"start":{"line":357,"column":84},"end":{"line":357,"column":84}},{"start":{"line":357,"column":84},"end":{"line":357,"column":84}}]},"21":{"line":362,"type":"if","locations":[{"start":{"line":362,"column":43},"end":{"line":362,"column":43}},{"start":{"line":362,"column":43},"end":{"line":362,"column":43}}]},"22":{"line":367,"type":"if","locations":[{"start":{"line":367,"column":53},"end":{"line":367,"column":53}},{"start":{"line":367,"column":53},"end":{"line":367,"column":53}}]}}},"contracts\\utils\\OwnableUpgradeable.sol":{"l":{"30":0,"34":0,"41":0,"42":0,"49":0,"56":0,"67":0,"75":0,"76":0,"84":0,"85":0,"86":0},"path":"C:\\Users\\alok2\\Downloads\\work3\\uniswapv3_attempt2\\defi_orders\\contracts\\utils\\OwnableUpgradeable.sol","s":{"1":0,"2":0,"3":0,"4":0,"5":0,"6":0,"7":0,"8":0,"9":0,"10":0},"b":{"1":[0,0],"2":[0,0],"3":[0,0],"4":[0,0],"5":[0,0],"6":[0,0]},"f":{"1":0,"2":0,"3":0,"4":0,"5":0,"6":0,"7":0,"8":0},"fnMap":{"1":{"name":"__Ownable_init","line":29,"loc":{"start":{"line":29,"column":4},"end":{"line":31,"column":4}}},"2":{"name":"__Ownable_init_unchained","line":33,"loc":{"start":{"line":33,"column":4},"end":{"line":35,"column":4}}},"3":{"name":"onlyOwner","line":40,"loc":{"start":{"line":40,"column":4},"end":{"line":43,"column":4}}},"4":{"name":"currentOwner","line":48,"loc":{"start":{"line":48,"column":4},"end":{"line":50,"column":4}}},"5":{"name":"_checkOwner","line":55,"loc":{"start":{"line":55,"column":4},"end":{"line":57,"column":4}}},"6":{"name":"renounceOwnership","line":66,"loc":{"start":{"line":66,"column":4},"end":{"line":68,"column":4}}},"7":{"name":"transferOwnership","line":74,"loc":{"start":{"line":74,"column":4},"end":{"line":77,"column":4}}},"8":{"name":"_transferOwnership","line":83,"loc":{"start":{"line":83,"column":4},"end":{"line":87,"column":4}}}},"statementMap":{"1":{"start":{"line":30,"column":8},"end":{"line":30,"column":33}},"2":{"start":{"line":34,"column":8},"end":{"line":34,"column":39}},"3":{"start":{"line":41,"column":8},"end":{"line":41,"column":20}},"4":{"start":{"line":49,"column":8},"end":{"line":49,"column":21}},"5":{"start":{"line":56,"column":8},"end":{"line":56,"column":82}},"6":{"start":{"line":67,"column":8},"end":{"line":67,"column":37}},"7":{"start":{"line":75,"column":8},"end":{"line":75,"column":80}},"8":{"start":{"line":76,"column":8},"end":{"line":76,"column":35}},"9":{"start":{"line":84,"column":8},"end":{"line":84,"column":33}},"10":{"start":{"line":86,"column":8},"end":{"line":86,"column":53}}},"branchMap":{"1":{"line":29,"type":"if","locations":[{"start":{"line":29,"column":39},"end":{"line":29,"column":39}},{"start":{"line":29,"column":39},"end":{"line":29,"column":39}}]},"2":{"line":33,"type":"if","locations":[{"start":{"line":33,"column":49},"end":{"line":33,"column":49}},{"start":{"line":33,"column":49},"end":{"line":33,"column":49}}]},"3":{"line":56,"type":"if","locations":[{"start":{"line":56,"column":8},"end":{"line":56,"column":8}},{"start":{"line":56,"column":8},"end":{"line":56,"column":8}}]},"4":{"line":66,"type":"if","locations":[{"start":{"line":66,"column":48},"end":{"line":66,"column":48}},{"start":{"line":66,"column":48},"end":{"line":66,"column":48}}]},"5":{"line":74,"type":"if","locations":[{"start":{"line":74,"column":64},"end":{"line":74,"column":64}},{"start":{"line":74,"column":64},"end":{"line":74,"column":64}}]},"6":{"line":75,"type":"if","locations":[{"start":{"line":75,"column":8},"end":{"line":75,"column":8}},{"start":{"line":75,"column":8},"end":{"line":75,"column":8}}]}}}}